<?xml version="1.0" encoding="UTF-8"?>
<robot generator="Robot 6.0.2 (Python 3.9.16 on linux)" generated="20230207 18:22:48.080" rpa="true" schemaversion="3">
<suite id="s1" name="FindRecipe" source="/home/larober/PycharmProjects/Robotframework/RoboRecipes/FindRecipe.robot">
<test id="s1-t1" name="Search For A Recipe" line="12">
<kw name="Ask User For Recipe">
<var>${recipe}</var>
<kw name="Get Value From User" library="Dialogs">
<var>${recipe}</var>
<arg>What recipe are you looking for?</arg>
<doc>Pauses execution and asks user to input a value.</doc>
<msg timestamp="20230207 18:23:03.114" level="INFO">${recipe} = panettone</msg>
<status status="PASS" starttime="20230207 18:22:49.339" endtime="20230207 18:23:03.114"/>
</kw>
<kw name="Log" library="BuiltIn">
<arg>${recipe}</arg>
<doc>Logs the given message with the given level.</doc>
<msg timestamp="20230207 18:23:03.116" level="INFO">panettone</msg>
<status status="PASS" starttime="20230207 18:23:03.115" endtime="20230207 18:23:03.116"/>
</kw>
<return>
<value>${recipe}</value>
<status status="PASS" starttime="20230207 18:23:03.121" endtime="20230207 18:23:03.121"/>
</return>
<msg timestamp="20230207 18:23:03.123" level="INFO">${recipe} = panettone</msg>
<status status="PASS" starttime="20230207 18:22:49.338" endtime="20230207 18:23:03.123"/>
</kw>
<kw name="Open Page To Search For A Recipe">
<arg>${recipe}</arg>
<kw name="New Browser" library="Browser">
<arg>browser=Chromium</arg>
<arg>headless=False</arg>
<tag>BrowserControl</tag>
<tag>Setter</tag>
<doc>Create a new playwright Browser with specified options.</doc>
<msg timestamp="20230207 18:23:03.142" level="INFO">{"browser": "chromium", "headless": false, "devtools": false, "handleSIGHUP": true, "handleSIGINT": true, "handleSIGTERM": true, "slowMo": 0.0, "timeout": 30000.0, "deprecated_pos_args": [], "tracesDir": "/home/larober/PycharmProjects/Robotframework/RoboRecipes/browser/traces/e2578d20-acd4-4ec9-8d1a-63f8d7c2d49d"}</msg>
<msg timestamp="20230207 18:23:03.672" level="INFO">Successfully created browser with options: {"browser":"chromium","headless":false,"devtools":false,"handleSIGHUP":true,"handleSIGINT":true,"handleSIGTERM":true,"slowMo":0,"timeout":30000,"deprecated_pos_args":[],"tracesDir":"/home/larober/PycharmProjects/Robotframework/RoboRecipes/browser/traces/e2578d20-acd4-4ec9-8d1a-63f8d7c2d49d"}</msg>
<status status="PASS" starttime="20230207 18:23:03.129" endtime="20230207 18:23:03.672"/>
</kw>
<kw name="Set Browser Timeout" library="Browser">
<arg>2m</arg>
<tag>Config</tag>
<tag>Setter</tag>
<doc>Sets the timeout used by most input and getter keywords.</doc>
<msg timestamp="20230207 18:23:03.677" level="INFO">No context open.</msg>
<status status="PASS" starttime="20230207 18:23:03.672" endtime="20230207 18:23:03.677"/>
</kw>
<kw name="New Page" library="Browser">
<arg>https://www.chainbaker.com/?s=${recipe}</arg>
<tag>BrowserControl</tag>
<tag>Setter</tag>
<doc>Open a new Page.</doc>
<msg timestamp="20230207 18:23:09.494" level="INFO">Successfully initialized new page object and opened url: https://www.chainbaker.com/?s=panettone</msg>
<msg timestamp="20230207 18:23:09.494" level="INFO">No context was open. New context was automatically opened when this page is created.</msg>
<status status="PASS" starttime="20230207 18:23:03.678" endtime="20230207 18:23:09.494"/>
</kw>
<status status="PASS" starttime="20230207 18:23:03.124" endtime="20230207 18:23:09.495"/>
</kw>
<kw name="Select From Different Recipes Found">
<var>${url}</var>
<kw name="Get All Recipes Found">
<var>${recipes}</var>
<var>${dict}</var>
<kw name="Get Elements" library="Browser">
<var>${elements}</var>
<arg>h2</arg>
<tag>Getter</tag>
<tag>PageContent</tag>
<doc>Returns a reference to Playwright [https://playwright.dev/docs/api/class-locator|Locator]
for all matched elements by ``selector``.</doc>
<msg timestamp="20230207 18:23:09.656" level="INFO">Found 4 Locators successfully.</msg>
<msg timestamp="20230207 18:23:09.657" level="INFO">${elements} = ['element=462a9f64-bf27-4a9d-a1f0-3e70cd3db721', 'element=8dfcaead-35a5-40af-8dcb-609cda70fead', 'element=70a820fd-4f91-43b3-b197-98683f0f0e60', 'element=5db92a56-f423-4f82-a2e1-2d1b7cce80b5']</msg>
<status status="PASS" starttime="20230207 18:23:09.497" endtime="20230207 18:23:09.657"/>
</kw>
<kw name="Create List" library="BuiltIn">
<var>${recipes}</var>
<doc>Returns a list containing given items.</doc>
<msg timestamp="20230207 18:23:09.659" level="INFO">${recipes} = []</msg>
<status status="PASS" starttime="20230207 18:23:09.658" endtime="20230207 18:23:09.659"/>
</kw>
<kw name="Create Dictionary" library="BuiltIn">
<var>${recipe_href_dict}</var>
<doc>Creates and returns a dictionary based on the given ``items``.</doc>
<msg timestamp="20230207 18:23:09.661" level="INFO">${recipe_href_dict} = {}</msg>
<status status="PASS" starttime="20230207 18:23:09.660" endtime="20230207 18:23:09.661"/>
</kw>
<for flavor="IN">
<var>${elem}</var>
<value>@{elements}</value>
<iter>
<var name="${elem}">element=462a9f64-bf27-4a9d-a1f0-3e70cd3db721</var>
<kw name="Get Property" library="Browser">
<var>${recipe}</var>
<arg>${elem}</arg>
<arg>innerText</arg>
<tag>Assertion</tag>
<tag>Getter</tag>
<tag>PageContent</tag>
<doc>Returns the ``property`` of the element found by ``selector``.</doc>
<msg timestamp="20230207 18:23:09.906" level="INFO">${recipe} = How to Make a Easy No-Knead Panettone</msg>
<status status="PASS" starttime="20230207 18:23:09.663" endtime="20230207 18:23:09.906"/>
</kw>
<kw name="Get Element" library="Browser">
<var>${href}</var>
<arg>${elem}&gt;a[href]</arg>
<tag>Getter</tag>
<tag>PageContent</tag>
<doc>Returns a reference to a Playwright [https://playwright.dev/docs/api/class-locator|Locator].</doc>
<msg timestamp="20230207 18:23:09.944" level="INFO">Locator found successfully.</msg>
<msg timestamp="20230207 18:23:09.944" level="INFO">${href} = element=d9f72e4d-91aa-4e20-8f0e-0ebc19cee3bc</msg>
<status status="PASS" starttime="20230207 18:23:09.907" endtime="20230207 18:23:09.944"/>
</kw>
<kw name="Get Attribute" library="Browser">
<var>${href}</var>
<arg>${href}</arg>
<arg>href</arg>
<tag>Assertion</tag>
<tag>Getter</tag>
<tag>PageContent</tag>
<doc>Returns the HTML ``attribute`` of the element found by ``selector``.</doc>
<msg timestamp="20230207 18:23:10.009" level="INFO">${href} = https://www.chainbaker.com/no-knead-panettone/</msg>
<status status="PASS" starttime="20230207 18:23:09.945" endtime="20230207 18:23:10.009"/>
</kw>
<kw name="Set To Dictionary" library="Collections">
<arg>${recipe_href_dict}</arg>
<arg>${recipe}</arg>
<arg>${href}</arg>
<doc>Adds the given ``key_value_pairs`` and ``items`` to the ``dictionary``.</doc>
<status status="PASS" starttime="20230207 18:23:10.010" endtime="20230207 18:23:10.011"/>
</kw>
<kw name="Append To List" library="Collections">
<arg>${recipes}</arg>
<arg>${recipe}</arg>
<doc>Adds ``values`` to the end of ``list``.</doc>
<status status="PASS" starttime="20230207 18:23:10.011" endtime="20230207 18:23:10.011"/>
</kw>
<status status="PASS" starttime="20230207 18:23:09.662" endtime="20230207 18:23:10.011"/>
</iter>
<iter>
<var name="${elem}">element=8dfcaead-35a5-40af-8dcb-609cda70fead</var>
<kw name="Get Property" library="Browser">
<var>${recipe}</var>
<arg>${elem}</arg>
<arg>innerText</arg>
<tag>Assertion</tag>
<tag>Getter</tag>
<tag>PageContent</tag>
<doc>Returns the ``property`` of the element found by ``selector``.</doc>
<msg timestamp="20230207 18:23:10.049" level="INFO">${recipe} = Krendel (Krendl), Russian Christmas Bread Recipe</msg>
<status status="PASS" starttime="20230207 18:23:10.012" endtime="20230207 18:23:10.049"/>
</kw>
<kw name="Get Element" library="Browser">
<var>${href}</var>
<arg>${elem}&gt;a[href]</arg>
<tag>Getter</tag>
<tag>PageContent</tag>
<doc>Returns a reference to a Playwright [https://playwright.dev/docs/api/class-locator|Locator].</doc>
<msg timestamp="20230207 18:23:10.094" level="INFO">Locator found successfully.</msg>
<msg timestamp="20230207 18:23:10.095" level="INFO">${href} = element=1baff3d7-2e32-4de4-8b05-ab44e7fc019c</msg>
<status status="PASS" starttime="20230207 18:23:10.049" endtime="20230207 18:23:10.095"/>
</kw>
<kw name="Get Attribute" library="Browser">
<var>${href}</var>
<arg>${href}</arg>
<arg>href</arg>
<tag>Assertion</tag>
<tag>Getter</tag>
<tag>PageContent</tag>
<doc>Returns the HTML ``attribute`` of the element found by ``selector``.</doc>
<msg timestamp="20230207 18:23:10.151" level="INFO">${href} = https://www.chainbaker.com/krendel-russian-christmas-bread-recipe/</msg>
<status status="PASS" starttime="20230207 18:23:10.095" endtime="20230207 18:23:10.152"/>
</kw>
<kw name="Set To Dictionary" library="Collections">
<arg>${recipe_href_dict}</arg>
<arg>${recipe}</arg>
<arg>${href}</arg>
<doc>Adds the given ``key_value_pairs`` and ``items`` to the ``dictionary``.</doc>
<status status="PASS" starttime="20230207 18:23:10.152" endtime="20230207 18:23:10.153"/>
</kw>
<kw name="Append To List" library="Collections">
<arg>${recipes}</arg>
<arg>${recipe}</arg>
<doc>Adds ``values`` to the end of ``list``.</doc>
<status status="PASS" starttime="20230207 18:23:10.153" endtime="20230207 18:23:10.154"/>
</kw>
<status status="PASS" starttime="20230207 18:23:10.012" endtime="20230207 18:23:10.154"/>
</iter>
<iter>
<var name="${elem}">element=70a820fd-4f91-43b3-b197-98683f0f0e60</var>
<kw name="Get Property" library="Browser">
<var>${recipe}</var>
<arg>${elem}</arg>
<arg>innerText</arg>
<tag>Assertion</tag>
<tag>Getter</tag>
<tag>PageContent</tag>
<doc>Returns the ``property`` of the element found by ``selector``.</doc>
<msg timestamp="20230207 18:23:10.188" level="INFO">${recipe} = Simple Panettone, Italian Christmas Bread Recipe</msg>
<status status="PASS" starttime="20230207 18:23:10.155" endtime="20230207 18:23:10.188"/>
</kw>
<kw name="Get Element" library="Browser">
<var>${href}</var>
<arg>${elem}&gt;a[href]</arg>
<tag>Getter</tag>
<tag>PageContent</tag>
<doc>Returns a reference to a Playwright [https://playwright.dev/docs/api/class-locator|Locator].</doc>
<msg timestamp="20230207 18:23:10.212" level="INFO">Locator found successfully.</msg>
<msg timestamp="20230207 18:23:10.213" level="INFO">${href} = element=d8c83252-6427-47da-870a-b8861e8e1aac</msg>
<status status="PASS" starttime="20230207 18:23:10.188" endtime="20230207 18:23:10.213"/>
</kw>
<kw name="Get Attribute" library="Browser">
<var>${href}</var>
<arg>${href}</arg>
<arg>href</arg>
<tag>Assertion</tag>
<tag>Getter</tag>
<tag>PageContent</tag>
<doc>Returns the HTML ``attribute`` of the element found by ``selector``.</doc>
<msg timestamp="20230207 18:23:10.240" level="INFO">${href} = https://www.chainbaker.com/simple-panettone-italian-christmas-bread-recipe/</msg>
<status status="PASS" starttime="20230207 18:23:10.213" endtime="20230207 18:23:10.241"/>
</kw>
<kw name="Set To Dictionary" library="Collections">
<arg>${recipe_href_dict}</arg>
<arg>${recipe}</arg>
<arg>${href}</arg>
<doc>Adds the given ``key_value_pairs`` and ``items`` to the ``dictionary``.</doc>
<status status="PASS" starttime="20230207 18:23:10.241" endtime="20230207 18:23:10.241"/>
</kw>
<kw name="Append To List" library="Collections">
<arg>${recipes}</arg>
<arg>${recipe}</arg>
<doc>Adds ``values`` to the end of ``list``.</doc>
<status status="PASS" starttime="20230207 18:23:10.242" endtime="20230207 18:23:10.242"/>
</kw>
<status status="PASS" starttime="20230207 18:23:10.155" endtime="20230207 18:23:10.242"/>
</iter>
<iter>
<var name="${elem}">element=5db92a56-f423-4f82-a2e1-2d1b7cce80b5</var>
<kw name="Get Property" library="Browser">
<var>${recipe}</var>
<arg>${elem}</arg>
<arg>innerText</arg>
<tag>Assertion</tag>
<tag>Getter</tag>
<tag>PageContent</tag>
<doc>Returns the ``property`` of the element found by ``selector``.</doc>
<msg timestamp="20230207 18:23:10.263" level="INFO">${recipe} = 1 Dough vs 15 Glazes. Which one do you like most?</msg>
<status status="PASS" starttime="20230207 18:23:10.243" endtime="20230207 18:23:10.263"/>
</kw>
<kw name="Get Element" library="Browser">
<var>${href}</var>
<arg>${elem}&gt;a[href]</arg>
<tag>Getter</tag>
<tag>PageContent</tag>
<doc>Returns a reference to a Playwright [https://playwright.dev/docs/api/class-locator|Locator].</doc>
<msg timestamp="20230207 18:23:10.280" level="INFO">Locator found successfully.</msg>
<msg timestamp="20230207 18:23:10.281" level="INFO">${href} = element=f1f1ec1f-4f8c-4e6a-8c25-649324ab2c2a</msg>
<status status="PASS" starttime="20230207 18:23:10.264" endtime="20230207 18:23:10.281"/>
</kw>
<kw name="Get Attribute" library="Browser">
<var>${href}</var>
<arg>${href}</arg>
<arg>href</arg>
<tag>Assertion</tag>
<tag>Getter</tag>
<tag>PageContent</tag>
<doc>Returns the HTML ``attribute`` of the element found by ``selector``.</doc>
<msg timestamp="20230207 18:23:10.310" level="INFO">${href} = https://www.chainbaker.com/glazes/</msg>
<status status="PASS" starttime="20230207 18:23:10.281" endtime="20230207 18:23:10.310"/>
</kw>
<kw name="Set To Dictionary" library="Collections">
<arg>${recipe_href_dict}</arg>
<arg>${recipe}</arg>
<arg>${href}</arg>
<doc>Adds the given ``key_value_pairs`` and ``items`` to the ``dictionary``.</doc>
<status status="PASS" starttime="20230207 18:23:10.311" endtime="20230207 18:23:10.311"/>
</kw>
<kw name="Append To List" library="Collections">
<arg>${recipes}</arg>
<arg>${recipe}</arg>
<doc>Adds ``values`` to the end of ``list``.</doc>
<status status="PASS" starttime="20230207 18:23:10.312" endtime="20230207 18:23:10.312"/>
</kw>
<status status="PASS" starttime="20230207 18:23:10.242" endtime="20230207 18:23:10.312"/>
</iter>
<status status="PASS" starttime="20230207 18:23:09.661" endtime="20230207 18:23:10.312"/>
</for>
<return>
<value>${recipes}</value>
<value>${recipe_href_dict}</value>
<status status="PASS" starttime="20230207 18:23:10.312" endtime="20230207 18:23:10.313"/>
</return>
<msg timestamp="20230207 18:23:10.313" level="INFO">${recipes} = ['How to Make a Easy No-Knead Panettone', 'Krendel (Krendl), Russian Christmas Bread Recipe', 'Simple Panettone, Italian Christmas Bread Recipe', '1 Dough vs 15 Glazes. Which one do you like most?']</msg>
<msg timestamp="20230207 18:23:10.313" level="INFO">${dict} = {'How to Make a Easy No-Knead Panettone': 'https://www.chainbaker.com/no-knead-panettone/', 'Krendel (Krendl), Russian Christmas Bread Recipe': 'https://www.chainbaker.com/krendel-russian-christmas-br...</msg>
<status status="PASS" starttime="20230207 18:23:09.496" endtime="20230207 18:23:10.313"/>
</kw>
<kw name="Get Selection From User" library="Dialogs">
<var>${selected_recipe}</var>
<arg>Recipes Found</arg>
<arg>@{recipes}</arg>
<doc>Pauses execution and asks user to select a value.</doc>
<msg timestamp="20230207 18:23:16.092" level="INFO">${selected_recipe} = Krendel (Krendl), Russian Christmas Bread Recipe</msg>
<status status="PASS" starttime="20230207 18:23:10.314" endtime="20230207 18:23:16.093"/>
</kw>
<kw name="Get From Dictionary" library="Collections">
<var>${url}</var>
<arg>${dict}</arg>
<arg>${selected_recipe}</arg>
<doc>Returns a value from the given ``dictionary`` based on the given ``key``.</doc>
<msg timestamp="20230207 18:23:16.100" level="INFO">${url} = https://www.chainbaker.com/krendel-russian-christmas-bread-recipe/</msg>
<status status="PASS" starttime="20230207 18:23:16.094" endtime="20230207 18:23:16.101"/>
</kw>
<return>
<value>${url}</value>
<status status="PASS" starttime="20230207 18:23:16.102" endtime="20230207 18:23:16.102"/>
</return>
<msg timestamp="20230207 18:23:16.104" level="INFO">${url} = https://www.chainbaker.com/krendel-russian-christmas-bread-recipe/</msg>
<status status="PASS" starttime="20230207 18:23:09.495" endtime="20230207 18:23:16.104"/>
</kw>
<kw name="Go To Selected Recipe">
<var>${element}</var>
<arg>${url}</arg>
<kw name="Set Browser Timeout" library="Browser">
<arg>2m 30 seconds</arg>
<tag>Config</tag>
<tag>Setter</tag>
<doc>Sets the timeout used by most input and getter keywords.</doc>
<msg timestamp="20230207 18:23:16.139" level="INFO">Set timeout to: 150000</msg>
<status status="PASS" starttime="20230207 18:23:16.111" endtime="20230207 18:23:16.139"/>
</kw>
<kw name="Go To" library="Browser">
<arg>${url}</arg>
<tag>BrowserControl</tag>
<tag>Setter</tag>
<doc>Navigates to the given ``url``.</doc>
<msg timestamp="20230207 18:23:22.772" level="INFO">Successfully opened URL https://www.chainbaker.com/krendel-russian-christmas-bread-recipe/</msg>
<status status="PASS" starttime="20230207 18:23:16.140" endtime="20230207 18:23:22.772"/>
</kw>
<kw name="Get Element" library="Browser">
<var>${element}</var>
<arg>.et_pb_text_2</arg>
<tag>Getter</tag>
<tag>PageContent</tag>
<doc>Returns a reference to a Playwright [https://playwright.dev/docs/api/class-locator|Locator].</doc>
<msg timestamp="20230207 18:23:23.175" level="INFO">Locator found successfully.</msg>
<msg timestamp="20230207 18:23:23.175" level="INFO">${element} = element=764a996d-833c-43d9-80bc-f10e64af65d3</msg>
<status status="PASS" starttime="20230207 18:23:22.773" endtime="20230207 18:23:23.176"/>
</kw>
<return>
<value>${element}</value>
<status status="PASS" starttime="20230207 18:23:23.176" endtime="20230207 18:23:23.176"/>
</return>
<msg timestamp="20230207 18:23:23.177" level="INFO">${element} = element=764a996d-833c-43d9-80bc-f10e64af65d3</msg>
<status status="PASS" starttime="20230207 18:23:16.105" endtime="20230207 18:23:23.177"/>
</kw>
<kw name="Get Ingredients">
<arg>${element}</arg>
<kw name="Get Elements" library="Browser">
<var>${ingredients}</var>
<arg>${element}&gt;p</arg>
<tag>Getter</tag>
<tag>PageContent</tag>
<doc>Returns a reference to Playwright [https://playwright.dev/docs/api/class-locator|Locator]
for all matched elements by ``selector``.</doc>
<msg timestamp="20230207 18:23:23.401" level="INFO">Found 24 Locators successfully.</msg>
<msg timestamp="20230207 18:23:23.402" level="INFO">${ingredients} = ['element=99b78094-d700-494d-8670-afadb40a72f7', 'element=eb72c473-10cf-4120-a09d-3b5ec50f8540', 'element=c5f143e2-7584-4a89-a314-bb0ce43b94ad', 'element=c3dce8d2-5dcc-4b2d-82ab-1956e1cab096', 'elemen...</msg>
<status status="PASS" starttime="20230207 18:23:23.190" endtime="20230207 18:23:23.402"/>
</kw>
<kw name="Create List" library="BuiltIn">
<var>${list_ingredients}</var>
<doc>Returns a list containing given items.</doc>
<msg timestamp="20230207 18:23:23.403" level="INFO">${list_ingredients} = []</msg>
<status status="PASS" starttime="20230207 18:23:23.402" endtime="20230207 18:23:23.403"/>
</kw>
<kw name="Create File" library="OperatingSystem">
<arg>${OUTPUT_DIR}/r.json</arg>
<arg>{"ingredients":[]}</arg>
<doc>Creates a file with the given content and encoding.</doc>
<msg timestamp="20230207 18:23:23.405" level="INFO" html="true">Created file '&lt;a href="file:///home/larober/PycharmProjects/Robotframework/RoboRecipes/r.json"&gt;/home/larober/PycharmProjects/Robotframework/RoboRecipes/r.json&lt;/a&gt;'.</msg>
<status status="PASS" starttime="20230207 18:23:23.403" endtime="20230207 18:23:23.406"/>
</kw>
<kw name="Load Json From File" library="JSONLibrary">
<var>${json}</var>
<arg>${OUTPUT_DIR}/r.json</arg>
<doc>Load JSON from file.</doc>
<msg timestamp="20230207 18:23:23.408" level="INFO">${json} = {'ingredients': []}</msg>
<status status="PASS" starttime="20230207 18:23:23.406" endtime="20230207 18:23:23.408"/>
</kw>
<for flavor="IN">
<var>${ingredient}</var>
<value>@{ingredients}</value>
<iter>
<var name="${ingredient}">element=99b78094-d700-494d-8670-afadb40a72f7</var>
<kw name="Get Text" library="Browser">
<var>${text}</var>
<arg>${ingredient}</arg>
<tag>Assertion</tag>
<tag>Getter</tag>
<tag>PageContent</tag>
<doc>Returns text attribute of the element found by ``selector``.</doc>
<msg timestamp="20230207 18:23:23.643" level="INFO">${text} = For the dough –</msg>
<status status="PASS" starttime="20230207 18:23:23.409" endtime="20230207 18:23:23.643"/>
</kw>
<kw name="Get Regexp Matches" library="String">
<var>${ing}</var>
<arg>${text}</arg>
<arg>[0-9]{1,4}g</arg>
<doc>Returns a list of all non-overlapping matches in the given string.</doc>
<msg timestamp="20230207 18:23:23.646" level="INFO">${ing} = []</msg>
<status status="PASS" starttime="20230207 18:23:23.644" endtime="20230207 18:23:23.646"/>
</kw>
<kw name="Get Length" library="BuiltIn">
<var>${len_ing}</var>
<arg>${ing}</arg>
<doc>Returns and logs the length of the given item as an integer.</doc>
<msg timestamp="20230207 18:23:23.647" level="INFO">Length is 0</msg>
<msg timestamp="20230207 18:23:23.648" level="INFO">${len_ing} = 0</msg>
<status status="PASS" starttime="20230207 18:23:23.647" endtime="20230207 18:23:23.648"/>
</kw>
<if>
<branch type="IF" condition="${len_ing}!= ${0}">
<kw name="Evaluate" library="BuiltIn">
<var>${i}</var>
<arg>$text.index(")")</arg>
<doc>Evaluates the given expression in Python and returns the result.</doc>
<status status="NOT RUN" starttime="20230207 18:23:23.655" endtime="20230207 18:23:23.655"/>
</kw>
<kw name="Convert To Integer" library="BuiltIn">
<var>${integer}</var>
<arg>${i}</arg>
<doc>Converts the given item to an integer number.</doc>
<status status="NOT RUN" starttime="20230207 18:23:23.656" endtime="20230207 18:23:23.656"/>
</kw>
<kw name="Evaluate" library="BuiltIn">
<var>${i+1}</var>
<arg>${integer} + ${1}</arg>
<doc>Evaluates the given expression in Python and returns the result.</doc>
<status status="NOT RUN" starttime="20230207 18:23:23.656" endtime="20230207 18:23:23.657"/>
</kw>
<kw name="Evaluate" library="BuiltIn">
<var>${i+2}</var>
<arg>${integer} + ${2}</arg>
<doc>Evaluates the given expression in Python and returns the result.</doc>
<status status="NOT RUN" starttime="20230207 18:23:23.665" endtime="20230207 18:23:23.666"/>
</kw>
<kw name="Get Substring" library="String">
<var>${quantity}</var>
<arg>${text}</arg>
<arg>${0}</arg>
<arg>${i+1}</arg>
<doc>Returns a substring from ``start`` index to ``end`` index.</doc>
<status status="NOT RUN" starttime="20230207 18:23:23.670" endtime="20230207 18:23:23.670"/>
</kw>
<kw name="Get Substring" library="String">
<var>${ingredient}</var>
<arg>${text}</arg>
<arg>${i+2}</arg>
<doc>Returns a substring from ``start`` index to ``end`` index.</doc>
<status status="NOT RUN" starttime="20230207 18:23:23.671" endtime="20230207 18:23:23.671"/>
</kw>
<kw name="Get Regexp Matches" library="String">
<var>${qty_in_g}</var>
<arg>${quantity}</arg>
<arg>[0-9]{1,3}g</arg>
<doc>Returns a list of all non-overlapping matches in the given string.</doc>
<status status="NOT RUN" starttime="20230207 18:23:23.680" endtime="20230207 18:23:23.682"/>
</kw>
<kw name="Get Length" library="BuiltIn">
<var>${len_qty_in_g}</var>
<arg>${qty_in_g}[0]</arg>
<doc>Returns and logs the length of the given item as an integer.</doc>
<status status="NOT RUN" starttime="20230207 18:23:23.698" endtime="20230207 18:23:23.699"/>
</kw>
<kw name="Evaluate" library="BuiltIn">
<var>${len_qty-2}</var>
<arg>${len_qty_in_g}-${2}</arg>
<doc>Evaluates the given expression in Python and returns the result.</doc>
<status status="NOT RUN" starttime="20230207 18:23:23.699" endtime="20230207 18:23:23.699"/>
</kw>
<kw name="Get Substring" library="String">
<var>${quantity}</var>
<arg>${qty_in_g}[0]</arg>
<arg>${0}</arg>
<arg>${len_qty-2}</arg>
<doc>Returns a substring from ``start`` index to ``end`` index.</doc>
<status status="NOT RUN" starttime="20230207 18:23:23.702" endtime="20230207 18:23:23.703"/>
</kw>
<kw name="Get Substring" library="String">
<var>${units}</var>
<arg>${qty_in_g}[0]</arg>
<arg>-1</arg>
<doc>Returns a substring from ``start`` index to ``end`` index.</doc>
<status status="NOT RUN" starttime="20230207 18:23:23.703" endtime="20230207 18:23:23.704"/>
</kw>
<kw name="Create Dictionary" library="BuiltIn">
<var>${dict_ingredients}</var>
<arg>item=${ingredient}</arg>
<arg>quantity=${quantity}</arg>
<arg>units=${units}</arg>
<doc>Creates and returns a dictionary based on the given ``items``.</doc>
<status status="NOT RUN" starttime="20230207 18:23:23.704" endtime="20230207 18:23:23.704"/>
</kw>
<kw name="Add Object To Json" library="JSONLibrary">
<var>${json}</var>
<arg>${json}</arg>
<arg>$.ingredients</arg>
<arg>${dict_ingredients}</arg>
<doc>Add an dictionary or list object to json object using json_path</doc>
<status status="NOT RUN" starttime="20230207 18:23:23.705" endtime="20230207 18:23:23.705"/>
</kw>
<status status="NOT RUN" starttime="20230207 18:23:23.648" endtime="20230207 18:23:23.705"/>
</branch>
<status status="PASS" starttime="20230207 18:23:23.648" endtime="20230207 18:23:23.706"/>
</if>
<status status="PASS" starttime="20230207 18:23:23.409" endtime="20230207 18:23:23.709"/>
</iter>
<iter>
<var name="${ingredient}">element=eb72c473-10cf-4120-a09d-3b5ec50f8540</var>
<kw name="Get Text" library="Browser">
<var>${text}</var>
<arg>${ingredient}</arg>
<tag>Assertion</tag>
<tag>Getter</tag>
<tag>PageContent</tag>
<doc>Returns text attribute of the element found by ``selector``.</doc>
<msg timestamp="20230207 18:23:23.809" level="INFO">${text} = 300g (10.5oz) strong white bread flour</msg>
<status status="PASS" starttime="20230207 18:23:23.710" endtime="20230207 18:23:23.809"/>
</kw>
<kw name="Get Regexp Matches" library="String">
<var>${ing}</var>
<arg>${text}</arg>
<arg>[0-9]{1,4}g</arg>
<doc>Returns a list of all non-overlapping matches in the given string.</doc>
<msg timestamp="20230207 18:23:23.811" level="INFO">${ing} = ['300g']</msg>
<status status="PASS" starttime="20230207 18:23:23.810" endtime="20230207 18:23:23.811"/>
</kw>
<kw name="Get Length" library="BuiltIn">
<var>${len_ing}</var>
<arg>${ing}</arg>
<doc>Returns and logs the length of the given item as an integer.</doc>
<msg timestamp="20230207 18:23:23.812" level="INFO">Length is 1</msg>
<msg timestamp="20230207 18:23:23.813" level="INFO">${len_ing} = 1</msg>
<status status="PASS" starttime="20230207 18:23:23.811" endtime="20230207 18:23:23.813"/>
</kw>
<if>
<branch type="IF" condition="${len_ing}!= ${0}">
<kw name="Evaluate" library="BuiltIn">
<var>${i}</var>
<arg>$text.index(")")</arg>
<doc>Evaluates the given expression in Python and returns the result.</doc>
<msg timestamp="20230207 18:23:23.827" level="INFO">${i} = 12</msg>
<status status="PASS" starttime="20230207 18:23:23.815" endtime="20230207 18:23:23.827"/>
</kw>
<kw name="Convert To Integer" library="BuiltIn">
<var>${integer}</var>
<arg>${i}</arg>
<doc>Converts the given item to an integer number.</doc>
<msg timestamp="20230207 18:23:23.829" level="INFO">${integer} = 12</msg>
<status status="PASS" starttime="20230207 18:23:23.828" endtime="20230207 18:23:23.829"/>
</kw>
<kw name="Evaluate" library="BuiltIn">
<var>${i+1}</var>
<arg>${integer} + ${1}</arg>
<doc>Evaluates the given expression in Python and returns the result.</doc>
<msg timestamp="20230207 18:23:23.831" level="INFO">${i+1} = 13</msg>
<status status="PASS" starttime="20230207 18:23:23.829" endtime="20230207 18:23:23.831"/>
</kw>
<kw name="Evaluate" library="BuiltIn">
<var>${i+2}</var>
<arg>${integer} + ${2}</arg>
<doc>Evaluates the given expression in Python and returns the result.</doc>
<msg timestamp="20230207 18:23:23.835" level="INFO">${i+2} = 14</msg>
<status status="PASS" starttime="20230207 18:23:23.832" endtime="20230207 18:23:23.835"/>
</kw>
<kw name="Get Substring" library="String">
<var>${quantity}</var>
<arg>${text}</arg>
<arg>${0}</arg>
<arg>${i+1}</arg>
<doc>Returns a substring from ``start`` index to ``end`` index.</doc>
<msg timestamp="20230207 18:23:23.836" level="INFO">${quantity} = 300g (10.5oz)</msg>
<status status="PASS" starttime="20230207 18:23:23.835" endtime="20230207 18:23:23.836"/>
</kw>
<kw name="Get Substring" library="String">
<var>${ingredient}</var>
<arg>${text}</arg>
<arg>${i+2}</arg>
<doc>Returns a substring from ``start`` index to ``end`` index.</doc>
<msg timestamp="20230207 18:23:23.837" level="INFO">${ingredient} = strong white bread flour</msg>
<status status="PASS" starttime="20230207 18:23:23.837" endtime="20230207 18:23:23.837"/>
</kw>
<kw name="Get Regexp Matches" library="String">
<var>${qty_in_g}</var>
<arg>${quantity}</arg>
<arg>[0-9]{1,3}g</arg>
<doc>Returns a list of all non-overlapping matches in the given string.</doc>
<msg timestamp="20230207 18:23:23.838" level="INFO">${qty_in_g} = ['300g']</msg>
<status status="PASS" starttime="20230207 18:23:23.837" endtime="20230207 18:23:23.838"/>
</kw>
<kw name="Get Length" library="BuiltIn">
<var>${len_qty_in_g}</var>
<arg>${qty_in_g}[0]</arg>
<doc>Returns and logs the length of the given item as an integer.</doc>
<msg timestamp="20230207 18:23:23.839" level="INFO">Length is 4</msg>
<msg timestamp="20230207 18:23:23.839" level="INFO">${len_qty_in_g} = 4</msg>
<status status="PASS" starttime="20230207 18:23:23.838" endtime="20230207 18:23:23.839"/>
</kw>
<kw name="Evaluate" library="BuiltIn">
<var>${len_qty-2}</var>
<arg>${len_qty_in_g}-${2}</arg>
<doc>Evaluates the given expression in Python and returns the result.</doc>
<msg timestamp="20230207 18:23:23.840" level="INFO">${len_qty-2} = 2</msg>
<status status="PASS" starttime="20230207 18:23:23.839" endtime="20230207 18:23:23.840"/>
</kw>
<kw name="Get Substring" library="String">
<var>${quantity}</var>
<arg>${qty_in_g}[0]</arg>
<arg>${0}</arg>
<arg>${len_qty-2}</arg>
<doc>Returns a substring from ``start`` index to ``end`` index.</doc>
<msg timestamp="20230207 18:23:23.841" level="INFO">${quantity} = 30</msg>
<status status="PASS" starttime="20230207 18:23:23.840" endtime="20230207 18:23:23.841"/>
</kw>
<kw name="Get Substring" library="String">
<var>${units}</var>
<arg>${qty_in_g}[0]</arg>
<arg>-1</arg>
<doc>Returns a substring from ``start`` index to ``end`` index.</doc>
<msg timestamp="20230207 18:23:23.842" level="INFO">${units} = g</msg>
<status status="PASS" starttime="20230207 18:23:23.841" endtime="20230207 18:23:23.842"/>
</kw>
<kw name="Create Dictionary" library="BuiltIn">
<var>${dict_ingredients}</var>
<arg>item=${ingredient}</arg>
<arg>quantity=${quantity}</arg>
<arg>units=${units}</arg>
<doc>Creates and returns a dictionary based on the given ``items``.</doc>
<msg timestamp="20230207 18:23:23.843" level="INFO">${dict_ingredients} = {'item': 'strong white bread flour', 'quantity': '30', 'units': 'g'}</msg>
<status status="PASS" starttime="20230207 18:23:23.842" endtime="20230207 18:23:23.843"/>
</kw>
<kw name="Add Object To Json" library="JSONLibrary">
<var>${json}</var>
<arg>${json}</arg>
<arg>$.ingredients</arg>
<arg>${dict_ingredients}</arg>
<doc>Add an dictionary or list object to json object using json_path</doc>
<msg timestamp="20230207 18:23:23.889" level="INFO">${json} = {'ingredients': [{'item': 'strong white bread flour', 'quantity': '30', 'units': 'g'}]}</msg>
<status status="PASS" starttime="20230207 18:23:23.843" endtime="20230207 18:23:23.889"/>
</kw>
<status status="PASS" starttime="20230207 18:23:23.813" endtime="20230207 18:23:23.889"/>
</branch>
<status status="PASS" starttime="20230207 18:23:23.813" endtime="20230207 18:23:23.889"/>
</if>
<status status="PASS" starttime="20230207 18:23:23.710" endtime="20230207 18:23:23.889"/>
</iter>
<iter>
<var name="${ingredient}">element=c5f143e2-7584-4a89-a314-bb0ce43b94ad</var>
<kw name="Get Text" library="Browser">
<var>${text}</var>
<arg>${ingredient}</arg>
<tag>Assertion</tag>
<tag>Getter</tag>
<tag>PageContent</tag>
<doc>Returns text attribute of the element found by ``selector``.</doc>
<msg timestamp="20230207 18:23:23.931" level="INFO">${text} = 2 egg yolks *cold from the fridge</msg>
<status status="PASS" starttime="20230207 18:23:23.890" endtime="20230207 18:23:23.931"/>
</kw>
<kw name="Get Regexp Matches" library="String">
<var>${ing}</var>
<arg>${text}</arg>
<arg>[0-9]{1,4}g</arg>
<doc>Returns a list of all non-overlapping matches in the given string.</doc>
<msg timestamp="20230207 18:23:23.933" level="INFO">${ing} = []</msg>
<status status="PASS" starttime="20230207 18:23:23.932" endtime="20230207 18:23:23.933"/>
</kw>
<kw name="Get Length" library="BuiltIn">
<var>${len_ing}</var>
<arg>${ing}</arg>
<doc>Returns and logs the length of the given item as an integer.</doc>
<msg timestamp="20230207 18:23:23.935" level="INFO">Length is 0</msg>
<msg timestamp="20230207 18:23:23.935" level="INFO">${len_ing} = 0</msg>
<status status="PASS" starttime="20230207 18:23:23.934" endtime="20230207 18:23:23.935"/>
</kw>
<if>
<branch type="IF" condition="${len_ing}!= ${0}">
<kw name="Evaluate" library="BuiltIn">
<var>${i}</var>
<arg>$text.index(")")</arg>
<doc>Evaluates the given expression in Python and returns the result.</doc>
<status status="NOT RUN" starttime="20230207 18:23:23.938" endtime="20230207 18:23:23.938"/>
</kw>
<kw name="Convert To Integer" library="BuiltIn">
<var>${integer}</var>
<arg>${i}</arg>
<doc>Converts the given item to an integer number.</doc>
<status status="NOT RUN" starttime="20230207 18:23:23.938" endtime="20230207 18:23:23.939"/>
</kw>
<kw name="Evaluate" library="BuiltIn">
<var>${i+1}</var>
<arg>${integer} + ${1}</arg>
<doc>Evaluates the given expression in Python and returns the result.</doc>
<status status="NOT RUN" starttime="20230207 18:23:23.942" endtime="20230207 18:23:23.943"/>
</kw>
<kw name="Evaluate" library="BuiltIn">
<var>${i+2}</var>
<arg>${integer} + ${2}</arg>
<doc>Evaluates the given expression in Python and returns the result.</doc>
<status status="NOT RUN" starttime="20230207 18:23:23.943" endtime="20230207 18:23:23.943"/>
</kw>
<kw name="Get Substring" library="String">
<var>${quantity}</var>
<arg>${text}</arg>
<arg>${0}</arg>
<arg>${i+1}</arg>
<doc>Returns a substring from ``start`` index to ``end`` index.</doc>
<status status="NOT RUN" starttime="20230207 18:23:23.943" endtime="20230207 18:23:23.943"/>
</kw>
<kw name="Get Substring" library="String">
<var>${ingredient}</var>
<arg>${text}</arg>
<arg>${i+2}</arg>
<doc>Returns a substring from ``start`` index to ``end`` index.</doc>
<status status="NOT RUN" starttime="20230207 18:23:23.944" endtime="20230207 18:23:23.944"/>
</kw>
<kw name="Get Regexp Matches" library="String">
<var>${qty_in_g}</var>
<arg>${quantity}</arg>
<arg>[0-9]{1,3}g</arg>
<doc>Returns a list of all non-overlapping matches in the given string.</doc>
<status status="NOT RUN" starttime="20230207 18:23:23.944" endtime="20230207 18:23:23.944"/>
</kw>
<kw name="Get Length" library="BuiltIn">
<var>${len_qty_in_g}</var>
<arg>${qty_in_g}[0]</arg>
<doc>Returns and logs the length of the given item as an integer.</doc>
<status status="NOT RUN" starttime="20230207 18:23:23.944" endtime="20230207 18:23:23.945"/>
</kw>
<kw name="Evaluate" library="BuiltIn">
<var>${len_qty-2}</var>
<arg>${len_qty_in_g}-${2}</arg>
<doc>Evaluates the given expression in Python and returns the result.</doc>
<status status="NOT RUN" starttime="20230207 18:23:23.945" endtime="20230207 18:23:23.945"/>
</kw>
<kw name="Get Substring" library="String">
<var>${quantity}</var>
<arg>${qty_in_g}[0]</arg>
<arg>${0}</arg>
<arg>${len_qty-2}</arg>
<doc>Returns a substring from ``start`` index to ``end`` index.</doc>
<status status="NOT RUN" starttime="20230207 18:23:23.945" endtime="20230207 18:23:23.945"/>
</kw>
<kw name="Get Substring" library="String">
<var>${units}</var>
<arg>${qty_in_g}[0]</arg>
<arg>-1</arg>
<doc>Returns a substring from ``start`` index to ``end`` index.</doc>
<status status="NOT RUN" starttime="20230207 18:23:23.946" endtime="20230207 18:23:23.946"/>
</kw>
<kw name="Create Dictionary" library="BuiltIn">
<var>${dict_ingredients}</var>
<arg>item=${ingredient}</arg>
<arg>quantity=${quantity}</arg>
<arg>units=${units}</arg>
<doc>Creates and returns a dictionary based on the given ``items``.</doc>
<status status="NOT RUN" starttime="20230207 18:23:23.946" endtime="20230207 18:23:23.946"/>
</kw>
<kw name="Add Object To Json" library="JSONLibrary">
<var>${json}</var>
<arg>${json}</arg>
<arg>$.ingredients</arg>
<arg>${dict_ingredients}</arg>
<doc>Add an dictionary or list object to json object using json_path</doc>
<status status="NOT RUN" starttime="20230207 18:23:23.947" endtime="20230207 18:23:23.947"/>
</kw>
<status status="NOT RUN" starttime="20230207 18:23:23.936" endtime="20230207 18:23:23.948"/>
</branch>
<status status="PASS" starttime="20230207 18:23:23.936" endtime="20230207 18:23:23.948"/>
</if>
<status status="PASS" starttime="20230207 18:23:23.889" endtime="20230207 18:23:23.949"/>
</iter>
<iter>
<var name="${ingredient}">element=c3dce8d2-5dcc-4b2d-82ab-1956e1cab096</var>
<kw name="Get Text" library="Browser">
<var>${text}</var>
<arg>${ingredient}</arg>
<tag>Assertion</tag>
<tag>Getter</tag>
<tag>PageContent</tag>
<doc>Returns text attribute of the element found by ``selector``.</doc>
<msg timestamp="20230207 18:23:23.992" level="INFO">${text} = 50g (1.75oz) soft butter</msg>
<status status="PASS" starttime="20230207 18:23:23.950" endtime="20230207 18:23:23.993"/>
</kw>
<kw name="Get Regexp Matches" library="String">
<var>${ing}</var>
<arg>${text}</arg>
<arg>[0-9]{1,4}g</arg>
<doc>Returns a list of all non-overlapping matches in the given string.</doc>
<msg timestamp="20230207 18:23:23.993" level="INFO">${ing} = ['50g']</msg>
<status status="PASS" starttime="20230207 18:23:23.993" endtime="20230207 18:23:23.994"/>
</kw>
<kw name="Get Length" library="BuiltIn">
<var>${len_ing}</var>
<arg>${ing}</arg>
<doc>Returns and logs the length of the given item as an integer.</doc>
<msg timestamp="20230207 18:23:23.994" level="INFO">Length is 1</msg>
<msg timestamp="20230207 18:23:23.994" level="INFO">${len_ing} = 1</msg>
<status status="PASS" starttime="20230207 18:23:23.994" endtime="20230207 18:23:23.994"/>
</kw>
<if>
<branch type="IF" condition="${len_ing}!= ${0}">
<kw name="Evaluate" library="BuiltIn">
<var>${i}</var>
<arg>$text.index(")")</arg>
<doc>Evaluates the given expression in Python and returns the result.</doc>
<msg timestamp="20230207 18:23:23.996" level="INFO">${i} = 11</msg>
<status status="PASS" starttime="20230207 18:23:23.995" endtime="20230207 18:23:23.996"/>
</kw>
<kw name="Convert To Integer" library="BuiltIn">
<var>${integer}</var>
<arg>${i}</arg>
<doc>Converts the given item to an integer number.</doc>
<msg timestamp="20230207 18:23:23.997" level="INFO">${integer} = 11</msg>
<status status="PASS" starttime="20230207 18:23:23.996" endtime="20230207 18:23:23.997"/>
</kw>
<kw name="Evaluate" library="BuiltIn">
<var>${i+1}</var>
<arg>${integer} + ${1}</arg>
<doc>Evaluates the given expression in Python and returns the result.</doc>
<msg timestamp="20230207 18:23:23.999" level="INFO">${i+1} = 12</msg>
<status status="PASS" starttime="20230207 18:23:23.997" endtime="20230207 18:23:23.999"/>
</kw>
<kw name="Evaluate" library="BuiltIn">
<var>${i+2}</var>
<arg>${integer} + ${2}</arg>
<doc>Evaluates the given expression in Python and returns the result.</doc>
<msg timestamp="20230207 18:23:24.001" level="INFO">${i+2} = 13</msg>
<status status="PASS" starttime="20230207 18:23:23.999" endtime="20230207 18:23:24.001"/>
</kw>
<kw name="Get Substring" library="String">
<var>${quantity}</var>
<arg>${text}</arg>
<arg>${0}</arg>
<arg>${i+1}</arg>
<doc>Returns a substring from ``start`` index to ``end`` index.</doc>
<msg timestamp="20230207 18:23:24.003" level="INFO">${quantity} = 50g (1.75oz)</msg>
<status status="PASS" starttime="20230207 18:23:24.002" endtime="20230207 18:23:24.003"/>
</kw>
<kw name="Get Substring" library="String">
<var>${ingredient}</var>
<arg>${text}</arg>
<arg>${i+2}</arg>
<doc>Returns a substring from ``start`` index to ``end`` index.</doc>
<msg timestamp="20230207 18:23:24.004" level="INFO">${ingredient} = soft butter</msg>
<status status="PASS" starttime="20230207 18:23:24.004" endtime="20230207 18:23:24.004"/>
</kw>
<kw name="Get Regexp Matches" library="String">
<var>${qty_in_g}</var>
<arg>${quantity}</arg>
<arg>[0-9]{1,3}g</arg>
<doc>Returns a list of all non-overlapping matches in the given string.</doc>
<msg timestamp="20230207 18:23:24.005" level="INFO">${qty_in_g} = ['50g']</msg>
<status status="PASS" starttime="20230207 18:23:24.005" endtime="20230207 18:23:24.005"/>
</kw>
<kw name="Get Length" library="BuiltIn">
<var>${len_qty_in_g}</var>
<arg>${qty_in_g}[0]</arg>
<doc>Returns and logs the length of the given item as an integer.</doc>
<msg timestamp="20230207 18:23:24.006" level="INFO">Length is 3</msg>
<msg timestamp="20230207 18:23:24.006" level="INFO">${len_qty_in_g} = 3</msg>
<status status="PASS" starttime="20230207 18:23:24.005" endtime="20230207 18:23:24.006"/>
</kw>
<kw name="Evaluate" library="BuiltIn">
<var>${len_qty-2}</var>
<arg>${len_qty_in_g}-${2}</arg>
<doc>Evaluates the given expression in Python and returns the result.</doc>
<msg timestamp="20230207 18:23:24.007" level="INFO">${len_qty-2} = 1</msg>
<status status="PASS" starttime="20230207 18:23:24.006" endtime="20230207 18:23:24.007"/>
</kw>
<kw name="Get Substring" library="String">
<var>${quantity}</var>
<arg>${qty_in_g}[0]</arg>
<arg>${0}</arg>
<arg>${len_qty-2}</arg>
<doc>Returns a substring from ``start`` index to ``end`` index.</doc>
<msg timestamp="20230207 18:23:24.009" level="INFO">${quantity} = 5</msg>
<status status="PASS" starttime="20230207 18:23:24.007" endtime="20230207 18:23:24.009"/>
</kw>
<kw name="Get Substring" library="String">
<var>${units}</var>
<arg>${qty_in_g}[0]</arg>
<arg>-1</arg>
<doc>Returns a substring from ``start`` index to ``end`` index.</doc>
<msg timestamp="20230207 18:23:24.010" level="INFO">${units} = g</msg>
<status status="PASS" starttime="20230207 18:23:24.009" endtime="20230207 18:23:24.010"/>
</kw>
<kw name="Create Dictionary" library="BuiltIn">
<var>${dict_ingredients}</var>
<arg>item=${ingredient}</arg>
<arg>quantity=${quantity}</arg>
<arg>units=${units}</arg>
<doc>Creates and returns a dictionary based on the given ``items``.</doc>
<msg timestamp="20230207 18:23:24.011" level="INFO">${dict_ingredients} = {'item': 'soft butter', 'quantity': '5', 'units': 'g'}</msg>
<status status="PASS" starttime="20230207 18:23:24.010" endtime="20230207 18:23:24.011"/>
</kw>
<kw name="Add Object To Json" library="JSONLibrary">
<var>${json}</var>
<arg>${json}</arg>
<arg>$.ingredients</arg>
<arg>${dict_ingredients}</arg>
<doc>Add an dictionary or list object to json object using json_path</doc>
<msg timestamp="20230207 18:23:24.046" level="INFO">${json} = {'ingredients': [{'item': 'strong white bread flour', 'quantity': '30', 'units': 'g'}, {'item': 'soft butter', 'quantity': '5', 'units': 'g'}]}</msg>
<status status="PASS" starttime="20230207 18:23:24.011" endtime="20230207 18:23:24.046"/>
</kw>
<status status="PASS" starttime="20230207 18:23:23.994" endtime="20230207 18:23:24.047"/>
</branch>
<status status="PASS" starttime="20230207 18:23:23.994" endtime="20230207 18:23:24.047"/>
</if>
<status status="PASS" starttime="20230207 18:23:23.949" endtime="20230207 18:23:24.048"/>
</iter>
<iter>
<var name="${ingredient}">element=f7c15709-8f51-4ab7-a415-4ee8373c9c54</var>
<kw name="Get Text" library="Browser">
<var>${text}</var>
<arg>${ingredient}</arg>
<tag>Assertion</tag>
<tag>Getter</tag>
<tag>PageContent</tag>
<doc>Returns text attribute of the element found by ``selector``.</doc>
<msg timestamp="20230207 18:23:24.092" level="INFO">${text} = 6g (0.2oz) salt</msg>
<status status="PASS" starttime="20230207 18:23:24.049" endtime="20230207 18:23:24.092"/>
</kw>
<kw name="Get Regexp Matches" library="String">
<var>${ing}</var>
<arg>${text}</arg>
<arg>[0-9]{1,4}g</arg>
<doc>Returns a list of all non-overlapping matches in the given string.</doc>
<msg timestamp="20230207 18:23:24.093" level="INFO">${ing} = ['6g']</msg>
<status status="PASS" starttime="20230207 18:23:24.093" endtime="20230207 18:23:24.093"/>
</kw>
<kw name="Get Length" library="BuiltIn">
<var>${len_ing}</var>
<arg>${ing}</arg>
<doc>Returns and logs the length of the given item as an integer.</doc>
<msg timestamp="20230207 18:23:24.094" level="INFO">Length is 1</msg>
<msg timestamp="20230207 18:23:24.094" level="INFO">${len_ing} = 1</msg>
<status status="PASS" starttime="20230207 18:23:24.093" endtime="20230207 18:23:24.094"/>
</kw>
<if>
<branch type="IF" condition="${len_ing}!= ${0}">
<kw name="Evaluate" library="BuiltIn">
<var>${i}</var>
<arg>$text.index(")")</arg>
<doc>Evaluates the given expression in Python and returns the result.</doc>
<msg timestamp="20230207 18:23:24.096" level="INFO">${i} = 9</msg>
<status status="PASS" starttime="20230207 18:23:24.095" endtime="20230207 18:23:24.096"/>
</kw>
<kw name="Convert To Integer" library="BuiltIn">
<var>${integer}</var>
<arg>${i}</arg>
<doc>Converts the given item to an integer number.</doc>
<msg timestamp="20230207 18:23:24.097" level="INFO">${integer} = 9</msg>
<status status="PASS" starttime="20230207 18:23:24.097" endtime="20230207 18:23:24.097"/>
</kw>
<kw name="Evaluate" library="BuiltIn">
<var>${i+1}</var>
<arg>${integer} + ${1}</arg>
<doc>Evaluates the given expression in Python and returns the result.</doc>
<msg timestamp="20230207 18:23:24.099" level="INFO">${i+1} = 10</msg>
<status status="PASS" starttime="20230207 18:23:24.098" endtime="20230207 18:23:24.099"/>
</kw>
<kw name="Evaluate" library="BuiltIn">
<var>${i+2}</var>
<arg>${integer} + ${2}</arg>
<doc>Evaluates the given expression in Python and returns the result.</doc>
<msg timestamp="20230207 18:23:24.100" level="INFO">${i+2} = 11</msg>
<status status="PASS" starttime="20230207 18:23:24.099" endtime="20230207 18:23:24.100"/>
</kw>
<kw name="Get Substring" library="String">
<var>${quantity}</var>
<arg>${text}</arg>
<arg>${0}</arg>
<arg>${i+1}</arg>
<doc>Returns a substring from ``start`` index to ``end`` index.</doc>
<msg timestamp="20230207 18:23:24.103" level="INFO">${quantity} = 6g (0.2oz)</msg>
<status status="PASS" starttime="20230207 18:23:24.101" endtime="20230207 18:23:24.103"/>
</kw>
<kw name="Get Substring" library="String">
<var>${ingredient}</var>
<arg>${text}</arg>
<arg>${i+2}</arg>
<doc>Returns a substring from ``start`` index to ``end`` index.</doc>
<msg timestamp="20230207 18:23:24.104" level="INFO">${ingredient} = salt</msg>
<status status="PASS" starttime="20230207 18:23:24.103" endtime="20230207 18:23:24.104"/>
</kw>
<kw name="Get Regexp Matches" library="String">
<var>${qty_in_g}</var>
<arg>${quantity}</arg>
<arg>[0-9]{1,3}g</arg>
<doc>Returns a list of all non-overlapping matches in the given string.</doc>
<msg timestamp="20230207 18:23:24.104" level="INFO">${qty_in_g} = ['6g']</msg>
<status status="PASS" starttime="20230207 18:23:24.104" endtime="20230207 18:23:24.104"/>
</kw>
<kw name="Get Length" library="BuiltIn">
<var>${len_qty_in_g}</var>
<arg>${qty_in_g}[0]</arg>
<doc>Returns and logs the length of the given item as an integer.</doc>
<msg timestamp="20230207 18:23:24.105" level="INFO">Length is 2</msg>
<msg timestamp="20230207 18:23:24.105" level="INFO">${len_qty_in_g} = 2</msg>
<status status="PASS" starttime="20230207 18:23:24.104" endtime="20230207 18:23:24.105"/>
</kw>
<kw name="Evaluate" library="BuiltIn">
<var>${len_qty-2}</var>
<arg>${len_qty_in_g}-${2}</arg>
<doc>Evaluates the given expression in Python and returns the result.</doc>
<msg timestamp="20230207 18:23:24.106" level="INFO">${len_qty-2} = 0</msg>
<status status="PASS" starttime="20230207 18:23:24.105" endtime="20230207 18:23:24.106"/>
</kw>
<kw name="Get Substring" library="String">
<var>${quantity}</var>
<arg>${qty_in_g}[0]</arg>
<arg>${0}</arg>
<arg>${len_qty-2}</arg>
<doc>Returns a substring from ``start`` index to ``end`` index.</doc>
<msg timestamp="20230207 18:23:24.107" level="INFO">${quantity} = </msg>
<status status="PASS" starttime="20230207 18:23:24.106" endtime="20230207 18:23:24.107"/>
</kw>
<kw name="Get Substring" library="String">
<var>${units}</var>
<arg>${qty_in_g}[0]</arg>
<arg>-1</arg>
<doc>Returns a substring from ``start`` index to ``end`` index.</doc>
<msg timestamp="20230207 18:23:24.108" level="INFO">${units} = g</msg>
<status status="PASS" starttime="20230207 18:23:24.108" endtime="20230207 18:23:24.108"/>
</kw>
<kw name="Create Dictionary" library="BuiltIn">
<var>${dict_ingredients}</var>
<arg>item=${ingredient}</arg>
<arg>quantity=${quantity}</arg>
<arg>units=${units}</arg>
<doc>Creates and returns a dictionary based on the given ``items``.</doc>
<msg timestamp="20230207 18:23:24.109" level="INFO">${dict_ingredients} = {'item': 'salt', 'quantity': '', 'units': 'g'}</msg>
<status status="PASS" starttime="20230207 18:23:24.108" endtime="20230207 18:23:24.109"/>
</kw>
<kw name="Add Object To Json" library="JSONLibrary">
<var>${json}</var>
<arg>${json}</arg>
<arg>$.ingredients</arg>
<arg>${dict_ingredients}</arg>
<doc>Add an dictionary or list object to json object using json_path</doc>
<msg timestamp="20230207 18:23:24.141" level="INFO">${json} = {'ingredients': [{'item': 'strong white bread flour', 'quantity': '30', 'units': 'g'}, {'item': 'soft butter', 'quantity': '5', 'units': 'g'}, {'item': 'salt', 'quantity': '', 'units': 'g'}]}</msg>
<status status="PASS" starttime="20230207 18:23:24.109" endtime="20230207 18:23:24.141"/>
</kw>
<status status="PASS" starttime="20230207 18:23:24.094" endtime="20230207 18:23:24.141"/>
</branch>
<status status="PASS" starttime="20230207 18:23:24.094" endtime="20230207 18:23:24.141"/>
</if>
<status status="PASS" starttime="20230207 18:23:24.048" endtime="20230207 18:23:24.142"/>
</iter>
<iter>
<var name="${ingredient}">element=578b0511-13ee-4631-b17c-95cbf3e8ef9b</var>
<kw name="Get Text" library="Browser">
<var>${text}</var>
<arg>${ingredient}</arg>
<tag>Assertion</tag>
<tag>Getter</tag>
<tag>PageContent</tag>
<doc>Returns text attribute of the element found by ``selector``.</doc>
<msg timestamp="20230207 18:23:24.174" level="INFO">${text} = 3g (0.1oz) dry yeast or 3x the amount of fresh yeast</msg>
<status status="PASS" starttime="20230207 18:23:24.142" endtime="20230207 18:23:24.175"/>
</kw>
<kw name="Get Regexp Matches" library="String">
<var>${ing}</var>
<arg>${text}</arg>
<arg>[0-9]{1,4}g</arg>
<doc>Returns a list of all non-overlapping matches in the given string.</doc>
<msg timestamp="20230207 18:23:24.175" level="INFO">${ing} = ['3g']</msg>
<status status="PASS" starttime="20230207 18:23:24.175" endtime="20230207 18:23:24.176"/>
</kw>
<kw name="Get Length" library="BuiltIn">
<var>${len_ing}</var>
<arg>${ing}</arg>
<doc>Returns and logs the length of the given item as an integer.</doc>
<msg timestamp="20230207 18:23:24.176" level="INFO">Length is 1</msg>
<msg timestamp="20230207 18:23:24.176" level="INFO">${len_ing} = 1</msg>
<status status="PASS" starttime="20230207 18:23:24.176" endtime="20230207 18:23:24.176"/>
</kw>
<if>
<branch type="IF" condition="${len_ing}!= ${0}">
<kw name="Evaluate" library="BuiltIn">
<var>${i}</var>
<arg>$text.index(")")</arg>
<doc>Evaluates the given expression in Python and returns the result.</doc>
<msg timestamp="20230207 18:23:24.178" level="INFO">${i} = 9</msg>
<status status="PASS" starttime="20230207 18:23:24.177" endtime="20230207 18:23:24.178"/>
</kw>
<kw name="Convert To Integer" library="BuiltIn">
<var>${integer}</var>
<arg>${i}</arg>
<doc>Converts the given item to an integer number.</doc>
<msg timestamp="20230207 18:23:24.179" level="INFO">${integer} = 9</msg>
<status status="PASS" starttime="20230207 18:23:24.178" endtime="20230207 18:23:24.179"/>
</kw>
<kw name="Evaluate" library="BuiltIn">
<var>${i+1}</var>
<arg>${integer} + ${1}</arg>
<doc>Evaluates the given expression in Python and returns the result.</doc>
<msg timestamp="20230207 18:23:24.181" level="INFO">${i+1} = 10</msg>
<status status="PASS" starttime="20230207 18:23:24.179" endtime="20230207 18:23:24.181"/>
</kw>
<kw name="Evaluate" library="BuiltIn">
<var>${i+2}</var>
<arg>${integer} + ${2}</arg>
<doc>Evaluates the given expression in Python and returns the result.</doc>
<msg timestamp="20230207 18:23:24.183" level="INFO">${i+2} = 11</msg>
<status status="PASS" starttime="20230207 18:23:24.181" endtime="20230207 18:23:24.183"/>
</kw>
<kw name="Get Substring" library="String">
<var>${quantity}</var>
<arg>${text}</arg>
<arg>${0}</arg>
<arg>${i+1}</arg>
<doc>Returns a substring from ``start`` index to ``end`` index.</doc>
<msg timestamp="20230207 18:23:24.185" level="INFO">${quantity} = 3g (0.1oz)</msg>
<status status="PASS" starttime="20230207 18:23:24.184" endtime="20230207 18:23:24.185"/>
</kw>
<kw name="Get Substring" library="String">
<var>${ingredient}</var>
<arg>${text}</arg>
<arg>${i+2}</arg>
<doc>Returns a substring from ``start`` index to ``end`` index.</doc>
<msg timestamp="20230207 18:23:24.186" level="INFO">${ingredient} = dry yeast or 3x the amount of fresh yeast</msg>
<status status="PASS" starttime="20230207 18:23:24.185" endtime="20230207 18:23:24.186"/>
</kw>
<kw name="Get Regexp Matches" library="String">
<var>${qty_in_g}</var>
<arg>${quantity}</arg>
<arg>[0-9]{1,3}g</arg>
<doc>Returns a list of all non-overlapping matches in the given string.</doc>
<msg timestamp="20230207 18:23:24.187" level="INFO">${qty_in_g} = ['3g']</msg>
<status status="PASS" starttime="20230207 18:23:24.186" endtime="20230207 18:23:24.187"/>
</kw>
<kw name="Get Length" library="BuiltIn">
<var>${len_qty_in_g}</var>
<arg>${qty_in_g}[0]</arg>
<doc>Returns and logs the length of the given item as an integer.</doc>
<msg timestamp="20230207 18:23:24.187" level="INFO">Length is 2</msg>
<msg timestamp="20230207 18:23:24.188" level="INFO">${len_qty_in_g} = 2</msg>
<status status="PASS" starttime="20230207 18:23:24.187" endtime="20230207 18:23:24.188"/>
</kw>
<kw name="Evaluate" library="BuiltIn">
<var>${len_qty-2}</var>
<arg>${len_qty_in_g}-${2}</arg>
<doc>Evaluates the given expression in Python and returns the result.</doc>
<msg timestamp="20230207 18:23:24.190" level="INFO">${len_qty-2} = 0</msg>
<status status="PASS" starttime="20230207 18:23:24.188" endtime="20230207 18:23:24.190"/>
</kw>
<kw name="Get Substring" library="String">
<var>${quantity}</var>
<arg>${qty_in_g}[0]</arg>
<arg>${0}</arg>
<arg>${len_qty-2}</arg>
<doc>Returns a substring from ``start`` index to ``end`` index.</doc>
<msg timestamp="20230207 18:23:24.192" level="INFO">${quantity} = </msg>
<status status="PASS" starttime="20230207 18:23:24.190" endtime="20230207 18:23:24.192"/>
</kw>
<kw name="Get Substring" library="String">
<var>${units}</var>
<arg>${qty_in_g}[0]</arg>
<arg>-1</arg>
<doc>Returns a substring from ``start`` index to ``end`` index.</doc>
<msg timestamp="20230207 18:23:24.192" level="INFO">${units} = g</msg>
<status status="PASS" starttime="20230207 18:23:24.192" endtime="20230207 18:23:24.192"/>
</kw>
<kw name="Create Dictionary" library="BuiltIn">
<var>${dict_ingredients}</var>
<arg>item=${ingredient}</arg>
<arg>quantity=${quantity}</arg>
<arg>units=${units}</arg>
<doc>Creates and returns a dictionary based on the given ``items``.</doc>
<msg timestamp="20230207 18:23:24.194" level="INFO">${dict_ingredients} = {'item': 'dry yeast or 3x the amount of fresh yeast', 'quantity': '', 'units': 'g'}</msg>
<status status="PASS" starttime="20230207 18:23:24.193" endtime="20230207 18:23:24.195"/>
</kw>
<kw name="Add Object To Json" library="JSONLibrary">
<var>${json}</var>
<arg>${json}</arg>
<arg>$.ingredients</arg>
<arg>${dict_ingredients}</arg>
<doc>Add an dictionary or list object to json object using json_path</doc>
<msg timestamp="20230207 18:23:24.242" level="INFO">${json} = {'ingredients': [{'item': 'strong white bread flour', 'quantity': '30', 'units': 'g'}, {'item': 'soft butter', 'quantity': '5', 'units': 'g'}, {'item': 'salt', 'quantity': '', 'units': 'g'}, {'item': ...</msg>
<status status="PASS" starttime="20230207 18:23:24.195" endtime="20230207 18:23:24.242"/>
</kw>
<status status="PASS" starttime="20230207 18:23:24.176" endtime="20230207 18:23:24.242"/>
</branch>
<status status="PASS" starttime="20230207 18:23:24.176" endtime="20230207 18:23:24.242"/>
</if>
<status status="PASS" starttime="20230207 18:23:24.142" endtime="20230207 18:23:24.243"/>
</iter>
<iter>
<var name="${ingredient}">element=31207f09-cc20-4c5c-855a-9c56fef22686</var>
<kw name="Get Text" library="Browser">
<var>${text}</var>
<arg>${ingredient}</arg>
<tag>Assertion</tag>
<tag>Getter</tag>
<tag>PageContent</tag>
<doc>Returns text attribute of the element found by ``selector``.</doc>
<msg timestamp="20230207 18:23:24.614" level="INFO">${text} = 40g (1.4oz) sugar</msg>
<status status="PASS" starttime="20230207 18:23:24.244" endtime="20230207 18:23:24.615"/>
</kw>
<kw name="Get Regexp Matches" library="String">
<var>${ing}</var>
<arg>${text}</arg>
<arg>[0-9]{1,4}g</arg>
<doc>Returns a list of all non-overlapping matches in the given string.</doc>
<msg timestamp="20230207 18:23:24.616" level="INFO">${ing} = ['40g']</msg>
<status status="PASS" starttime="20230207 18:23:24.615" endtime="20230207 18:23:24.616"/>
</kw>
<kw name="Get Length" library="BuiltIn">
<var>${len_ing}</var>
<arg>${ing}</arg>
<doc>Returns and logs the length of the given item as an integer.</doc>
<msg timestamp="20230207 18:23:24.617" level="INFO">Length is 1</msg>
<msg timestamp="20230207 18:23:24.617" level="INFO">${len_ing} = 1</msg>
<status status="PASS" starttime="20230207 18:23:24.617" endtime="20230207 18:23:24.617"/>
</kw>
<if>
<branch type="IF" condition="${len_ing}!= ${0}">
<kw name="Evaluate" library="BuiltIn">
<var>${i}</var>
<arg>$text.index(")")</arg>
<doc>Evaluates the given expression in Python and returns the result.</doc>
<msg timestamp="20230207 18:23:24.622" level="INFO">${i} = 10</msg>
<status status="PASS" starttime="20230207 18:23:24.620" endtime="20230207 18:23:24.622"/>
</kw>
<kw name="Convert To Integer" library="BuiltIn">
<var>${integer}</var>
<arg>${i}</arg>
<doc>Converts the given item to an integer number.</doc>
<msg timestamp="20230207 18:23:24.623" level="INFO">${integer} = 10</msg>
<status status="PASS" starttime="20230207 18:23:24.622" endtime="20230207 18:23:24.623"/>
</kw>
<kw name="Evaluate" library="BuiltIn">
<var>${i+1}</var>
<arg>${integer} + ${1}</arg>
<doc>Evaluates the given expression in Python and returns the result.</doc>
<msg timestamp="20230207 18:23:24.624" level="INFO">${i+1} = 11</msg>
<status status="PASS" starttime="20230207 18:23:24.623" endtime="20230207 18:23:24.624"/>
</kw>
<kw name="Evaluate" library="BuiltIn">
<var>${i+2}</var>
<arg>${integer} + ${2}</arg>
<doc>Evaluates the given expression in Python and returns the result.</doc>
<msg timestamp="20230207 18:23:24.626" level="INFO">${i+2} = 12</msg>
<status status="PASS" starttime="20230207 18:23:24.625" endtime="20230207 18:23:24.626"/>
</kw>
<kw name="Get Substring" library="String">
<var>${quantity}</var>
<arg>${text}</arg>
<arg>${0}</arg>
<arg>${i+1}</arg>
<doc>Returns a substring from ``start`` index to ``end`` index.</doc>
<msg timestamp="20230207 18:23:24.627" level="INFO">${quantity} = 40g (1.4oz)</msg>
<status status="PASS" starttime="20230207 18:23:24.626" endtime="20230207 18:23:24.627"/>
</kw>
<kw name="Get Substring" library="String">
<var>${ingredient}</var>
<arg>${text}</arg>
<arg>${i+2}</arg>
<doc>Returns a substring from ``start`` index to ``end`` index.</doc>
<msg timestamp="20230207 18:23:24.628" level="INFO">${ingredient} = sugar</msg>
<status status="PASS" starttime="20230207 18:23:24.628" endtime="20230207 18:23:24.628"/>
</kw>
<kw name="Get Regexp Matches" library="String">
<var>${qty_in_g}</var>
<arg>${quantity}</arg>
<arg>[0-9]{1,3}g</arg>
<doc>Returns a list of all non-overlapping matches in the given string.</doc>
<msg timestamp="20230207 18:23:24.629" level="INFO">${qty_in_g} = ['40g']</msg>
<status status="PASS" starttime="20230207 18:23:24.628" endtime="20230207 18:23:24.629"/>
</kw>
<kw name="Get Length" library="BuiltIn">
<var>${len_qty_in_g}</var>
<arg>${qty_in_g}[0]</arg>
<doc>Returns and logs the length of the given item as an integer.</doc>
<msg timestamp="20230207 18:23:24.630" level="INFO">Length is 3</msg>
<msg timestamp="20230207 18:23:24.630" level="INFO">${len_qty_in_g} = 3</msg>
<status status="PASS" starttime="20230207 18:23:24.630" endtime="20230207 18:23:24.630"/>
</kw>
<kw name="Evaluate" library="BuiltIn">
<var>${len_qty-2}</var>
<arg>${len_qty_in_g}-${2}</arg>
<doc>Evaluates the given expression in Python and returns the result.</doc>
<msg timestamp="20230207 18:23:24.632" level="INFO">${len_qty-2} = 1</msg>
<status status="PASS" starttime="20230207 18:23:24.631" endtime="20230207 18:23:24.632"/>
</kw>
<kw name="Get Substring" library="String">
<var>${quantity}</var>
<arg>${qty_in_g}[0]</arg>
<arg>${0}</arg>
<arg>${len_qty-2}</arg>
<doc>Returns a substring from ``start`` index to ``end`` index.</doc>
<msg timestamp="20230207 18:23:24.635" level="INFO">${quantity} = 4</msg>
<status status="PASS" starttime="20230207 18:23:24.634" endtime="20230207 18:23:24.636"/>
</kw>
<kw name="Get Substring" library="String">
<var>${units}</var>
<arg>${qty_in_g}[0]</arg>
<arg>-1</arg>
<doc>Returns a substring from ``start`` index to ``end`` index.</doc>
<msg timestamp="20230207 18:23:24.636" level="INFO">${units} = g</msg>
<status status="PASS" starttime="20230207 18:23:24.636" endtime="20230207 18:23:24.636"/>
</kw>
<kw name="Create Dictionary" library="BuiltIn">
<var>${dict_ingredients}</var>
<arg>item=${ingredient}</arg>
<arg>quantity=${quantity}</arg>
<arg>units=${units}</arg>
<doc>Creates and returns a dictionary based on the given ``items``.</doc>
<msg timestamp="20230207 18:23:24.638" level="INFO">${dict_ingredients} = {'item': 'sugar', 'quantity': '4', 'units': 'g'}</msg>
<status status="PASS" starttime="20230207 18:23:24.637" endtime="20230207 18:23:24.638"/>
</kw>
<kw name="Add Object To Json" library="JSONLibrary">
<var>${json}</var>
<arg>${json}</arg>
<arg>$.ingredients</arg>
<arg>${dict_ingredients}</arg>
<doc>Add an dictionary or list object to json object using json_path</doc>
<msg timestamp="20230207 18:23:24.677" level="INFO">${json} = {'ingredients': [{'item': 'strong white bread flour', 'quantity': '30', 'units': 'g'}, {'item': 'soft butter', 'quantity': '5', 'units': 'g'}, {'item': 'salt', 'quantity': '', 'units': 'g'}, {'item': ...</msg>
<status status="PASS" starttime="20230207 18:23:24.638" endtime="20230207 18:23:24.678"/>
</kw>
<status status="PASS" starttime="20230207 18:23:24.618" endtime="20230207 18:23:24.678"/>
</branch>
<status status="PASS" starttime="20230207 18:23:24.617" endtime="20230207 18:23:24.678"/>
</if>
<status status="PASS" starttime="20230207 18:23:24.243" endtime="20230207 18:23:24.678"/>
</iter>
<iter>
<var name="${ingredient}">element=0c7232f7-74eb-4f29-910f-fc5341780b71</var>
<kw name="Get Text" library="Browser">
<var>${text}</var>
<arg>${ingredient}</arg>
<tag>Assertion</tag>
<tag>Getter</tag>
<tag>PageContent</tag>
<doc>Returns text attribute of the element found by ``selector``.</doc>
<msg timestamp="20230207 18:23:24.763" level="INFO">${text} = 2g (0.07oz) cinnamon</msg>
<status status="PASS" starttime="20230207 18:23:24.679" endtime="20230207 18:23:24.763"/>
</kw>
<kw name="Get Regexp Matches" library="String">
<var>${ing}</var>
<arg>${text}</arg>
<arg>[0-9]{1,4}g</arg>
<doc>Returns a list of all non-overlapping matches in the given string.</doc>
<msg timestamp="20230207 18:23:24.765" level="INFO">${ing} = ['2g']</msg>
<status status="PASS" starttime="20230207 18:23:24.764" endtime="20230207 18:23:24.765"/>
</kw>
<kw name="Get Length" library="BuiltIn">
<var>${len_ing}</var>
<arg>${ing}</arg>
<doc>Returns and logs the length of the given item as an integer.</doc>
<msg timestamp="20230207 18:23:24.766" level="INFO">Length is 1</msg>
<msg timestamp="20230207 18:23:24.766" level="INFO">${len_ing} = 1</msg>
<status status="PASS" starttime="20230207 18:23:24.765" endtime="20230207 18:23:24.766"/>
</kw>
<if>
<branch type="IF" condition="${len_ing}!= ${0}">
<kw name="Evaluate" library="BuiltIn">
<var>${i}</var>
<arg>$text.index(")")</arg>
<doc>Evaluates the given expression in Python and returns the result.</doc>
<msg timestamp="20230207 18:23:24.769" level="INFO">${i} = 10</msg>
<status status="PASS" starttime="20230207 18:23:24.768" endtime="20230207 18:23:24.769"/>
</kw>
<kw name="Convert To Integer" library="BuiltIn">
<var>${integer}</var>
<arg>${i}</arg>
<doc>Converts the given item to an integer number.</doc>
<msg timestamp="20230207 18:23:24.771" level="INFO">${integer} = 10</msg>
<status status="PASS" starttime="20230207 18:23:24.770" endtime="20230207 18:23:24.771"/>
</kw>
<kw name="Evaluate" library="BuiltIn">
<var>${i+1}</var>
<arg>${integer} + ${1}</arg>
<doc>Evaluates the given expression in Python and returns the result.</doc>
<msg timestamp="20230207 18:23:24.773" level="INFO">${i+1} = 11</msg>
<status status="PASS" starttime="20230207 18:23:24.771" endtime="20230207 18:23:24.773"/>
</kw>
<kw name="Evaluate" library="BuiltIn">
<var>${i+2}</var>
<arg>${integer} + ${2}</arg>
<doc>Evaluates the given expression in Python and returns the result.</doc>
<msg timestamp="20230207 18:23:24.776" level="INFO">${i+2} = 12</msg>
<status status="PASS" starttime="20230207 18:23:24.774" endtime="20230207 18:23:24.776"/>
</kw>
<kw name="Get Substring" library="String">
<var>${quantity}</var>
<arg>${text}</arg>
<arg>${0}</arg>
<arg>${i+1}</arg>
<doc>Returns a substring from ``start`` index to ``end`` index.</doc>
<msg timestamp="20230207 18:23:24.780" level="INFO">${quantity} = 2g (0.07oz)</msg>
<status status="PASS" starttime="20230207 18:23:24.777" endtime="20230207 18:23:24.780"/>
</kw>
<kw name="Get Substring" library="String">
<var>${ingredient}</var>
<arg>${text}</arg>
<arg>${i+2}</arg>
<doc>Returns a substring from ``start`` index to ``end`` index.</doc>
<msg timestamp="20230207 18:23:24.781" level="INFO">${ingredient} = cinnamon</msg>
<status status="PASS" starttime="20230207 18:23:24.780" endtime="20230207 18:23:24.782"/>
</kw>
<kw name="Get Regexp Matches" library="String">
<var>${qty_in_g}</var>
<arg>${quantity}</arg>
<arg>[0-9]{1,3}g</arg>
<doc>Returns a list of all non-overlapping matches in the given string.</doc>
<msg timestamp="20230207 18:23:24.783" level="INFO">${qty_in_g} = ['2g']</msg>
<status status="PASS" starttime="20230207 18:23:24.782" endtime="20230207 18:23:24.783"/>
</kw>
<kw name="Get Length" library="BuiltIn">
<var>${len_qty_in_g}</var>
<arg>${qty_in_g}[0]</arg>
<doc>Returns and logs the length of the given item as an integer.</doc>
<msg timestamp="20230207 18:23:24.784" level="INFO">Length is 2</msg>
<msg timestamp="20230207 18:23:24.784" level="INFO">${len_qty_in_g} = 2</msg>
<status status="PASS" starttime="20230207 18:23:24.783" endtime="20230207 18:23:24.784"/>
</kw>
<kw name="Evaluate" library="BuiltIn">
<var>${len_qty-2}</var>
<arg>${len_qty_in_g}-${2}</arg>
<doc>Evaluates the given expression in Python and returns the result.</doc>
<msg timestamp="20230207 18:23:24.786" level="INFO">${len_qty-2} = 0</msg>
<status status="PASS" starttime="20230207 18:23:24.784" endtime="20230207 18:23:24.786"/>
</kw>
<kw name="Get Substring" library="String">
<var>${quantity}</var>
<arg>${qty_in_g}[0]</arg>
<arg>${0}</arg>
<arg>${len_qty-2}</arg>
<doc>Returns a substring from ``start`` index to ``end`` index.</doc>
<msg timestamp="20230207 18:23:24.789" level="INFO">${quantity} = </msg>
<status status="PASS" starttime="20230207 18:23:24.787" endtime="20230207 18:23:24.789"/>
</kw>
<kw name="Get Substring" library="String">
<var>${units}</var>
<arg>${qty_in_g}[0]</arg>
<arg>-1</arg>
<doc>Returns a substring from ``start`` index to ``end`` index.</doc>
<msg timestamp="20230207 18:23:24.790" level="INFO">${units} = g</msg>
<status status="PASS" starttime="20230207 18:23:24.790" endtime="20230207 18:23:24.790"/>
</kw>
<kw name="Create Dictionary" library="BuiltIn">
<var>${dict_ingredients}</var>
<arg>item=${ingredient}</arg>
<arg>quantity=${quantity}</arg>
<arg>units=${units}</arg>
<doc>Creates and returns a dictionary based on the given ``items``.</doc>
<msg timestamp="20230207 18:23:24.793" level="INFO">${dict_ingredients} = {'item': 'cinnamon', 'quantity': '', 'units': 'g'}</msg>
<status status="PASS" starttime="20230207 18:23:24.791" endtime="20230207 18:23:24.793"/>
</kw>
<kw name="Add Object To Json" library="JSONLibrary">
<var>${json}</var>
<arg>${json}</arg>
<arg>$.ingredients</arg>
<arg>${dict_ingredients}</arg>
<doc>Add an dictionary or list object to json object using json_path</doc>
<msg timestamp="20230207 18:23:24.843" level="INFO">${json} = {'ingredients': [{'item': 'strong white bread flour', 'quantity': '30', 'units': 'g'}, {'item': 'soft butter', 'quantity': '5', 'units': 'g'}, {'item': 'salt', 'quantity': '', 'units': 'g'}, {'item': ...</msg>
<status status="PASS" starttime="20230207 18:23:24.793" endtime="20230207 18:23:24.843"/>
</kw>
<status status="PASS" starttime="20230207 18:23:24.766" endtime="20230207 18:23:24.843"/>
</branch>
<status status="PASS" starttime="20230207 18:23:24.766" endtime="20230207 18:23:24.844"/>
</if>
<status status="PASS" starttime="20230207 18:23:24.678" endtime="20230207 18:23:24.844"/>
</iter>
<iter>
<var name="${ingredient}">element=f95ec25d-befb-4217-867a-0ca07caeb927</var>
<kw name="Get Text" library="Browser">
<var>${text}</var>
<arg>${ingredient}</arg>
<tag>Assertion</tag>
<tag>Getter</tag>
<tag>PageContent</tag>
<doc>Returns text attribute of the element found by ``selector``.</doc>
<msg timestamp="20230207 18:23:25.028" level="INFO">${text} = 2g (0.07oz) vanilla paste or syrup</msg>
<status status="PASS" starttime="20230207 18:23:24.845" endtime="20230207 18:23:25.028"/>
</kw>
<kw name="Get Regexp Matches" library="String">
<var>${ing}</var>
<arg>${text}</arg>
<arg>[0-9]{1,4}g</arg>
<doc>Returns a list of all non-overlapping matches in the given string.</doc>
<msg timestamp="20230207 18:23:25.030" level="INFO">${ing} = ['2g']</msg>
<status status="PASS" starttime="20230207 18:23:25.029" endtime="20230207 18:23:25.030"/>
</kw>
<kw name="Get Length" library="BuiltIn">
<var>${len_ing}</var>
<arg>${ing}</arg>
<doc>Returns and logs the length of the given item as an integer.</doc>
<msg timestamp="20230207 18:23:25.031" level="INFO">Length is 1</msg>
<msg timestamp="20230207 18:23:25.033" level="INFO">${len_ing} = 1</msg>
<status status="PASS" starttime="20230207 18:23:25.031" endtime="20230207 18:23:25.033"/>
</kw>
<if>
<branch type="IF" condition="${len_ing}!= ${0}">
<kw name="Evaluate" library="BuiltIn">
<var>${i}</var>
<arg>$text.index(")")</arg>
<doc>Evaluates the given expression in Python and returns the result.</doc>
<msg timestamp="20230207 18:23:25.039" level="INFO">${i} = 10</msg>
<status status="PASS" starttime="20230207 18:23:25.037" endtime="20230207 18:23:25.039"/>
</kw>
<kw name="Convert To Integer" library="BuiltIn">
<var>${integer}</var>
<arg>${i}</arg>
<doc>Converts the given item to an integer number.</doc>
<msg timestamp="20230207 18:23:25.039" level="INFO">${integer} = 10</msg>
<status status="PASS" starttime="20230207 18:23:25.039" endtime="20230207 18:23:25.040"/>
</kw>
<kw name="Evaluate" library="BuiltIn">
<var>${i+1}</var>
<arg>${integer} + ${1}</arg>
<doc>Evaluates the given expression in Python and returns the result.</doc>
<msg timestamp="20230207 18:23:25.041" level="INFO">${i+1} = 11</msg>
<status status="PASS" starttime="20230207 18:23:25.040" endtime="20230207 18:23:25.041"/>
</kw>
<kw name="Evaluate" library="BuiltIn">
<var>${i+2}</var>
<arg>${integer} + ${2}</arg>
<doc>Evaluates the given expression in Python and returns the result.</doc>
<msg timestamp="20230207 18:23:25.042" level="INFO">${i+2} = 12</msg>
<status status="PASS" starttime="20230207 18:23:25.041" endtime="20230207 18:23:25.042"/>
</kw>
<kw name="Get Substring" library="String">
<var>${quantity}</var>
<arg>${text}</arg>
<arg>${0}</arg>
<arg>${i+1}</arg>
<doc>Returns a substring from ``start`` index to ``end`` index.</doc>
<msg timestamp="20230207 18:23:25.043" level="INFO">${quantity} = 2g (0.07oz)</msg>
<status status="PASS" starttime="20230207 18:23:25.042" endtime="20230207 18:23:25.043"/>
</kw>
<kw name="Get Substring" library="String">
<var>${ingredient}</var>
<arg>${text}</arg>
<arg>${i+2}</arg>
<doc>Returns a substring from ``start`` index to ``end`` index.</doc>
<msg timestamp="20230207 18:23:25.044" level="INFO">${ingredient} = vanilla paste or syrup</msg>
<status status="PASS" starttime="20230207 18:23:25.044" endtime="20230207 18:23:25.044"/>
</kw>
<kw name="Get Regexp Matches" library="String">
<var>${qty_in_g}</var>
<arg>${quantity}</arg>
<arg>[0-9]{1,3}g</arg>
<doc>Returns a list of all non-overlapping matches in the given string.</doc>
<msg timestamp="20230207 18:23:25.045" level="INFO">${qty_in_g} = ['2g']</msg>
<status status="PASS" starttime="20230207 18:23:25.044" endtime="20230207 18:23:25.045"/>
</kw>
<kw name="Get Length" library="BuiltIn">
<var>${len_qty_in_g}</var>
<arg>${qty_in_g}[0]</arg>
<doc>Returns and logs the length of the given item as an integer.</doc>
<msg timestamp="20230207 18:23:25.047" level="INFO">Length is 2</msg>
<msg timestamp="20230207 18:23:25.047" level="INFO">${len_qty_in_g} = 2</msg>
<status status="PASS" starttime="20230207 18:23:25.046" endtime="20230207 18:23:25.047"/>
</kw>
<kw name="Evaluate" library="BuiltIn">
<var>${len_qty-2}</var>
<arg>${len_qty_in_g}-${2}</arg>
<doc>Evaluates the given expression in Python and returns the result.</doc>
<msg timestamp="20230207 18:23:25.049" level="INFO">${len_qty-2} = 0</msg>
<status status="PASS" starttime="20230207 18:23:25.047" endtime="20230207 18:23:25.049"/>
</kw>
<kw name="Get Substring" library="String">
<var>${quantity}</var>
<arg>${qty_in_g}[0]</arg>
<arg>${0}</arg>
<arg>${len_qty-2}</arg>
<doc>Returns a substring from ``start`` index to ``end`` index.</doc>
<msg timestamp="20230207 18:23:25.051" level="INFO">${quantity} = </msg>
<status status="PASS" starttime="20230207 18:23:25.050" endtime="20230207 18:23:25.051"/>
</kw>
<kw name="Get Substring" library="String">
<var>${units}</var>
<arg>${qty_in_g}[0]</arg>
<arg>-1</arg>
<doc>Returns a substring from ``start`` index to ``end`` index.</doc>
<msg timestamp="20230207 18:23:25.052" level="INFO">${units} = g</msg>
<status status="PASS" starttime="20230207 18:23:25.051" endtime="20230207 18:23:25.052"/>
</kw>
<kw name="Create Dictionary" library="BuiltIn">
<var>${dict_ingredients}</var>
<arg>item=${ingredient}</arg>
<arg>quantity=${quantity}</arg>
<arg>units=${units}</arg>
<doc>Creates and returns a dictionary based on the given ``items``.</doc>
<msg timestamp="20230207 18:23:25.056" level="INFO">${dict_ingredients} = {'item': 'vanilla paste or syrup', 'quantity': '', 'units': 'g'}</msg>
<status status="PASS" starttime="20230207 18:23:25.054" endtime="20230207 18:23:25.056"/>
</kw>
<kw name="Add Object To Json" library="JSONLibrary">
<var>${json}</var>
<arg>${json}</arg>
<arg>$.ingredients</arg>
<arg>${dict_ingredients}</arg>
<doc>Add an dictionary or list object to json object using json_path</doc>
<msg timestamp="20230207 18:23:25.105" level="INFO">${json} = {'ingredients': [{'item': 'strong white bread flour', 'quantity': '30', 'units': 'g'}, {'item': 'soft butter', 'quantity': '5', 'units': 'g'}, {'item': 'salt', 'quantity': '', 'units': 'g'}, {'item': ...</msg>
<status status="PASS" starttime="20230207 18:23:25.056" endtime="20230207 18:23:25.105"/>
</kw>
<status status="PASS" starttime="20230207 18:23:25.034" endtime="20230207 18:23:25.105"/>
</branch>
<status status="PASS" starttime="20230207 18:23:25.033" endtime="20230207 18:23:25.106"/>
</if>
<status status="PASS" starttime="20230207 18:23:24.844" endtime="20230207 18:23:25.106"/>
</iter>
<iter>
<var name="${ingredient}">element=3dc30367-9273-41be-b697-1fe4fdae8094</var>
<kw name="Get Text" library="Browser">
<var>${text}</var>
<arg>${ingredient}</arg>
<tag>Assertion</tag>
<tag>Getter</tag>
<tag>PageContent</tag>
<doc>Returns text attribute of the element found by ``selector``.</doc>
<msg timestamp="20230207 18:23:25.231" level="INFO">${text} = 140g (5oz) milk at 8C (46F) if your kitchen is between 22-24C (71-75F)</msg>
<status status="PASS" starttime="20230207 18:23:25.106" endtime="20230207 18:23:25.232"/>
</kw>
<kw name="Get Regexp Matches" library="String">
<var>${ing}</var>
<arg>${text}</arg>
<arg>[0-9]{1,4}g</arg>
<doc>Returns a list of all non-overlapping matches in the given string.</doc>
<msg timestamp="20230207 18:23:25.233" level="INFO">${ing} = ['140g']</msg>
<status status="PASS" starttime="20230207 18:23:25.232" endtime="20230207 18:23:25.233"/>
</kw>
<kw name="Get Length" library="BuiltIn">
<var>${len_ing}</var>
<arg>${ing}</arg>
<doc>Returns and logs the length of the given item as an integer.</doc>
<msg timestamp="20230207 18:23:25.235" level="INFO">Length is 1</msg>
<msg timestamp="20230207 18:23:25.235" level="INFO">${len_ing} = 1</msg>
<status status="PASS" starttime="20230207 18:23:25.234" endtime="20230207 18:23:25.235"/>
</kw>
<if>
<branch type="IF" condition="${len_ing}!= ${0}">
<kw name="Evaluate" library="BuiltIn">
<var>${i}</var>
<arg>$text.index(")")</arg>
<doc>Evaluates the given expression in Python and returns the result.</doc>
<msg timestamp="20230207 18:23:25.238" level="INFO">${i} = 9</msg>
<status status="PASS" starttime="20230207 18:23:25.237" endtime="20230207 18:23:25.238"/>
</kw>
<kw name="Convert To Integer" library="BuiltIn">
<var>${integer}</var>
<arg>${i}</arg>
<doc>Converts the given item to an integer number.</doc>
<msg timestamp="20230207 18:23:25.240" level="INFO">${integer} = 9</msg>
<status status="PASS" starttime="20230207 18:23:25.239" endtime="20230207 18:23:25.240"/>
</kw>
<kw name="Evaluate" library="BuiltIn">
<var>${i+1}</var>
<arg>${integer} + ${1}</arg>
<doc>Evaluates the given expression in Python and returns the result.</doc>
<msg timestamp="20230207 18:23:25.242" level="INFO">${i+1} = 10</msg>
<status status="PASS" starttime="20230207 18:23:25.240" endtime="20230207 18:23:25.242"/>
</kw>
<kw name="Evaluate" library="BuiltIn">
<var>${i+2}</var>
<arg>${integer} + ${2}</arg>
<doc>Evaluates the given expression in Python and returns the result.</doc>
<msg timestamp="20230207 18:23:25.245" level="INFO">${i+2} = 11</msg>
<status status="PASS" starttime="20230207 18:23:25.242" endtime="20230207 18:23:25.245"/>
</kw>
<kw name="Get Substring" library="String">
<var>${quantity}</var>
<arg>${text}</arg>
<arg>${0}</arg>
<arg>${i+1}</arg>
<doc>Returns a substring from ``start`` index to ``end`` index.</doc>
<msg timestamp="20230207 18:23:25.248" level="INFO">${quantity} = 140g (5oz)</msg>
<status status="PASS" starttime="20230207 18:23:25.245" endtime="20230207 18:23:25.248"/>
</kw>
<kw name="Get Substring" library="String">
<var>${ingredient}</var>
<arg>${text}</arg>
<arg>${i+2}</arg>
<doc>Returns a substring from ``start`` index to ``end`` index.</doc>
<msg timestamp="20230207 18:23:25.250" level="INFO">${ingredient} = milk at 8C (46F) if your kitchen is between 22-24C (71-75F)</msg>
<status status="PASS" starttime="20230207 18:23:25.248" endtime="20230207 18:23:25.250"/>
</kw>
<kw name="Get Regexp Matches" library="String">
<var>${qty_in_g}</var>
<arg>${quantity}</arg>
<arg>[0-9]{1,3}g</arg>
<doc>Returns a list of all non-overlapping matches in the given string.</doc>
<msg timestamp="20230207 18:23:25.252" level="INFO">${qty_in_g} = ['140g']</msg>
<status status="PASS" starttime="20230207 18:23:25.251" endtime="20230207 18:23:25.252"/>
</kw>
<kw name="Get Length" library="BuiltIn">
<var>${len_qty_in_g}</var>
<arg>${qty_in_g}[0]</arg>
<doc>Returns and logs the length of the given item as an integer.</doc>
<msg timestamp="20230207 18:23:25.253" level="INFO">Length is 4</msg>
<msg timestamp="20230207 18:23:25.253" level="INFO">${len_qty_in_g} = 4</msg>
<status status="PASS" starttime="20230207 18:23:25.252" endtime="20230207 18:23:25.253"/>
</kw>
<kw name="Evaluate" library="BuiltIn">
<var>${len_qty-2}</var>
<arg>${len_qty_in_g}-${2}</arg>
<doc>Evaluates the given expression in Python and returns the result.</doc>
<msg timestamp="20230207 18:23:25.254" level="INFO">${len_qty-2} = 2</msg>
<status status="PASS" starttime="20230207 18:23:25.253" endtime="20230207 18:23:25.255"/>
</kw>
<kw name="Get Substring" library="String">
<var>${quantity}</var>
<arg>${qty_in_g}[0]</arg>
<arg>${0}</arg>
<arg>${len_qty-2}</arg>
[...]
</kw>
<kw name="Get Regexp Matches" library="String">
<var>${qty_in_g}</var>
<arg>${quantity}</arg>
<arg>[0-9]{1,3}g</arg>
<doc>Returns a list of all non-overlapping matches in the given string.</doc>
<status status="NOT RUN" starttime="20230207 18:23:26.095" endtime="20230207 18:23:26.095"/>
</kw>
<kw name="Get Length" library="BuiltIn">
<var>${len_qty_in_g}</var>
<arg>${qty_in_g}[0]</arg>
<doc>Returns and logs the length of the given item as an integer.</doc>
<status status="NOT RUN" starttime="20230207 18:23:26.096" endtime="20230207 18:23:26.096"/>
</kw>
<kw name="Evaluate" library="BuiltIn">
<var>${len_qty-2}</var>
<arg>${len_qty_in_g}-${2}</arg>
<doc>Evaluates the given expression in Python and returns the result.</doc>
<status status="NOT RUN" starttime="20230207 18:23:26.096" endtime="20230207 18:23:26.096"/>
</kw>
<kw name="Get Substring" library="String">
<var>${quantity}</var>
<arg>${qty_in_g}[0]</arg>
<arg>${0}</arg>
<arg>${len_qty-2}</arg>
<doc>Returns a substring from ``start`` index to ``end`` index.</doc>
<status status="NOT RUN" starttime="20230207 18:23:26.101" endtime="20230207 18:23:26.102"/>
</kw>
<kw name="Get Substring" library="String">
<var>${units}</var>
<arg>${qty_in_g}[0]</arg>
<arg>-1</arg>
<doc>Returns a substring from ``start`` index to ``end`` index.</doc>
<status status="NOT RUN" starttime="20230207 18:23:26.103" endtime="20230207 18:23:26.103"/>
</kw>
<kw name="Create Dictionary" library="BuiltIn">
<var>${dict_ingredients}</var>
<arg>item=${ingredient}</arg>
<arg>quantity=${quantity}</arg>
<arg>units=${units}</arg>
<doc>Creates and returns a dictionary based on the given ``items``.</doc>
<status status="NOT RUN" starttime="20230207 18:23:26.103" endtime="20230207 18:23:26.103"/>
</kw>
<kw name="Add Object To Json" library="JSONLibrary">
<var>${json}</var>
<arg>${json}</arg>
<arg>$.ingredients</arg>
<arg>${dict_ingredients}</arg>
<doc>Add an dictionary or list object to json object using json_path</doc>
<status status="NOT RUN" starttime="20230207 18:23:26.104" endtime="20230207 18:23:26.104"/>
</kw>
<status status="NOT RUN" starttime="20230207 18:23:26.091" endtime="20230207 18:23:26.104"/>
</branch>
<status status="PASS" starttime="20230207 18:23:26.091" endtime="20230207 18:23:26.104"/>
</if>
<status status="PASS" starttime="20230207 18:23:26.026" endtime="20230207 18:23:26.104"/>
</iter>
<iter>
<var name="${ingredient}">element=277a4d2f-593c-4801-9dd5-c298da74537b</var>
<kw name="Get Text" library="Browser">
<var>${text}</var>
<arg>${ingredient}</arg>
<tag>Assertion</tag>
<tag>Getter</tag>
<tag>PageContent</tag>
<doc>Returns text attribute of the element found by ``selector``.</doc>
<msg timestamp="20230207 18:23:26.144" level="INFO">${text} = 150g (5.3oz) icing sugar</msg>
<status status="PASS" starttime="20230207 18:23:26.105" endtime="20230207 18:23:26.144"/>
</kw>
<kw name="Get Regexp Matches" library="String">
<var>${ing}</var>
<arg>${text}</arg>
<arg>[0-9]{1,4}g</arg>
<doc>Returns a list of all non-overlapping matches in the given string.</doc>
<msg timestamp="20230207 18:23:26.146" level="INFO">${ing} = ['150g']</msg>
<status status="PASS" starttime="20230207 18:23:26.145" endtime="20230207 18:23:26.146"/>
</kw>
<kw name="Get Length" library="BuiltIn">
<var>${len_ing}</var>
<arg>${ing}</arg>
<doc>Returns and logs the length of the given item as an integer.</doc>
<msg timestamp="20230207 18:23:26.147" level="INFO">Length is 1</msg>
<msg timestamp="20230207 18:23:26.148" level="INFO">${len_ing} = 1</msg>
<status status="PASS" starttime="20230207 18:23:26.146" endtime="20230207 18:23:26.148"/>
</kw>
<if>
<branch type="IF" condition="${len_ing}!= ${0}">
<kw name="Evaluate" library="BuiltIn">
<var>${i}</var>
<arg>$text.index(")")</arg>
<doc>Evaluates the given expression in Python and returns the result.</doc>
<msg timestamp="20230207 18:23:26.150" level="INFO">${i} = 11</msg>
<status status="PASS" starttime="20230207 18:23:26.150" endtime="20230207 18:23:26.150"/>
</kw>
<kw name="Convert To Integer" library="BuiltIn">
<var>${integer}</var>
<arg>${i}</arg>
<doc>Converts the given item to an integer number.</doc>
<msg timestamp="20230207 18:23:26.151" level="INFO">${integer} = 11</msg>
<status status="PASS" starttime="20230207 18:23:26.151" endtime="20230207 18:23:26.151"/>
</kw>
<kw name="Evaluate" library="BuiltIn">
<var>${i+1}</var>
<arg>${integer} + ${1}</arg>
<doc>Evaluates the given expression in Python and returns the result.</doc>
<msg timestamp="20230207 18:23:26.153" level="INFO">${i+1} = 12</msg>
<status status="PASS" starttime="20230207 18:23:26.152" endtime="20230207 18:23:26.153"/>
</kw>
<kw name="Evaluate" library="BuiltIn">
<var>${i+2}</var>
<arg>${integer} + ${2}</arg>
<doc>Evaluates the given expression in Python and returns the result.</doc>
<msg timestamp="20230207 18:23:26.154" level="INFO">${i+2} = 13</msg>
<status status="PASS" starttime="20230207 18:23:26.153" endtime="20230207 18:23:26.154"/>
</kw>
<kw name="Get Substring" library="String">
<var>${quantity}</var>
<arg>${text}</arg>
<arg>${0}</arg>
<arg>${i+1}</arg>
<doc>Returns a substring from ``start`` index to ``end`` index.</doc>
<msg timestamp="20230207 18:23:26.155" level="INFO">${quantity} = 150g (5.3oz)</msg>
<status status="PASS" starttime="20230207 18:23:26.154" endtime="20230207 18:23:26.155"/>
</kw>
<kw name="Get Substring" library="String">
<var>${ingredient}</var>
<arg>${text}</arg>
<arg>${i+2}</arg>
<doc>Returns a substring from ``start`` index to ``end`` index.</doc>
<msg timestamp="20230207 18:23:26.156" level="INFO">${ingredient} = icing sugar</msg>
<status status="PASS" starttime="20230207 18:23:26.155" endtime="20230207 18:23:26.156"/>
</kw>
<kw name="Get Regexp Matches" library="String">
<var>${qty_in_g}</var>
<arg>${quantity}</arg>
<arg>[0-9]{1,3}g</arg>
<doc>Returns a list of all non-overlapping matches in the given string.</doc>
<msg timestamp="20230207 18:23:26.156" level="INFO">${qty_in_g} = ['150g']</msg>
<status status="PASS" starttime="20230207 18:23:26.156" endtime="20230207 18:23:26.156"/>
</kw>
<kw name="Get Length" library="BuiltIn">
<var>${len_qty_in_g}</var>
<arg>${qty_in_g}[0]</arg>
<doc>Returns and logs the length of the given item as an integer.</doc>
<msg timestamp="20230207 18:23:26.157" level="INFO">Length is 4</msg>
<msg timestamp="20230207 18:23:26.157" level="INFO">${len_qty_in_g} = 4</msg>
<status status="PASS" starttime="20230207 18:23:26.157" endtime="20230207 18:23:26.157"/>
</kw>
<kw name="Evaluate" library="BuiltIn">
<var>${len_qty-2}</var>
<arg>${len_qty_in_g}-${2}</arg>
<doc>Evaluates the given expression in Python and returns the result.</doc>
<msg timestamp="20230207 18:23:26.159" level="INFO">${len_qty-2} = 2</msg>
<status status="PASS" starttime="20230207 18:23:26.157" endtime="20230207 18:23:26.159"/>
</kw>
<kw name="Get Substring" library="String">
<var>${quantity}</var>
<arg>${qty_in_g}[0]</arg>
<arg>${0}</arg>
<arg>${len_qty-2}</arg>
<doc>Returns a substring from ``start`` index to ``end`` index.</doc>
<msg timestamp="20230207 18:23:26.161" level="INFO">${quantity} = 15</msg>
<status status="PASS" starttime="20230207 18:23:26.159" endtime="20230207 18:23:26.161"/>
</kw>
<kw name="Get Substring" library="String">
<var>${units}</var>
<arg>${qty_in_g}[0]</arg>
<arg>-1</arg>
<doc>Returns a substring from ``start`` index to ``end`` index.</doc>
<msg timestamp="20230207 18:23:26.162" level="INFO">${units} = g</msg>
<status status="PASS" starttime="20230207 18:23:26.161" endtime="20230207 18:23:26.162"/>
</kw>
<kw name="Create Dictionary" library="BuiltIn">
<var>${dict_ingredients}</var>
<arg>item=${ingredient}</arg>
<arg>quantity=${quantity}</arg>
<arg>units=${units}</arg>
<doc>Creates and returns a dictionary based on the given ``items``.</doc>
<msg timestamp="20230207 18:23:26.163" level="INFO">${dict_ingredients} = {'item': 'icing sugar', 'quantity': '15', 'units': 'g'}</msg>
<status status="PASS" starttime="20230207 18:23:26.162" endtime="20230207 18:23:26.163"/>
</kw>
<kw name="Add Object To Json" library="JSONLibrary">
<var>${json}</var>
<arg>${json}</arg>
<arg>$.ingredients</arg>
<arg>${dict_ingredients}</arg>
<doc>Add an dictionary or list object to json object using json_path</doc>
<msg timestamp="20230207 18:23:26.201" level="INFO">${json} = {'ingredients': [{'item': 'strong white bread flour', 'quantity': '30', 'units': 'g'}, {'item': 'soft butter', 'quantity': '5', 'units': 'g'}, {'item': 'salt', 'quantity': '', 'units': 'g'}, {'item': ...</msg>
<status status="PASS" starttime="20230207 18:23:26.163" endtime="20230207 18:23:26.201"/>
</kw>
<status status="PASS" starttime="20230207 18:23:26.148" endtime="20230207 18:23:26.201"/>
</branch>
<status status="PASS" starttime="20230207 18:23:26.148" endtime="20230207 18:23:26.201"/>
</if>
<status status="PASS" starttime="20230207 18:23:26.104" endtime="20230207 18:23:26.201"/>
</iter>
<iter>
<var name="${ingredient}">element=ed07d861-41b7-4390-959a-30112a4bbbe6</var>
<kw name="Get Text" library="Browser">
<var>${text}</var>
<arg>${ingredient}</arg>
<tag>Assertion</tag>
<tag>Getter</tag>
<tag>PageContent</tag>
<doc>Returns text attribute of the element found by ``selector``.</doc>
<msg timestamp="20230207 18:23:26.232" level="INFO">${text} = 2 lemons worth of juice</msg>
<status status="PASS" starttime="20230207 18:23:26.202" endtime="20230207 18:23:26.232"/>
</kw>
<kw name="Get Regexp Matches" library="String">
<var>${ing}</var>
<arg>${text}</arg>
<arg>[0-9]{1,4}g</arg>
<doc>Returns a list of all non-overlapping matches in the given string.</doc>
<msg timestamp="20230207 18:23:26.233" level="INFO">${ing} = []</msg>
<status status="PASS" starttime="20230207 18:23:26.232" endtime="20230207 18:23:26.233"/>
</kw>
<kw name="Get Length" library="BuiltIn">
<var>${len_ing}</var>
<arg>${ing}</arg>
<doc>Returns and logs the length of the given item as an integer.</doc>
<msg timestamp="20230207 18:23:26.233" level="INFO">Length is 0</msg>
<msg timestamp="20230207 18:23:26.233" level="INFO">${len_ing} = 0</msg>
<status status="PASS" starttime="20230207 18:23:26.233" endtime="20230207 18:23:26.233"/>
</kw>
<if>
<branch type="IF" condition="${len_ing}!= ${0}">
<kw name="Evaluate" library="BuiltIn">
<var>${i}</var>
<arg>$text.index(")")</arg>
<doc>Evaluates the given expression in Python and returns the result.</doc>
<status status="NOT RUN" starttime="20230207 18:23:26.235" endtime="20230207 18:23:26.235"/>
</kw>
<kw name="Convert To Integer" library="BuiltIn">
<var>${integer}</var>
<arg>${i}</arg>
<doc>Converts the given item to an integer number.</doc>
<status status="NOT RUN" starttime="20230207 18:23:26.235" endtime="20230207 18:23:26.235"/>
</kw>
<kw name="Evaluate" library="BuiltIn">
<var>${i+1}</var>
<arg>${integer} + ${1}</arg>
<doc>Evaluates the given expression in Python and returns the result.</doc>
<status status="NOT RUN" starttime="20230207 18:23:26.235" endtime="20230207 18:23:26.235"/>
</kw>
<kw name="Evaluate" library="BuiltIn">
<var>${i+2}</var>
<arg>${integer} + ${2}</arg>
<doc>Evaluates the given expression in Python and returns the result.</doc>
<status status="NOT RUN" starttime="20230207 18:23:26.236" endtime="20230207 18:23:26.236"/>
</kw>
<kw name="Get Substring" library="String">
<var>${quantity}</var>
<arg>${text}</arg>
<arg>${0}</arg>
<arg>${i+1}</arg>
<doc>Returns a substring from ``start`` index to ``end`` index.</doc>
<status status="NOT RUN" starttime="20230207 18:23:26.236" endtime="20230207 18:23:26.236"/>
</kw>
<kw name="Get Substring" library="String">
<var>${ingredient}</var>
<arg>${text}</arg>
<arg>${i+2}</arg>
<doc>Returns a substring from ``start`` index to ``end`` index.</doc>
<status status="NOT RUN" starttime="20230207 18:23:26.236" endtime="20230207 18:23:26.237"/>
</kw>
<kw name="Get Regexp Matches" library="String">
<var>${qty_in_g}</var>
<arg>${quantity}</arg>
<arg>[0-9]{1,3}g</arg>
<doc>Returns a list of all non-overlapping matches in the given string.</doc>
<status status="NOT RUN" starttime="20230207 18:23:26.237" endtime="20230207 18:23:26.237"/>
</kw>
<kw name="Get Length" library="BuiltIn">
<var>${len_qty_in_g}</var>
<arg>${qty_in_g}[0]</arg>
<doc>Returns and logs the length of the given item as an integer.</doc>
<status status="NOT RUN" starttime="20230207 18:23:26.237" endtime="20230207 18:23:26.237"/>
</kw>
<kw name="Evaluate" library="BuiltIn">
<var>${len_qty-2}</var>
<arg>${len_qty_in_g}-${2}</arg>
<doc>Evaluates the given expression in Python and returns the result.</doc>
<status status="NOT RUN" starttime="20230207 18:23:26.238" endtime="20230207 18:23:26.238"/>
</kw>
<kw name="Get Substring" library="String">
<var>${quantity}</var>
<arg>${qty_in_g}[0]</arg>
<arg>${0}</arg>
<arg>${len_qty-2}</arg>
<doc>Returns a substring from ``start`` index to ``end`` index.</doc>
<status status="NOT RUN" starttime="20230207 18:23:26.238" endtime="20230207 18:23:26.238"/>
</kw>
<kw name="Get Substring" library="String">
<var>${units}</var>
<arg>${qty_in_g}[0]</arg>
<arg>-1</arg>
<doc>Returns a substring from ``start`` index to ``end`` index.</doc>
<status status="NOT RUN" starttime="20230207 18:23:26.238" endtime="20230207 18:23:26.238"/>
</kw>
<kw name="Create Dictionary" library="BuiltIn">
<var>${dict_ingredients}</var>
<arg>item=${ingredient}</arg>
<arg>quantity=${quantity}</arg>
<arg>units=${units}</arg>
<doc>Creates and returns a dictionary based on the given ``items``.</doc>
<status status="NOT RUN" starttime="20230207 18:23:26.239" endtime="20230207 18:23:26.239"/>
</kw>
<kw name="Add Object To Json" library="JSONLibrary">
<var>${json}</var>
<arg>${json}</arg>
<arg>$.ingredients</arg>
<arg>${dict_ingredients}</arg>
<doc>Add an dictionary or list object to json object using json_path</doc>
<status status="NOT RUN" starttime="20230207 18:23:26.239" endtime="20230207 18:23:26.239"/>
</kw>
<status status="NOT RUN" starttime="20230207 18:23:26.234" endtime="20230207 18:23:26.239"/>
</branch>
<status status="PASS" starttime="20230207 18:23:26.234" endtime="20230207 18:23:26.239"/>
</if>
<status status="PASS" starttime="20230207 18:23:26.201" endtime="20230207 18:23:26.239"/>
</iter>
<iter>
<var name="${ingredient}">element=021f5631-424b-4dd4-8ebb-9adf2f537eac</var>
<kw name="Get Text" library="Browser">
<var>${text}</var>
<arg>${ingredient}</arg>
<tag>Assertion</tag>
<tag>Getter</tag>
<tag>PageContent</tag>
<doc>Returns text attribute of the element found by ``selector``.</doc>
<msg timestamp="20230207 18:23:26.272" level="INFO">${text} = Couple of drops of vanilla syrup for flavour</msg>
<status status="PASS" starttime="20230207 18:23:26.240" endtime="20230207 18:23:26.272"/>
</kw>
<kw name="Get Regexp Matches" library="String">
<var>${ing}</var>
<arg>${text}</arg>
<arg>[0-9]{1,4}g</arg>
<doc>Returns a list of all non-overlapping matches in the given string.</doc>
<msg timestamp="20230207 18:23:26.273" level="INFO">${ing} = []</msg>
<status status="PASS" starttime="20230207 18:23:26.273" endtime="20230207 18:23:26.273"/>
</kw>
<kw name="Get Length" library="BuiltIn">
<var>${len_ing}</var>
<arg>${ing}</arg>
<doc>Returns and logs the length of the given item as an integer.</doc>
<msg timestamp="20230207 18:23:26.274" level="INFO">Length is 0</msg>
<msg timestamp="20230207 18:23:26.274" level="INFO">${len_ing} = 0</msg>
<status status="PASS" starttime="20230207 18:23:26.274" endtime="20230207 18:23:26.274"/>
</kw>
<if>
<branch type="IF" condition="${len_ing}!= ${0}">
<kw name="Evaluate" library="BuiltIn">
<var>${i}</var>
<arg>$text.index(")")</arg>
<doc>Evaluates the given expression in Python and returns the result.</doc>
<status status="NOT RUN" starttime="20230207 18:23:26.276" endtime="20230207 18:23:26.276"/>
</kw>
<kw name="Convert To Integer" library="BuiltIn">
<var>${integer}</var>
<arg>${i}</arg>
<doc>Converts the given item to an integer number.</doc>
<status status="NOT RUN" starttime="20230207 18:23:26.277" endtime="20230207 18:23:26.277"/>
</kw>
<kw name="Evaluate" library="BuiltIn">
<var>${i+1}</var>
<arg>${integer} + ${1}</arg>
<doc>Evaluates the given expression in Python and returns the result.</doc>
<status status="NOT RUN" starttime="20230207 18:23:26.278" endtime="20230207 18:23:26.278"/>
</kw>
<kw name="Evaluate" library="BuiltIn">
<var>${i+2}</var>
<arg>${integer} + ${2}</arg>
<doc>Evaluates the given expression in Python and returns the result.</doc>
<status status="NOT RUN" starttime="20230207 18:23:26.278" endtime="20230207 18:23:26.279"/>
</kw>
<kw name="Get Substring" library="String">
<var>${quantity}</var>
<arg>${text}</arg>
<arg>${0}</arg>
<arg>${i+1}</arg>
<doc>Returns a substring from ``start`` index to ``end`` index.</doc>
<status status="NOT RUN" starttime="20230207 18:23:26.279" endtime="20230207 18:23:26.279"/>
</kw>
<kw name="Get Substring" library="String">
<var>${ingredient}</var>
<arg>${text}</arg>
<arg>${i+2}</arg>
<doc>Returns a substring from ``start`` index to ``end`` index.</doc>
<status status="NOT RUN" starttime="20230207 18:23:26.280" endtime="20230207 18:23:26.280"/>
</kw>
<kw name="Get Regexp Matches" library="String">
<var>${qty_in_g}</var>
<arg>${quantity}</arg>
<arg>[0-9]{1,3}g</arg>
<doc>Returns a list of all non-overlapping matches in the given string.</doc>
<status status="NOT RUN" starttime="20230207 18:23:26.280" endtime="20230207 18:23:26.280"/>
</kw>
<kw name="Get Length" library="BuiltIn">
<var>${len_qty_in_g}</var>
<arg>${qty_in_g}[0]</arg>
<doc>Returns and logs the length of the given item as an integer.</doc>
<status status="NOT RUN" starttime="20230207 18:23:26.280" endtime="20230207 18:23:26.280"/>
</kw>
<kw name="Evaluate" library="BuiltIn">
<var>${len_qty-2}</var>
<arg>${len_qty_in_g}-${2}</arg>
<doc>Evaluates the given expression in Python and returns the result.</doc>
<status status="NOT RUN" starttime="20230207 18:23:26.281" endtime="20230207 18:23:26.281"/>
</kw>
<kw name="Get Substring" library="String">
<var>${quantity}</var>
<arg>${qty_in_g}[0]</arg>
<arg>${0}</arg>
<arg>${len_qty-2}</arg>
<doc>Returns a substring from ``start`` index to ``end`` index.</doc>
<status status="NOT RUN" starttime="20230207 18:23:26.281" endtime="20230207 18:23:26.281"/>
</kw>
<kw name="Get Substring" library="String">
<var>${units}</var>
<arg>${qty_in_g}[0]</arg>
<arg>-1</arg>
<doc>Returns a substring from ``start`` index to ``end`` index.</doc>
<status status="NOT RUN" starttime="20230207 18:23:26.282" endtime="20230207 18:23:26.282"/>
</kw>
<kw name="Create Dictionary" library="BuiltIn">
<var>${dict_ingredients}</var>
<arg>item=${ingredient}</arg>
<arg>quantity=${quantity}</arg>
<arg>units=${units}</arg>
<doc>Creates and returns a dictionary based on the given ``items``.</doc>
<status status="NOT RUN" starttime="20230207 18:23:26.282" endtime="20230207 18:23:26.282"/>
</kw>
<kw name="Add Object To Json" library="JSONLibrary">
<var>${json}</var>
<arg>${json}</arg>
<arg>$.ingredients</arg>
<arg>${dict_ingredients}</arg>
<doc>Add an dictionary or list object to json object using json_path</doc>
<status status="NOT RUN" starttime="20230207 18:23:26.283" endtime="20230207 18:23:26.283"/>
</kw>
<status status="NOT RUN" starttime="20230207 18:23:26.274" endtime="20230207 18:23:26.283"/>
</branch>
<status status="PASS" starttime="20230207 18:23:26.274" endtime="20230207 18:23:26.283"/>
</if>
<status status="PASS" starttime="20230207 18:23:26.240" endtime="20230207 18:23:26.284"/>
</iter>
<status status="PASS" starttime="20230207 18:23:23.408" endtime="20230207 18:23:26.284"/>
</for>
<status status="PASS" starttime="20230207 18:23:23.178" endtime="20230207 18:23:26.285"/>
</kw>
<status status="PASS" starttime="20230207 18:22:49.331" endtime="20230207 18:23:26.285"/>
</test>
<status status="PASS" starttime="20230207 18:22:48.081" endtime="20230207 18:23:26.592"/>
</suite>
<statistics>
<total>
<stat pass="1" fail="0" skip="0">All Tasks</stat>
</total>
<tag>
</tag>
<suite>
<stat pass="1" fail="0" skip="0" id="s1" name="FindRecipe">FindRecipe</stat>
</suite>
</statistics>
<errors>
</errors>
</robot>
