<?xml version="1.0" encoding="UTF-8"?>
<robot generator="Robot 6.0.2 (Python 3.9.16 on linux)" generated="20230211 18:14:26.028" rpa="true" schemaversion="3">
<suite id="s1" name="FindRecipe" source="/home/larober/PycharmProjects/Robotframework/RoboRecipes/FindRecipe.robot">
<test id="s1-t1" name="Search For A Recipe" line="13">
<kw name="Ask User For Recipe">
<var>${recipe}</var>
<kw name="Get Value From User" library="Dialogs">
<var>${recipe}</var>
<arg>What recipe are you looking for?</arg>
<doc>Pauses execution and asks user to input a value.</doc>
<msg timestamp="20230211 18:14:30.827" level="INFO">${recipe} = sesame</msg>
<status status="PASS" starttime="20230211 18:14:27.420" endtime="20230211 18:14:30.827"/>
</kw>
<kw name="Log" library="BuiltIn">
<arg>${recipe}</arg>
<doc>Logs the given message with the given level.</doc>
<msg timestamp="20230211 18:14:30.828" level="INFO">sesame</msg>
<status status="PASS" starttime="20230211 18:14:30.828" endtime="20230211 18:14:30.829"/>
</kw>
<return>
<value>${recipe}</value>
<status status="PASS" starttime="20230211 18:14:30.829" endtime="20230211 18:14:30.829"/>
</return>
<msg timestamp="20230211 18:14:30.832" level="INFO">${recipe} = sesame</msg>
<status status="PASS" starttime="20230211 18:14:27.419" endtime="20230211 18:14:30.832"/>
</kw>
<kw name="Open Page To Search For A Recipe">
<arg>${recipe}</arg>
<kw name="New Browser" library="Browser">
<arg>browser=Chromium</arg>
<arg>headless=False</arg>
<tag>BrowserControl</tag>
<tag>Setter</tag>
<doc>Create a new playwright Browser with specified options.</doc>
<msg timestamp="20230211 18:14:30.838" level="INFO">{"browser": "chromium", "headless": false, "devtools": false, "handleSIGHUP": true, "handleSIGINT": true, "handleSIGTERM": true, "slowMo": 0.0, "timeout": 30000.0, "deprecated_pos_args": [], "tracesDir": "/home/larober/PycharmProjects/Robotframework/RoboRecipes/browser/traces/e5656ce5-6944-480c-8abc-f300fc163663"}</msg>
<msg timestamp="20230211 18:14:31.627" level="INFO">Successfully created browser with options: {"browser":"chromium","headless":false,"devtools":false,"handleSIGHUP":true,"handleSIGINT":true,"handleSIGTERM":true,"slowMo":0,"timeout":30000,"deprecated_pos_args":[],"tracesDir":"/home/larober/PycharmProjects/Robotframework/RoboRecipes/browser/traces/e5656ce5-6944-480c-8abc-f300fc163663"}</msg>
<status status="PASS" starttime="20230211 18:14:30.835" endtime="20230211 18:14:31.628"/>
</kw>
<kw name="Set Browser Timeout" library="Browser">
<arg>2m</arg>
<tag>Config</tag>
<tag>Setter</tag>
<doc>Sets the timeout used by most input and getter keywords.</doc>
<msg timestamp="20230211 18:14:31.637" level="INFO">No context open.</msg>
<status status="PASS" starttime="20230211 18:14:31.629" endtime="20230211 18:14:31.637"/>
</kw>
<kw name="New Page" library="Browser">
<arg>https://www.chainbaker.com/?s=${recipe}</arg>
<tag>BrowserControl</tag>
<tag>Setter</tag>
<doc>Open a new Page.</doc>
<msg timestamp="20230211 18:15:20.541" level="INFO">Successfully initialized new page object and opened url: https://www.chainbaker.com/?s=sesame</msg>
<msg timestamp="20230211 18:15:20.541" level="INFO">No context was open. New context was automatically opened when this page is created.</msg>
<status status="PASS" starttime="20230211 18:14:31.638" endtime="20230211 18:15:20.541"/>
</kw>
<status status="PASS" starttime="20230211 18:14:30.834" endtime="20230211 18:15:20.542"/>
</kw>
<kw name="Get Search Results">
<kw name="Get Element Count" library="Browser">
<var>${results}</var>
<arg>h2.not-found-title</arg>
<tag>Assertion</tag>
<tag>Getter</tag>
<tag>PageContent</tag>
<doc>Returns the count of elements found with ``selector``.</doc>
<msg timestamp="20230211 18:15:20.734" level="INFO">${results} = 0</msg>
<status status="PASS" starttime="20230211 18:15:20.544" endtime="20230211 18:15:20.734"/>
</kw>
<if>
<branch type="IF" condition="${results} != ${0}">
<kw name="Get Value From User" library="Dialogs">
<var>${choice}</var>
<arg>Recipe found. Search again?</arg>
<arg>Y/N</arg>
<doc>Pauses execution and asks user to input a value.</doc>
<status status="NOT RUN" starttime="20230211 18:15:20.736" endtime="20230211 18:15:20.736"/>
</kw>
<if>
<branch type="IF" condition="${choice}== Y">
<kw name="Ask User For Recipe">
<var>${recipe}</var>
<status status="NOT RUN" starttime="20230211 18:15:20.737" endtime="20230211 18:15:20.737"/>
</kw>
<kw name="Open Page To Search For A Recipe">
<arg>${recipe}</arg>
<status status="NOT RUN" starttime="20230211 18:15:20.737" endtime="20230211 18:15:20.738"/>
</kw>
<kw name="Get Search Results">
<status status="NOT RUN" starttime="20230211 18:15:20.738" endtime="20230211 18:15:20.738"/>
</kw>
<status status="NOT RUN" starttime="20230211 18:15:20.736" endtime="20230211 18:15:20.738"/>
</branch>
<status status="NOT RUN" starttime="20230211 18:15:20.736" endtime="20230211 18:15:20.739"/>
</if>
<if>
<branch type="IF" condition="${choice} == N">
<kw name="[Teardown]">
<arg>Close Browser</arg>
<status status="NOT RUN" starttime="20230211 18:15:20.753" endtime="20230211 18:15:20.753"/>
</kw>
<status status="NOT RUN" starttime="20230211 18:15:20.739" endtime="20230211 18:15:20.753"/>
</branch>
<status status="NOT RUN" starttime="20230211 18:15:20.739" endtime="20230211 18:15:20.753"/>
</if>
<status status="NOT RUN" starttime="20230211 18:15:20.734" endtime="20230211 18:15:20.753"/>
</branch>
<branch type="ELSE">
<kw name="Select From Different Recipes Found">
<var>${url}</var>
<kw name="Get All Recipes Found">
<var>${recipes}</var>
<var>${dict}</var>
<kw name="Get Elements" library="Browser">
<var>${elements}</var>
<arg>h2</arg>
<tag>Getter</tag>
<tag>PageContent</tag>
<doc>Returns a reference to Playwright [https://playwright.dev/docs/api/class-locator|Locator]
for all matched elements by ``selector``.</doc>
<msg timestamp="20230211 18:15:20.812" level="INFO">Found 10 Locators successfully.</msg>
<msg timestamp="20230211 18:15:20.812" level="INFO">${elements} = ['element=896f8a00-253d-418c-b667-3424dbf37c78', 'element=5e4aeb27-dbfa-402d-851d-1821899483fe', 'element=de1efd1b-e3a6-4d54-8e95-dcb51b55c1f1', 'element=67db6720-c372-4cba-93d1-4ce0e98e7d87', 'elemen...</msg>
<status status="PASS" starttime="20230211 18:15:20.755" endtime="20230211 18:15:20.813"/>
</kw>
<kw name="Create List" library="BuiltIn">
<var>${recipes}</var>
<doc>Returns a list containing given items.</doc>
<msg timestamp="20230211 18:15:20.814" level="INFO">${recipes} = []</msg>
<status status="PASS" starttime="20230211 18:15:20.814" endtime="20230211 18:15:20.815"/>
</kw>
<kw name="Create Dictionary" library="BuiltIn">
<var>${recipe_href_dict}</var>
<doc>Creates and returns a dictionary based on the given ``items``.</doc>
<msg timestamp="20230211 18:15:20.816" level="INFO">${recipe_href_dict} = {}</msg>
<status status="PASS" starttime="20230211 18:15:20.815" endtime="20230211 18:15:20.816"/>
</kw>
<for flavor="IN">
<var>${elem}</var>
<value>@{elements}</value>
<iter>
<var name="${elem}">element=896f8a00-253d-418c-b667-3424dbf37c78</var>
<kw name="Get Property" library="Browser">
<var>${recipe}</var>
<arg>${elem}</arg>
<arg>innerText</arg>
<tag>Assertion</tag>
<tag>Getter</tag>
<tag>PageContent</tag>
<doc>Returns the ``property`` of the element found by ``selector``.</doc>
<msg timestamp="20230211 18:15:20.893" level="INFO">${recipe} = Japanese Sesame Milk Buns, Tangzhong Method</msg>
<status status="PASS" starttime="20230211 18:15:20.818" endtime="20230211 18:15:20.893"/>
</kw>
<kw name="Get Element" library="Browser">
<var>${href}</var>
<arg>${elem}&gt;a[href]</arg>
<tag>Getter</tag>
<tag>PageContent</tag>
<doc>Returns a reference to a Playwright [https://playwright.dev/docs/api/class-locator|Locator].</doc>
<msg timestamp="20230211 18:15:20.943" level="INFO">Locator found successfully.</msg>
<msg timestamp="20230211 18:15:20.943" level="INFO">${href} = element=c8d1d805-c5d1-43c2-80ca-9188bdf0ac98</msg>
<status status="PASS" starttime="20230211 18:15:20.894" endtime="20230211 18:15:20.943"/>
</kw>
<kw name="Get Attribute" library="Browser">
<var>${href}</var>
<arg>${href}</arg>
<arg>href</arg>
<tag>Assertion</tag>
<tag>Getter</tag>
<tag>PageContent</tag>
<doc>Returns the HTML ``attribute`` of the element found by ``selector``.</doc>
<msg timestamp="20230211 18:15:20.991" level="INFO">${href} = https://www.chainbaker.com/how-to-make-japanese-sesame-milk-buns-tangzhong-method/</msg>
<status status="PASS" starttime="20230211 18:15:20.944" endtime="20230211 18:15:20.991"/>
</kw>
<kw name="Set To Dictionary" library="Collections">
<arg>${recipe_href_dict}</arg>
<arg>${recipe}</arg>
<arg>${href}</arg>
<doc>Adds the given ``key_value_pairs`` and ``items`` to the ``dictionary``.</doc>
<status status="PASS" starttime="20230211 18:15:20.992" endtime="20230211 18:15:20.992"/>
</kw>
<kw name="Append To List" library="Collections">
<arg>${recipes}</arg>
<arg>${recipe}</arg>
<doc>Adds ``values`` to the end of ``list``.</doc>
<status status="PASS" starttime="20230211 18:15:20.992" endtime="20230211 18:15:20.993"/>
</kw>
<status status="PASS" starttime="20230211 18:15:20.817" endtime="20230211 18:15:20.993"/>
</iter>
<iter>
<var name="${elem}">element=5e4aeb27-dbfa-402d-851d-1821899483fe</var>
<kw name="Get Property" library="Browser">
<var>${recipe}</var>
<arg>${elem}</arg>
<arg>innerText</arg>
<tag>Assertion</tag>
<tag>Getter</tag>
<tag>PageContent</tag>
<doc>Returns the ``property`` of the element found by ``selector``.</doc>
<msg timestamp="20230211 18:15:21.018" level="INFO">${recipe} = Is This the Easiest Bread Recipe Ever? I Have Never Made Anything Simpler</msg>
<status status="PASS" starttime="20230211 18:15:20.993" endtime="20230211 18:15:21.018"/>
</kw>
<kw name="Get Element" library="Browser">
<var>${href}</var>
<arg>${elem}&gt;a[href]</arg>
<tag>Getter</tag>
<tag>PageContent</tag>
<doc>Returns a reference to a Playwright [https://playwright.dev/docs/api/class-locator|Locator].</doc>
<msg timestamp="20230211 18:15:21.038" level="INFO">Locator found successfully.</msg>
<msg timestamp="20230211 18:15:21.039" level="INFO">${href} = element=3a49cd9e-d3d9-493e-ba93-d787b7b3fec4</msg>
<status status="PASS" starttime="20230211 18:15:21.019" endtime="20230211 18:15:21.039"/>
</kw>
<kw name="Get Attribute" library="Browser">
<var>${href}</var>
<arg>${href}</arg>
<arg>href</arg>
<tag>Assertion</tag>
<tag>Getter</tag>
<tag>PageContent</tag>
<doc>Returns the HTML ``attribute`` of the element found by ``selector``.</doc>
<msg timestamp="20230211 18:15:21.071" level="INFO">${href} = https://www.chainbaker.com/easiest-bread/</msg>
<status status="PASS" starttime="20230211 18:15:21.039" endtime="20230211 18:15:21.071"/>
</kw>
<kw name="Set To Dictionary" library="Collections">
<arg>${recipe_href_dict}</arg>
<arg>${recipe}</arg>
<arg>${href}</arg>
<doc>Adds the given ``key_value_pairs`` and ``items`` to the ``dictionary``.</doc>
<status status="PASS" starttime="20230211 18:15:21.072" endtime="20230211 18:15:21.072"/>
</kw>
<kw name="Append To List" library="Collections">
<arg>${recipes}</arg>
<arg>${recipe}</arg>
<doc>Adds ``values`` to the end of ``list``.</doc>
<status status="PASS" starttime="20230211 18:15:21.072" endtime="20230211 18:15:21.073"/>
</kw>
<status status="PASS" starttime="20230211 18:15:20.993" endtime="20230211 18:15:21.073"/>
</iter>
<iter>
<var name="${elem}">element=de1efd1b-e3a6-4d54-8e95-dcb51b55c1f1</var>
<kw name="Get Property" library="Browser">
<var>${recipe}</var>
<arg>${elem}</arg>
<arg>innerText</arg>
<tag>Assertion</tag>
<tag>Getter</tag>
<tag>PageContent</tag>
<doc>Returns the ``property`` of the element found by ``selector``.</doc>
<msg timestamp="20230211 18:15:21.217" level="INFO">${recipe} = How to Make Kaiser Rolls | Is This the Perfect Sandwich Roll?</msg>
<status status="PASS" starttime="20230211 18:15:21.074" endtime="20230211 18:15:21.217"/>
</kw>
<kw name="Get Element" library="Browser">
<var>${href}</var>
<arg>${elem}&gt;a[href]</arg>
<tag>Getter</tag>
<tag>PageContent</tag>
<doc>Returns a reference to a Playwright [https://playwright.dev/docs/api/class-locator|Locator].</doc>
<msg timestamp="20230211 18:15:21.262" level="INFO">Locator found successfully.</msg>
<msg timestamp="20230211 18:15:21.263" level="INFO">${href} = element=da8eeba0-bcc4-44ef-8e10-c5f236911185</msg>
<status status="PASS" starttime="20230211 18:15:21.218" endtime="20230211 18:15:21.263"/>
</kw>
<kw name="Get Attribute" library="Browser">
<var>${href}</var>
<arg>${href}</arg>
<arg>href</arg>
<tag>Assertion</tag>
<tag>Getter</tag>
<tag>PageContent</tag>
<doc>Returns the HTML ``attribute`` of the element found by ``selector``.</doc>
<msg timestamp="20230211 18:15:21.352" level="INFO">${href} = https://www.chainbaker.com/kaiser-rolls/</msg>
<status status="PASS" starttime="20230211 18:15:21.263" endtime="20230211 18:15:21.352"/>
</kw>
<kw name="Set To Dictionary" library="Collections">
<arg>${recipe_href_dict}</arg>
<arg>${recipe}</arg>
<arg>${href}</arg>
<doc>Adds the given ``key_value_pairs`` and ``items`` to the ``dictionary``.</doc>
<status status="PASS" starttime="20230211 18:15:21.353" endtime="20230211 18:15:21.354"/>
</kw>
<kw name="Append To List" library="Collections">
<arg>${recipes}</arg>
<arg>${recipe}</arg>
<doc>Adds ``values`` to the end of ``list``.</doc>
<status status="PASS" starttime="20230211 18:15:21.354" endtime="20230211 18:15:21.355"/>
</kw>
<status status="PASS" starttime="20230211 18:15:21.074" endtime="20230211 18:15:21.355"/>
</iter>
<iter>
<var name="${elem}">element=67db6720-c372-4cba-93d1-4ce0e98e7d87</var>
<kw name="Get Property" library="Browser">
<var>${recipe}</var>
<arg>${elem}</arg>
<arg>innerText</arg>
<tag>Assertion</tag>
<tag>Getter</tag>
<tag>PageContent</tag>
<doc>Returns the ``property`` of the element found by ``selector``.</doc>
<msg timestamp="20230211 18:15:21.388" level="INFO">${recipe} = Perfect 100% Whole Wheat &amp; Whole Rye Bread Recipe</msg>
<status status="PASS" starttime="20230211 18:15:21.356" endtime="20230211 18:15:21.388"/>
</kw>
<kw name="Get Element" library="Browser">
<var>${href}</var>
<arg>${elem}&gt;a[href]</arg>
<tag>Getter</tag>
<tag>PageContent</tag>
<doc>Returns a reference to a Playwright [https://playwright.dev/docs/api/class-locator|Locator].</doc>
<msg timestamp="20230211 18:15:21.415" level="INFO">Locator found successfully.</msg>
<msg timestamp="20230211 18:15:21.415" level="INFO">${href} = element=cb343194-9894-40a1-9bf8-2755ce9b77d3</msg>
<status status="PASS" starttime="20230211 18:15:21.388" endtime="20230211 18:15:21.415"/>
</kw>
<kw name="Get Attribute" library="Browser">
<var>${href}</var>
<arg>${href}</arg>
<arg>href</arg>
<tag>Assertion</tag>
<tag>Getter</tag>
<tag>PageContent</tag>
<doc>Returns the HTML ``attribute`` of the element found by ``selector``.</doc>
<msg timestamp="20230211 18:15:21.475" level="INFO">${href} = https://www.chainbaker.com/whole-wheat-loaf/</msg>
<status status="PASS" starttime="20230211 18:15:21.416" endtime="20230211 18:15:21.475"/>
</kw>
<kw name="Set To Dictionary" library="Collections">
<arg>${recipe_href_dict}</arg>
<arg>${recipe}</arg>
<arg>${href}</arg>
<doc>Adds the given ``key_value_pairs`` and ``items`` to the ``dictionary``.</doc>
<status status="PASS" starttime="20230211 18:15:21.476" endtime="20230211 18:15:21.476"/>
</kw>
<kw name="Append To List" library="Collections">
<arg>${recipes}</arg>
<arg>${recipe}</arg>
<doc>Adds ``values`` to the end of ``list``.</doc>
<status status="PASS" starttime="20230211 18:15:21.477" endtime="20230211 18:15:21.478"/>
</kw>
<status status="PASS" starttime="20230211 18:15:21.355" endtime="20230211 18:15:21.478"/>
</iter>
<iter>
<var name="${elem}">element=5b07a37b-fb21-4923-95e0-6c40767019c9</var>
<kw name="Get Property" library="Browser">
<var>${recipe}</var>
<arg>${elem}</arg>
<arg>innerText</arg>
<tag>Assertion</tag>
<tag>Getter</tag>
<tag>PageContent</tag>
<doc>Returns the ``property`` of the element found by ``selector``.</doc>
<msg timestamp="20230211 18:15:21.529" level="INFO">${recipe} = How to Make Cold Fermented Wholegrain Breakfast Rolls</msg>
<status status="PASS" starttime="20230211 18:15:21.479" endtime="20230211 18:15:21.530"/>
</kw>
<kw name="Get Element" library="Browser">
<var>${href}</var>
<arg>${elem}&gt;a[href]</arg>
<tag>Getter</tag>
<tag>PageContent</tag>
<doc>Returns a reference to a Playwright [https://playwright.dev/docs/api/class-locator|Locator].</doc>
<msg timestamp="20230211 18:15:21.598" level="INFO">Locator found successfully.</msg>
<msg timestamp="20230211 18:15:21.599" level="INFO">${href} = element=bd936331-ded4-4b1b-b19c-781abd865683</msg>
<status status="PASS" starttime="20230211 18:15:21.530" endtime="20230211 18:15:21.599"/>
</kw>
<kw name="Get Attribute" library="Browser">
<var>${href}</var>
<arg>${href}</arg>
<arg>href</arg>
<tag>Assertion</tag>
<tag>Getter</tag>
<tag>PageContent</tag>
<doc>Returns the HTML ``attribute`` of the element found by ``selector``.</doc>
<msg timestamp="20230211 18:15:21.683" level="INFO">${href} = https://www.chainbaker.com/wholegrain-breakfast-rolls/</msg>
<status status="PASS" starttime="20230211 18:15:21.600" endtime="20230211 18:15:21.683"/>
</kw>
<kw name="Set To Dictionary" library="Collections">
<arg>${recipe_href_dict}</arg>
<arg>${recipe}</arg>
<arg>${href}</arg>
<doc>Adds the given ``key_value_pairs`` and ``items`` to the ``dictionary``.</doc>
<status status="PASS" starttime="20230211 18:15:21.684" endtime="20230211 18:15:21.685"/>
</kw>
<kw name="Append To List" library="Collections">
<arg>${recipes}</arg>
<arg>${recipe}</arg>
<doc>Adds ``values`` to the end of ``list``.</doc>
<status status="PASS" starttime="20230211 18:15:21.685" endtime="20230211 18:15:21.686"/>
</kw>
<status status="PASS" starttime="20230211 18:15:21.478" endtime="20230211 18:15:21.686"/>
</iter>
<iter>
<var name="${elem}">element=45c5c7de-3951-4699-8bcf-9e1214511494</var>
<kw name="Get Property" library="Browser">
<var>${recipe}</var>
<arg>${elem}</arg>
<arg>innerText</arg>
<tag>Assertion</tag>
<tag>Getter</tag>
<tag>PageContent</tag>
<doc>Returns the ``property`` of the element found by ``selector``.</doc>
<msg timestamp="20230211 18:15:21.731" level="INFO">${recipe} = Keema Paratha | Amazing Indian Style Flatbread Recipe</msg>
<status status="PASS" starttime="20230211 18:15:21.687" endtime="20230211 18:15:21.731"/>
</kw>
<kw name="Get Element" library="Browser">
<var>${href}</var>
<arg>${elem}&gt;a[href]</arg>
<tag>Getter</tag>
<tag>PageContent</tag>
<doc>Returns a reference to a Playwright [https://playwright.dev/docs/api/class-locator|Locator].</doc>
<msg timestamp="20230211 18:15:21.749" level="INFO">Locator found successfully.</msg>
<msg timestamp="20230211 18:15:21.750" level="INFO">${href} = element=39d94e20-3eeb-41f5-9dc1-b56dce125c24</msg>
<status status="PASS" starttime="20230211 18:15:21.732" endtime="20230211 18:15:21.750"/>
</kw>
<kw name="Get Attribute" library="Browser">
<var>${href}</var>
<arg>${href}</arg>
<arg>href</arg>
<tag>Assertion</tag>
<tag>Getter</tag>
<tag>PageContent</tag>
<doc>Returns the HTML ``attribute`` of the element found by ``selector``.</doc>
<msg timestamp="20230211 18:15:21.780" level="INFO">${href} = https://www.chainbaker.com/keema-paratha/</msg>
<status status="PASS" starttime="20230211 18:15:21.750" endtime="20230211 18:15:21.780"/>
</kw>
<kw name="Set To Dictionary" library="Collections">
<arg>${recipe_href_dict}</arg>
<arg>${recipe}</arg>
<arg>${href}</arg>
<doc>Adds the given ``key_value_pairs`` and ``items`` to the ``dictionary``.</doc>
<status status="PASS" starttime="20230211 18:15:21.781" endtime="20230211 18:15:21.781"/>
</kw>
<kw name="Append To List" library="Collections">
<arg>${recipes}</arg>
<arg>${recipe}</arg>
<doc>Adds ``values`` to the end of ``list``.</doc>
<status status="PASS" starttime="20230211 18:15:21.781" endtime="20230211 18:15:21.782"/>
</kw>
<status status="PASS" starttime="20230211 18:15:21.686" endtime="20230211 18:15:21.782"/>
</iter>
<iter>
<var name="${elem}">element=9de0c20f-59d3-45de-b2f2-60a3e6a77e36</var>
<kw name="Get Property" library="Browser">
<var>${recipe}</var>
<arg>${elem}</arg>
<arg>innerText</arg>
<tag>Assertion</tag>
<tag>Getter</tag>
<tag>PageContent</tag>
<doc>Returns the ``property`` of the element found by ``selector``.</doc>
<msg timestamp="20230211 18:15:21.807" level="INFO">${recipe} = How to Make Dutch Crunch, Tiger Bread, Giraffe Bread</msg>
<status status="PASS" starttime="20230211 18:15:21.782" endtime="20230211 18:15:21.807"/>
</kw>
<kw name="Get Element" library="Browser">
<var>${href}</var>
<arg>${elem}&gt;a[href]</arg>
<tag>Getter</tag>
<tag>PageContent</tag>
<doc>Returns a reference to a Playwright [https://playwright.dev/docs/api/class-locator|Locator].</doc>
<msg timestamp="20230211 18:15:21.825" level="INFO">Locator found successfully.</msg>
<msg timestamp="20230211 18:15:21.825" level="INFO">${href} = element=1b1d4dd2-9c33-474c-890c-4ff062b5ebb4</msg>
<status status="PASS" starttime="20230211 18:15:21.807" endtime="20230211 18:15:21.825"/>
</kw>
<kw name="Get Attribute" library="Browser">
<var>${href}</var>
<arg>${href}</arg>
<arg>href</arg>
<tag>Assertion</tag>
<tag>Getter</tag>
<tag>PageContent</tag>
<doc>Returns the HTML ``attribute`` of the element found by ``selector``.</doc>
<msg timestamp="20230211 18:15:21.860" level="INFO">${href} = https://www.chainbaker.com/dutch-crunch/</msg>
<status status="PASS" starttime="20230211 18:15:21.826" endtime="20230211 18:15:21.860"/>
</kw>
<kw name="Set To Dictionary" library="Collections">
<arg>${recipe_href_dict}</arg>
<arg>${recipe}</arg>
<arg>${href}</arg>
<doc>Adds the given ``key_value_pairs`` and ``items`` to the ``dictionary``.</doc>
<status status="PASS" starttime="20230211 18:15:21.861" endtime="20230211 18:15:21.861"/>
</kw>
<kw name="Append To List" library="Collections">
<arg>${recipes}</arg>
<arg>${recipe}</arg>
<doc>Adds ``values`` to the end of ``list``.</doc>
<status status="PASS" starttime="20230211 18:15:21.862" endtime="20230211 18:15:21.862"/>
</kw>
<status status="PASS" starttime="20230211 18:15:21.782" endtime="20230211 18:15:21.862"/>
</iter>
<iter>
<var name="${elem}">element=24967cfb-6b03-4d68-87fe-c7b77a5b31ba</var>
<kw name="Get Property" library="Browser">
<var>${recipe}</var>
<arg>${elem}</arg>
<arg>innerText</arg>
<tag>Assertion</tag>
<tag>Getter</tag>
<tag>PageContent</tag>
<doc>Returns the ``property`` of the element found by ``selector``.</doc>
<msg timestamp="20230211 18:15:21.886" level="INFO">${recipe} = This Super Healthy Rye Bread Has More Seeds Than Flour!</msg>
<status status="PASS" starttime="20230211 18:15:21.863" endtime="20230211 18:15:21.886"/>
</kw>
<kw name="Get Element" library="Browser">
<var>${href}</var>
<arg>${elem}&gt;a[href]</arg>
<tag>Getter</tag>
<tag>PageContent</tag>
<doc>Returns a reference to a Playwright [https://playwright.dev/docs/api/class-locator|Locator].</doc>
<msg timestamp="20230211 18:15:21.911" level="INFO">Locator found successfully.</msg>
<msg timestamp="20230211 18:15:21.912" level="INFO">${href} = element=a1e29f15-6942-492e-aeb6-5990421ed597</msg>
<status status="PASS" starttime="20230211 18:15:21.887" endtime="20230211 18:15:21.912"/>
</kw>
<kw name="Get Attribute" library="Browser">
<var>${href}</var>
<arg>${href}</arg>
<arg>href</arg>
<tag>Assertion</tag>
<tag>Getter</tag>
<tag>PageContent</tag>
<doc>Returns the HTML ``attribute`` of the element found by ``selector``.</doc>
<msg timestamp="20230211 18:15:21.944" level="INFO">${href} = https://www.chainbaker.com/seeded-rye/</msg>
<status status="PASS" starttime="20230211 18:15:21.912" endtime="20230211 18:15:21.944"/>
</kw>
<kw name="Set To Dictionary" library="Collections">
<arg>${recipe_href_dict}</arg>
<arg>${recipe}</arg>
<arg>${href}</arg>
<doc>Adds the given ``key_value_pairs`` and ``items`` to the ``dictionary``.</doc>
<status status="PASS" starttime="20230211 18:15:21.945" endtime="20230211 18:15:21.945"/>
</kw>
<kw name="Append To List" library="Collections">
<arg>${recipes}</arg>
<arg>${recipe}</arg>
<doc>Adds ``values`` to the end of ``list``.</doc>
<status status="PASS" starttime="20230211 18:15:21.945" endtime="20230211 18:15:21.946"/>
</kw>
<status status="PASS" starttime="20230211 18:15:21.863" endtime="20230211 18:15:21.946"/>
</iter>
<iter>
<var name="${elem}">element=e4e8f2cf-357d-444b-b981-306d7a3ca394</var>
<kw name="Get Property" library="Browser">
<var>${recipe}</var>
<arg>${elem}</arg>
<arg>innerText</arg>
<tag>Assertion</tag>
<tag>Getter</tag>
<tag>PageContent</tag>
<doc>Returns the ``property`` of the element found by ``selector``.</doc>
<msg timestamp="20230211 18:15:21.969" level="INFO">${recipe} = A Unique Kind of Sandwich Bread | No-Knead 100% Spelt Roll Recipe</msg>
<status status="PASS" starttime="20230211 18:15:21.946" endtime="20230211 18:15:21.969"/>
</kw>
<kw name="Get Element" library="Browser">
<var>${href}</var>
<arg>${elem}&gt;a[href]</arg>
<tag>Getter</tag>
<tag>PageContent</tag>
<doc>Returns a reference to a Playwright [https://playwright.dev/docs/api/class-locator|Locator].</doc>
<msg timestamp="20230211 18:15:21.986" level="INFO">Locator found successfully.</msg>
<msg timestamp="20230211 18:15:21.987" level="INFO">${href} = element=6a0110d0-924c-4187-8a87-133cbff9b25d</msg>
<status status="PASS" starttime="20230211 18:15:21.969" endtime="20230211 18:15:21.987"/>
</kw>
<kw name="Get Attribute" library="Browser">
<var>${href}</var>
<arg>${href}</arg>
<arg>href</arg>
<tag>Assertion</tag>
<tag>Getter</tag>
<tag>PageContent</tag>
<doc>Returns the HTML ``attribute`` of the element found by ``selector``.</doc>
<msg timestamp="20230211 18:15:22.042" level="INFO">${href} = https://www.chainbaker.com/spelt-rolls-2/</msg>
<status status="PASS" starttime="20230211 18:15:21.987" endtime="20230211 18:15:22.042"/>
</kw>
<kw name="Set To Dictionary" library="Collections">
<arg>${recipe_href_dict}</arg>
<arg>${recipe}</arg>
<arg>${href}</arg>
<doc>Adds the given ``key_value_pairs`` and ``items`` to the ``dictionary``.</doc>
<status status="PASS" starttime="20230211 18:15:22.042" endtime="20230211 18:15:22.043"/>
</kw>
<kw name="Append To List" library="Collections">
<arg>${recipes}</arg>
<arg>${recipe}</arg>
<doc>Adds ``values`` to the end of ``list``.</doc>
<status status="PASS" starttime="20230211 18:15:22.044" endtime="20230211 18:15:22.044"/>
</kw>
<status status="PASS" starttime="20230211 18:15:21.946" endtime="20230211 18:15:22.044"/>
</iter>
<iter>
<var name="${elem}">element=88a9f4f1-498d-41e5-92b5-5c7cabff2ce1</var>
<kw name="Get Property" library="Browser">
<var>${recipe}</var>
<arg>${elem}</arg>
<arg>innerText</arg>
<tag>Assertion</tag>
<tag>Getter</tag>
<tag>PageContent</tag>
<doc>Returns the ``property`` of the element found by ``selector``.</doc>
<msg timestamp="20230211 18:15:22.072" level="INFO">${recipe} = Choreg | This Armenian Easter Bread Contains a Unique Ingredient</msg>
<status status="PASS" starttime="20230211 18:15:22.046" endtime="20230211 18:15:22.072"/>
</kw>
<kw name="Get Element" library="Browser">
<var>${href}</var>
<arg>${elem}&gt;a[href]</arg>
<tag>Getter</tag>
<tag>PageContent</tag>
<doc>Returns a reference to a Playwright [https://playwright.dev/docs/api/class-locator|Locator].</doc>
<msg timestamp="20230211 18:15:22.089" level="INFO">Locator found successfully.</msg>
<msg timestamp="20230211 18:15:22.089" level="INFO">${href} = element=f8872e1b-66d3-43f5-9133-a1783723fd59</msg>
<status status="PASS" starttime="20230211 18:15:22.072" endtime="20230211 18:15:22.089"/>
</kw>
<kw name="Get Attribute" library="Browser">
<var>${href}</var>
<arg>${href}</arg>
<arg>href</arg>
<tag>Assertion</tag>
<tag>Getter</tag>
<tag>PageContent</tag>
<doc>Returns the HTML ``attribute`` of the element found by ``selector``.</doc>
<msg timestamp="20230211 18:15:22.119" level="INFO">${href} = https://www.chainbaker.com/armenian-choreg/</msg>
<status status="PASS" starttime="20230211 18:15:22.090" endtime="20230211 18:15:22.119"/>
</kw>
<kw name="Set To Dictionary" library="Collections">
<arg>${recipe_href_dict}</arg>
<arg>${recipe}</arg>
<arg>${href}</arg>
<doc>Adds the given ``key_value_pairs`` and ``items`` to the ``dictionary``.</doc>
<status status="PASS" starttime="20230211 18:15:22.119" endtime="20230211 18:15:22.120"/>
</kw>
<kw name="Append To List" library="Collections">
<arg>${recipes}</arg>
<arg>${recipe}</arg>
<doc>Adds ``values`` to the end of ``list``.</doc>
<status status="PASS" starttime="20230211 18:15:22.120" endtime="20230211 18:15:22.121"/>
</kw>
<status status="PASS" starttime="20230211 18:15:22.045" endtime="20230211 18:15:22.121"/>
</iter>
<status status="PASS" starttime="20230211 18:15:20.816" endtime="20230211 18:15:22.121"/>
</for>
<return>
<value>${recipes}</value>
<value>${recipe_href_dict}</value>
<status status="PASS" starttime="20230211 18:15:22.121" endtime="20230211 18:15:22.122"/>
</return>
<msg timestamp="20230211 18:15:22.122" level="INFO">${recipes} = ['Japanese Sesame Milk Buns, Tangzhong Method', 'Is This the Easiest Bread Recipe Ever? I Have Never Made Anything Simpler', 'How to Make Kaiser Rolls | Is This the Perfect Sandwich Roll?', 'Perfect 1...</msg>
<msg timestamp="20230211 18:15:22.122" level="INFO">${dict} = {'Japanese Sesame Milk Buns, Tangzhong Method': 'https://www.chainbaker.com/how-to-make-japanese-sesame-milk-buns-tangzhong-method/', 'Is This the Easiest Bread Recipe Ever? I Have Never Made Anything...</msg>
<status status="PASS" starttime="20230211 18:15:20.754" endtime="20230211 18:15:22.122"/>
</kw>
<kw name="Get Selection From User" library="Dialogs">
<var>${selected_recipe}</var>
<arg>Recipes Found</arg>
<arg>@{recipes}</arg>
<doc>Pauses execution and asks user to select a value.</doc>
<msg timestamp="20230211 18:15:24.915" level="INFO">${selected_recipe} = A Unique Kind of Sandwich Bread | No-Knead 100% Spelt Roll Recipe</msg>
<status status="PASS" starttime="20230211 18:15:22.123" endtime="20230211 18:15:24.915"/>
</kw>
<kw name="Get From Dictionary" library="Collections">
<var>${url}</var>
<arg>${dict}</arg>
<arg>${selected_recipe}</arg>
<doc>Returns a value from the given ``dictionary`` based on the given ``key``.</doc>
<msg timestamp="20230211 18:15:24.919" level="INFO">${url} = https://www.chainbaker.com/spelt-rolls-2/</msg>
<status status="PASS" starttime="20230211 18:15:24.917" endtime="20230211 18:15:24.919"/>
</kw>
<return>
<value>${url}</value>
<status status="PASS" starttime="20230211 18:15:24.919" endtime="20230211 18:15:24.920"/>
</return>
<msg timestamp="20230211 18:15:24.921" level="INFO">${url} = https://www.chainbaker.com/spelt-rolls-2/</msg>
<status status="PASS" starttime="20230211 18:15:20.754" endtime="20230211 18:15:24.921"/>
</kw>
<kw name="Go To Selected Recipe">
<var>${element}</var>
<var>${recipe}</var>
<arg>${url}</arg>
<kw name="Set Browser Timeout" library="Browser">
<arg>2m 30 seconds</arg>
<tag>Config</tag>
<tag>Setter</tag>
<doc>Sets the timeout used by most input and getter keywords.</doc>
<msg timestamp="20230211 18:15:24.933" level="INFO">Set timeout to: 150000</msg>
<status status="PASS" starttime="20230211 18:15:24.925" endtime="20230211 18:15:24.933"/>
</kw>
<kw name="Go To" library="Browser">
<arg>${url}</arg>
<tag>BrowserControl</tag>
<tag>Setter</tag>
<doc>Navigates to the given ``url``.</doc>
<msg timestamp="20230211 18:15:34.812" level="INFO">Successfully opened URL https://www.chainbaker.com/spelt-rolls-2/</msg>
<status status="PASS" starttime="20230211 18:15:24.934" endtime="20230211 18:15:34.813"/>
</kw>
<kw name="Get Element" library="Browser">
<var>${element}</var>
<arg>.et_pb_text_2</arg>
<tag>Getter</tag>
<tag>PageContent</tag>
<doc>Returns a reference to a Playwright [https://playwright.dev/docs/api/class-locator|Locator].</doc>
<msg timestamp="20230211 18:15:35.054" level="INFO">Locator found successfully.</msg>
<msg timestamp="20230211 18:15:35.054" level="INFO">${element} = element=b6313fd6-599a-443c-8688-73ed5a54d407</msg>
<status status="PASS" starttime="20230211 18:15:34.814" endtime="20230211 18:15:35.054"/>
</kw>
<kw name="Get Element" library="Browser">
<var>${recipe}</var>
<arg>h1</arg>
<tag>Getter</tag>
<tag>PageContent</tag>
<doc>Returns a reference to a Playwright [https://playwright.dev/docs/api/class-locator|Locator].</doc>
<msg timestamp="20230211 18:15:35.083" level="INFO">Locator found successfully.</msg>
<msg timestamp="20230211 18:15:35.083" level="INFO">${recipe} = element=6b6a59ab-e204-4d64-b945-54d0c4ac0e49</msg>
<status status="PASS" starttime="20230211 18:15:35.055" endtime="20230211 18:15:35.083"/>
</kw>
<kw name="Get Text" library="Browser">
<var>${recipe}</var>
<arg>${recipe}</arg>
<tag>Assertion</tag>
<tag>Getter</tag>
<tag>PageContent</tag>
<doc>Returns text attribute of the element found by ``selector``.</doc>
<msg timestamp="20230211 18:15:35.142" level="INFO">${recipe} = A Unique Kind of Sandwich Bread | No-Knead 100% Spelt Roll Recipe</msg>
<status status="PASS" starttime="20230211 18:15:35.084" endtime="20230211 18:15:35.143"/>
</kw>
<return>
<value>${element}</value>
<value>${recipe}</value>
<status status="PASS" starttime="20230211 18:15:35.143" endtime="20230211 18:15:35.143"/>
</return>
<msg timestamp="20230211 18:15:35.143" level="INFO">${element} = element=b6313fd6-599a-443c-8688-73ed5a54d407</msg>
<msg timestamp="20230211 18:15:35.143" level="INFO">${recipe} = A Unique Kind of Sandwich Bread | No-Knead 100% Spelt Roll Recipe</msg>
<status status="PASS" starttime="20230211 18:15:24.923" endtime="20230211 18:15:35.143"/>
</kw>
<kw name="Get Ingredients">
<arg>${element}</arg>
<arg>${recipe}</arg>
<kw name="Get Elements" library="Browser">
<var>${ingredients}</var>
<arg>${element}&gt;p</arg>
<tag>Getter</tag>
<tag>PageContent</tag>
<doc>Returns a reference to Playwright [https://playwright.dev/docs/api/class-locator|Locator]
for all matched elements by ``selector``.</doc>
<msg timestamp="20230211 18:15:35.171" level="INFO">Found 10 Locators successfully.</msg>
<msg timestamp="20230211 18:15:35.172" level="INFO">${ingredients} = ['element=518427b8-18de-40d3-923d-c18d2e47d993', 'element=3d583d15-a3d6-457d-a164-de07ae9ff421', 'element=b9a25257-3349-400c-b429-8100b5dc6f62', 'element=afc33635-91b4-461d-9f56-495c4478a1ac', 'elemen...</msg>
<status status="PASS" starttime="20230211 18:15:35.145" endtime="20230211 18:15:35.172"/>
</kw>
<kw name="Create List" library="BuiltIn">
<var>${list_ingredients}</var>
<doc>Returns a list containing given items.</doc>
<msg timestamp="20230211 18:15:35.173" level="INFO">${list_ingredients} = []</msg>
<status status="PASS" starttime="20230211 18:15:35.172" endtime="20230211 18:15:35.173"/>
</kw>
<kw name="Create Dictionary" library="BuiltIn">
<var>${dict_ingredients}</var>
<doc>Creates and returns a dictionary based on the given ``items``.</doc>
<msg timestamp="20230211 18:15:35.174" level="INFO">${dict_ingredients} = {}</msg>
<status status="PASS" starttime="20230211 18:15:35.173" endtime="20230211 18:15:35.174"/>
</kw>
<for flavor="IN">
<var>${ingredient}</var>
<value>@{ingredients}</value>
<iter>
<var name="${ingredient}">element=518427b8-18de-40d3-923d-c18d2e47d993</var>
<kw name="Get Text" library="Browser">
<var>${text}</var>
<arg>${ingredient}</arg>
<tag>Assertion</tag>
<tag>Getter</tag>
<tag>PageContent</tag>
<doc>Returns text attribute of the element found by ``selector``.</doc>
<msg timestamp="20230211 18:15:35.221" level="INFO">${text} = For the dough –</msg>
<status status="PASS" starttime="20230211 18:15:35.175" endtime="20230211 18:15:35.221"/>
</kw>
<kw name="Get Length" library="BuiltIn">
<var>${len_text}</var>
<arg>${text}</arg>
<doc>Returns and logs the length of the given item as an integer.</doc>
<msg timestamp="20230211 18:15:35.222" level="INFO">Length is 15</msg>
<msg timestamp="20230211 18:15:35.222" level="INFO">${len_text} = 15</msg>
<status status="PASS" starttime="20230211 18:15:35.221" endtime="20230211 18:15:35.222"/>
</kw>
<kw name="Get Regexp Matches" library="String">
<var>${ing_w_units}</var>
<arg>${text}</arg>
<arg>[0-9]{1,4}g</arg>
<doc>Returns a list of all non-overlapping matches in the given string.</doc>
<msg timestamp="20230211 18:15:35.223" level="INFO">${ing_w_units} = []</msg>
<status status="PASS" starttime="20230211 18:15:35.223" endtime="20230211 18:15:35.223"/>
</kw>
<kw name="Get Length" library="BuiltIn">
<var>${len_ing_w_units}</var>
<arg>${ing_w_units}</arg>
<doc>Returns and logs the length of the given item as an integer.</doc>
<msg timestamp="20230211 18:15:35.224" level="INFO">Length is 0</msg>
<msg timestamp="20230211 18:15:35.224" level="INFO">${len_ing_w_units} = 0</msg>
<status status="PASS" starttime="20230211 18:15:35.224" endtime="20230211 18:15:35.224"/>
</kw>
<kw name="Get Regexp Matches" library="String">
<var>${ing_wo_units}</var>
<arg>${text}</arg>
<arg>[0-9]{1,4}</arg>
<doc>Returns a list of all non-overlapping matches in the given string.</doc>
<msg timestamp="20230211 18:15:35.225" level="INFO">${ing_wo_units} = []</msg>
<status status="PASS" starttime="20230211 18:15:35.225" endtime="20230211 18:15:35.225"/>
</kw>
<kw name="Get Length" library="BuiltIn">
<var>${len_ing_wo_units}</var>
<arg>${ing_wo_units}</arg>
<doc>Returns and logs the length of the given item as an integer.</doc>
<msg timestamp="20230211 18:15:35.226" level="INFO">Length is 0</msg>
<msg timestamp="20230211 18:15:35.226" level="INFO">${len_ing_wo_units} = 0</msg>
<status status="PASS" starttime="20230211 18:15:35.226" endtime="20230211 18:15:35.227"/>
</kw>
<kw name="Get Substring" library="String">
<var>${process_3}</var>
<arg>${text}</arg>
<arg>0</arg>
<arg>3</arg>
<doc>Returns a substring from ``start`` index to ``end`` index.</doc>
<msg timestamp="20230211 18:15:35.228" level="INFO">${process_3} = For</msg>
<status status="PASS" starttime="20230211 18:15:35.227" endtime="20230211 18:15:35.228"/>
</kw>
<if>
<branch type="IF" condition="$process_3 == &quot;For&quot;">
<kw name="Get Substring" library="String">
<var>${process}</var>
<arg>${text}</arg>
<arg>0</arg>
<arg>-1</arg>
<doc>Returns a substring from ``start`` index to ``end`` index.</doc>
<msg timestamp="20230211 18:15:35.235" level="INFO">${process} = For the dough </msg>
<status status="PASS" starttime="20230211 18:15:35.234" endtime="20230211 18:15:35.235"/>
</kw>
<status status="PASS" starttime="20230211 18:15:35.228" endtime="20230211 18:15:35.236"/>
</branch>
<branch type="ELSE IF" condition="${len_text}==${1}">
<kw name="Set To Dictionary" library="Collections">
<arg>${dict_ingredients}</arg>
<arg>${process}=${list_ingredients}</arg>
<doc>Adds the given ``key_value_pairs`` and ``items`` to the ``dictionary``.</doc>
<status status="NOT RUN" starttime="20230211 18:15:35.236" endtime="20230211 18:15:35.236"/>
</kw>
<kw name="Create List" library="BuiltIn">
<var>${list_ingredients}</var>
<doc>Returns a list containing given items.</doc>
<status status="NOT RUN" starttime="20230211 18:15:35.236" endtime="20230211 18:15:35.237"/>
</kw>
<kw name="Log" library="BuiltIn">
<arg>${dict_ingredients}</arg>
<doc>Logs the given message with the given level.</doc>
<status status="NOT RUN" starttime="20230211 18:15:35.237" endtime="20230211 18:15:35.237"/>
</kw>
<status status="NOT RUN" starttime="20230211 18:15:35.236" endtime="20230211 18:15:35.237"/>
</branch>
<branch type="ELSE IF" condition="${len_ing_w_units}!= ${0}">
<kw name="Get Ingredient With Units">
<var>${dict_ing}</var>
<arg>${text}</arg>
<status status="NOT RUN" starttime="20230211 18:15:35.237" endtime="20230211 18:15:35.238"/>
</kw>
<kw name="Append To List" library="Collections">
<arg>${list_ingredients}</arg>
<arg>${dict_ing}</arg>
<doc>Adds ``values`` to the end of ``list``.</doc>
<status status="NOT RUN" starttime="20230211 18:15:35.238" endtime="20230211 18:15:35.238"/>
</kw>
<status status="NOT RUN" starttime="20230211 18:15:35.237" endtime="20230211 18:15:35.238"/>
</branch>
<branch type="ELSE IF" condition="${len_ing_wo_units}!=${0}">
<kw name="Get Ingredient Without Units">
<var>${dict_ing}</var>
<arg>${text}</arg>
<status status="NOT RUN" starttime="20230211 18:15:35.239" endtime="20230211 18:15:35.239"/>
</kw>
<kw name="Append To List" library="Collections">
<arg>${list_ingredients}</arg>
<arg>${dict_ing}</arg>
<doc>Adds ``values`` to the end of ``list``.</doc>
<status status="NOT RUN" starttime="20230211 18:15:35.239" endtime="20230211 18:15:35.239"/>
</kw>
<status status="NOT RUN" starttime="20230211 18:15:35.238" endtime="20230211 18:15:35.239"/>
</branch>
<branch type="ELSE">
<kw name="Log" library="BuiltIn">
<arg>rest of text</arg>
<doc>Logs the given message with the given level.</doc>
<status status="NOT RUN" starttime="20230211 18:15:35.240" endtime="20230211 18:15:35.240"/>
</kw>
<status status="NOT RUN" starttime="20230211 18:15:35.239" endtime="20230211 18:15:35.240"/>
</branch>
<status status="PASS" starttime="20230211 18:15:35.228" endtime="20230211 18:15:35.240"/>
</if>
<status status="PASS" starttime="20230211 18:15:35.175" endtime="20230211 18:15:35.240"/>
</iter>
<iter>
<var name="${ingredient}">element=3d583d15-a3d6-457d-a164-de07ae9ff421</var>
<kw name="Get Text" library="Browser">
<var>${text}</var>
<arg>${ingredient}</arg>
<tag>Assertion</tag>
<tag>Getter</tag>
<tag>PageContent</tag>
<doc>Returns text attribute of the element found by ``selector``.</doc>
<msg timestamp="20230211 18:15:35.285" level="INFO">${text} = 300g (10.6oz) wholegrain spelt flour</msg>
<status status="PASS" starttime="20230211 18:15:35.241" endtime="20230211 18:15:35.285"/>
</kw>
<kw name="Get Length" library="BuiltIn">
<var>${len_text}</var>
<arg>${text}</arg>
<doc>Returns and logs the length of the given item as an integer.</doc>
<msg timestamp="20230211 18:15:35.286" level="INFO">Length is 36</msg>
<msg timestamp="20230211 18:15:35.286" level="INFO">${len_text} = 36</msg>
<status status="PASS" starttime="20230211 18:15:35.286" endtime="20230211 18:15:35.286"/>
</kw>
<kw name="Get Regexp Matches" library="String">
<var>${ing_w_units}</var>
<arg>${text}</arg>
<arg>[0-9]{1,4}g</arg>
<doc>Returns a list of all non-overlapping matches in the given string.</doc>
<msg timestamp="20230211 18:15:35.287" level="INFO">${ing_w_units} = ['300g']</msg>
<status status="PASS" starttime="20230211 18:15:35.287" endtime="20230211 18:15:35.287"/>
</kw>
<kw name="Get Length" library="BuiltIn">
<var>${len_ing_w_units}</var>
<arg>${ing_w_units}</arg>
<doc>Returns and logs the length of the given item as an integer.</doc>
<msg timestamp="20230211 18:15:35.288" level="INFO">Length is 1</msg>
<msg timestamp="20230211 18:15:35.288" level="INFO">${len_ing_w_units} = 1</msg>
<status status="PASS" starttime="20230211 18:15:35.287" endtime="20230211 18:15:35.288"/>
</kw>
<kw name="Get Regexp Matches" library="String">
<var>${ing_wo_units}</var>
<arg>${text}</arg>
<arg>[0-9]{1,4}</arg>
<doc>Returns a list of all non-overlapping matches in the given string.</doc>
<msg timestamp="20230211 18:15:35.290" level="INFO">${ing_wo_units} = ['300', '10', '6']</msg>
<status status="PASS" starttime="20230211 18:15:35.288" endtime="20230211 18:15:35.290"/>
</kw>
<kw name="Get Length" library="BuiltIn">
<var>${len_ing_wo_units}</var>
<arg>${ing_wo_units}</arg>
<doc>Returns and logs the length of the given item as an integer.</doc>
<msg timestamp="20230211 18:15:35.293" level="INFO">Length is 3</msg>
<msg timestamp="20230211 18:15:35.293" level="INFO">${len_ing_wo_units} = 3</msg>
<status status="PASS" starttime="20230211 18:15:35.292" endtime="20230211 18:15:35.293"/>
</kw>
<kw name="Get Substring" library="String">
<var>${process_3}</var>
<arg>${text}</arg>
<arg>0</arg>
<arg>3</arg>
<doc>Returns a substring from ``start`` index to ``end`` index.</doc>
<msg timestamp="20230211 18:15:35.296" level="INFO">${process_3} = 300</msg>
<status status="PASS" starttime="20230211 18:15:35.295" endtime="20230211 18:15:35.296"/>
</kw>
<if>
<branch type="IF" condition="$process_3 == &quot;For&quot;">
<kw name="Get Substring" library="String">
<var>${process}</var>
<arg>${text}</arg>
<arg>0</arg>
<arg>-1</arg>
<doc>Returns a substring from ``start`` index to ``end`` index.</doc>
<status status="NOT RUN" starttime="20230211 18:15:35.297" endtime="20230211 18:15:35.297"/>
</kw>
<status status="NOT RUN" starttime="20230211 18:15:35.297" endtime="20230211 18:15:35.297"/>
</branch>
<branch type="ELSE IF" condition="${len_text}==${1}">
<kw name="Set To Dictionary" library="Collections">
<arg>${dict_ingredients}</arg>
<arg>${process}=${list_ingredients}</arg>
<doc>Adds the given ``key_value_pairs`` and ``items`` to the ``dictionary``.</doc>
<status status="NOT RUN" starttime="20230211 18:15:35.298" endtime="20230211 18:15:35.299"/>
</kw>
<kw name="Create List" library="BuiltIn">
<var>${list_ingredients}</var>
<doc>Returns a list containing given items.</doc>
<status status="NOT RUN" starttime="20230211 18:15:35.299" endtime="20230211 18:15:35.299"/>
</kw>
<kw name="Log" library="BuiltIn">
<arg>${dict_ingredients}</arg>
<doc>Logs the given message with the given level.</doc>
<status status="NOT RUN" starttime="20230211 18:15:35.299" endtime="20230211 18:15:35.299"/>
</kw>
<status status="NOT RUN" starttime="20230211 18:15:35.298" endtime="20230211 18:15:35.299"/>
</branch>
<branch type="ELSE IF" condition="${len_ing_w_units}!= ${0}">
<kw name="Get Ingredient With Units">
<var>${dict_ing}</var>
<arg>${text}</arg>
<kw name="Get Regexp Matches" library="String">
<var>${quantity_w_units}</var>
<arg>${text}</arg>
<arg>[0-9]{1,4}g</arg>
<doc>Returns a list of all non-overlapping matches in the given string.</doc>
<msg timestamp="20230211 18:15:35.302" level="INFO">${quantity_w_units} = ['300g']</msg>
<status status="PASS" starttime="20230211 18:15:35.301" endtime="20230211 18:15:35.302"/>
</kw>
<kw name="Get Substring" library="String">
<var>${quantity}</var>
<arg>${quantity_w_units}[0]</arg>
<arg>0</arg>
<arg>-1</arg>
<doc>Returns a substring from ``start`` index to ``end`` index.</doc>
<msg timestamp="20230211 18:15:35.303" level="INFO">${quantity} = 300</msg>
<status status="PASS" starttime="20230211 18:15:35.302" endtime="20230211 18:15:35.303"/>
</kw>
<kw name="Get Substring" library="String">
<var>${units}</var>
<arg>${quantity_w_units}[0]</arg>
<arg>-1</arg>
<doc>Returns a substring from ``start`` index to ``end`` index.</doc>
<msg timestamp="20230211 18:15:35.303" level="INFO">${units} = g</msg>
<status status="PASS" starttime="20230211 18:15:35.303" endtime="20230211 18:15:35.303"/>
</kw>
<kw name="Remove String Using Regexp" library="String">
<var>${item_wo_oz}</var>
<arg>${text}</arg>
<arg>[(]([0-9]{1,4}[.][0-9]{1,4}oz)|([0-9]{1,4}oz)[)]</arg>
<doc>Removes ``patterns`` from the given ``string``.</doc>
<msg timestamp="20230211 18:15:35.307" level="INFO">${item_wo_oz} = 300g ) wholegrain spelt flour</msg>
<status status="PASS" starttime="20230211 18:15:35.305" endtime="20230211 18:15:35.307"/>
</kw>
<kw name="Remove String Using Regexp" library="String">
<var>${item}</var>
<arg>${item_wo_oz}</arg>
<arg>[0-9]{1,4}g</arg>
<doc>Removes ``patterns`` from the given ``string``.</doc>
<msg timestamp="20230211 18:15:35.308" level="INFO">${item} =  ) wholegrain spelt flour</msg>
<status status="PASS" starttime="20230211 18:15:35.307" endtime="20230211 18:15:35.308"/>
</kw>
<kw name="Get Substring" library="String">
<var>${item}</var>
<arg>${item}</arg>
<arg>2</arg>
<doc>Returns a substring from ``start`` index to ``end`` index.</doc>
<msg timestamp="20230211 18:15:35.309" level="INFO">${item} =  wholegrain spelt flour</msg>
<status status="PASS" starttime="20230211 18:15:35.309" endtime="20230211 18:15:35.309"/>
</kw>
<kw name="Create Dictionary" library="BuiltIn">
<var>${dict_ing}</var>
<arg>item=${item}</arg>
<arg>quantity=${quantity}</arg>
<arg>units=${units}</arg>
<doc>Creates and returns a dictionary based on the given ``items``.</doc>
<msg timestamp="20230211 18:15:35.310" level="INFO">${dict_ing} = {'item': ' wholegrain spelt flour', 'quantity': '300', 'units': 'g'}</msg>
<status status="PASS" starttime="20230211 18:15:35.309" endtime="20230211 18:15:35.310"/>
</kw>
<return>
<value>${dict_ing}</value>
<status status="PASS" starttime="20230211 18:15:35.310" endtime="20230211 18:15:35.310"/>
</return>
<msg timestamp="20230211 18:15:35.311" level="INFO">${dict_ing} = {'item': ' wholegrain spelt flour', 'quantity': '300', 'units': 'g'}</msg>
<status status="PASS" starttime="20230211 18:15:35.301" endtime="20230211 18:15:35.311"/>
</kw>
<kw name="Append To List" library="Collections">
<arg>${list_ingredients}</arg>
<arg>${dict_ing}</arg>
<doc>Adds ``values`` to the end of ``list``.</doc>
<status status="PASS" starttime="20230211 18:15:35.311" endtime="20230211 18:15:35.312"/>
</kw>
<status status="PASS" starttime="20230211 18:15:35.300" endtime="20230211 18:15:35.312"/>
</branch>
<branch type="ELSE IF" condition="${len_ing_wo_units}!=${0}">
<kw name="Get Ingredient Without Units">
<var>${dict_ing}</var>
<arg>${text}</arg>
<status status="NOT RUN" starttime="20230211 18:15:35.312" endtime="20230211 18:15:35.312"/>
</kw>
<kw name="Append To List" library="Collections">
<arg>${list_ingredients}</arg>
<arg>${dict_ing}</arg>
<doc>Adds ``values`` to the end of ``list``.</doc>
<status status="NOT RUN" starttime="20230211 18:15:35.313" endtime="20230211 18:15:35.313"/>
</kw>
<status status="NOT RUN" starttime="20230211 18:15:35.312" endtime="20230211 18:15:35.313"/>
</branch>
<branch type="ELSE">
<kw name="Log" library="BuiltIn">
<arg>rest of text</arg>
<doc>Logs the given message with the given level.</doc>
<status status="NOT RUN" starttime="20230211 18:15:35.313" endtime="20230211 18:15:35.314"/>
</kw>
<status status="NOT RUN" starttime="20230211 18:15:35.313" endtime="20230211 18:15:35.314"/>
</branch>
<status status="PASS" starttime="20230211 18:15:35.296" endtime="20230211 18:15:35.314"/>
</if>
<status status="PASS" starttime="20230211 18:15:35.241" endtime="20230211 18:15:35.314"/>
</iter>
<iter>
<var name="${ingredient}">element=b9a25257-3349-400c-b429-8100b5dc6f62</var>
<kw name="Get Text" library="Browser">
<var>${text}</var>
<arg>${ingredient}</arg>
<tag>Assertion</tag>
<tag>Getter</tag>
<tag>PageContent</tag>
<doc>Returns text attribute of the element found by ``selector``.</doc>
<msg timestamp="20230211 18:15:35.351" level="INFO">${text} = 6g (0.21oz) salt</msg>
<status status="PASS" starttime="20230211 18:15:35.315" endtime="20230211 18:15:35.351"/>
</kw>
<kw name="Get Length" library="BuiltIn">
<var>${len_text}</var>
<arg>${text}</arg>
<doc>Returns and logs the length of the given item as an integer.</doc>
<msg timestamp="20230211 18:15:35.352" level="INFO">Length is 16</msg>
<msg timestamp="20230211 18:15:35.352" level="INFO">${len_text} = 16</msg>
<status status="PASS" starttime="20230211 18:15:35.351" endtime="20230211 18:15:35.352"/>
</kw>
<kw name="Get Regexp Matches" library="String">
<var>${ing_w_units}</var>
<arg>${text}</arg>
<arg>[0-9]{1,4}g</arg>
<doc>Returns a list of all non-overlapping matches in the given string.</doc>
<msg timestamp="20230211 18:15:35.353" level="INFO">${ing_w_units} = ['6g']</msg>
<status status="PASS" starttime="20230211 18:15:35.353" endtime="20230211 18:15:35.353"/>
</kw>
<kw name="Get Length" library="BuiltIn">
<var>${len_ing_w_units}</var>
<arg>${ing_w_units}</arg>
<doc>Returns and logs the length of the given item as an integer.</doc>
<msg timestamp="20230211 18:15:35.355" level="INFO">Length is 1</msg>
<msg timestamp="20230211 18:15:35.355" level="INFO">${len_ing_w_units} = 1</msg>
<status status="PASS" starttime="20230211 18:15:35.354" endtime="20230211 18:15:35.355"/>
</kw>
<kw name="Get Regexp Matches" library="String">
<var>${ing_wo_units}</var>
<arg>${text}</arg>
<arg>[0-9]{1,4}</arg>
<doc>Returns a list of all non-overlapping matches in the given string.</doc>
<msg timestamp="20230211 18:15:35.356" level="INFO">${ing_wo_units} = ['6', '0', '21']</msg>
<status status="PASS" starttime="20230211 18:15:35.355" endtime="20230211 18:15:35.356"/>
</kw>
<kw name="Get Length" library="BuiltIn">
<var>${len_ing_wo_units}</var>
<arg>${ing_wo_units}</arg>
<doc>Returns and logs the length of the given item as an integer.</doc>
<msg timestamp="20230211 18:15:35.357" level="INFO">Length is 3</msg>
<msg timestamp="20230211 18:15:35.357" level="INFO">${len_ing_wo_units} = 3</msg>
<status status="PASS" starttime="20230211 18:15:35.357" endtime="20230211 18:15:35.357"/>
</kw>
<kw name="Get Substring" library="String">
<var>${process_3}</var>
<arg>${text}</arg>
<arg>0</arg>
<arg>3</arg>
<doc>Returns a substring from ``start`` index to ``end`` index.</doc>
<msg timestamp="20230211 18:15:35.358" level="INFO">${process_3} = 6g </msg>
<status status="PASS" starttime="20230211 18:15:35.357" endtime="20230211 18:15:35.358"/>
</kw>
<if>
<branch type="IF" condition="$process_3 == &quot;For&quot;">
<kw name="Get Substring" library="String">
<var>${process}</var>
<arg>${text}</arg>
<arg>0</arg>
<arg>-1</arg>
<doc>Returns a substring from ``start`` index to ``end`` index.</doc>
<status status="NOT RUN" starttime="20230211 18:15:35.359" endtime="20230211 18:15:35.359"/>
</kw>
<status status="NOT RUN" starttime="20230211 18:15:35.358" endtime="20230211 18:15:35.359"/>
</branch>
<branch type="ELSE IF" condition="${len_text}==${1}">
<kw name="Set To Dictionary" library="Collections">
<arg>${dict_ingredients}</arg>
<arg>${process}=${list_ingredients}</arg>
<doc>Adds the given ``key_value_pairs`` and ``items`` to the ``dictionary``.</doc>
<status status="NOT RUN" starttime="20230211 18:15:35.360" endtime="20230211 18:15:35.360"/>
</kw>
<kw name="Create List" library="BuiltIn">
<var>${list_ingredients}</var>
<doc>Returns a list containing given items.</doc>
<status status="NOT RUN" starttime="20230211 18:15:35.360" endtime="20230211 18:15:35.360"/>
</kw>
<kw name="Log" library="BuiltIn">
<arg>${dict_ingredients}</arg>
<doc>Logs the given message with the given level.</doc>
<status status="NOT RUN" starttime="20230211 18:15:35.361" endtime="20230211 18:15:35.361"/>
</kw>
<status status="NOT RUN" starttime="20230211 18:15:35.359" endtime="20230211 18:15:35.361"/>
</branch>
<branch type="ELSE IF" condition="${len_ing_w_units}!= ${0}">
<kw name="Get Ingredient With Units">
<var>${dict_ing}</var>
<arg>${text}</arg>
<kw name="Get Regexp Matches" library="String">
<var>${quantity_w_units}</var>
<arg>${text}</arg>
<arg>[0-9]{1,4}g</arg>
<doc>Returns a list of all non-overlapping matches in the given string.</doc>
<msg timestamp="20230211 18:15:35.363" level="INFO">${quantity_w_units} = ['6g']</msg>
<status status="PASS" starttime="20230211 18:15:35.363" endtime="20230211 18:15:35.363"/>
</kw>
<kw name="Get Substring" library="String">
<var>${quantity}</var>
<arg>${quantity_w_units}[0]</arg>
<arg>0</arg>
<arg>-1</arg>
<doc>Returns a substring from ``start`` index to ``end`` index.</doc>
<msg timestamp="20230211 18:15:35.365" level="INFO">${quantity} = 6</msg>
<status status="PASS" starttime="20230211 18:15:35.364" endtime="20230211 18:15:35.365"/>
</kw>
<kw name="Get Substring" library="String">
<var>${units}</var>
<arg>${quantity_w_units}[0]</arg>
<arg>-1</arg>
<doc>Returns a substring from ``start`` index to ``end`` index.</doc>
<msg timestamp="20230211 18:15:35.366" level="INFO">${units} = g</msg>
<status status="PASS" starttime="20230211 18:15:35.365" endtime="20230211 18:15:35.366"/>
</kw>
<kw name="Remove String Using Regexp" library="String">
<var>${item_wo_oz}</var>
<arg>${text}</arg>
<arg>[(]([0-9]{1,4}[.][0-9]{1,4}oz)|([0-9]{1,4}oz)[)]</arg>
<doc>Removes ``patterns`` from the given ``string``.</doc>
<msg timestamp="20230211 18:15:35.367" level="INFO">${item_wo_oz} = 6g ) salt</msg>
<status status="PASS" starttime="20230211 18:15:35.366" endtime="20230211 18:15:35.367"/>
</kw>
<kw name="Remove String Using Regexp" library="String">
<var>${item}</var>
<arg>${item_wo_oz}</arg>
<arg>[0-9]{1,4}g</arg>
<doc>Removes ``patterns`` from the given ``string``.</doc>
<msg timestamp="20230211 18:15:35.368" level="INFO">${item} =  ) salt</msg>
<status status="PASS" starttime="20230211 18:15:35.367" endtime="20230211 18:15:35.368"/>
</kw>
<kw name="Get Substring" library="String">
<var>${item}</var>
<arg>${item}</arg>
<arg>2</arg>
<doc>Returns a substring from ``start`` index to ``end`` index.</doc>
<msg timestamp="20230211 18:15:35.369" level="INFO">${item} =  salt</msg>
<status status="PASS" starttime="20230211 18:15:35.369" endtime="20230211 18:15:35.369"/>
</kw>
<kw name="Create Dictionary" library="BuiltIn">
<var>${dict_ing}</var>
<arg>item=${item}</arg>
<arg>quantity=${quantity}</arg>
<arg>units=${units}</arg>
<doc>Creates and returns a dictionary based on the given ``items``.</doc>
<msg timestamp="20230211 18:15:35.371" level="INFO">${dict_ing} = {'item': ' salt', 'quantity': '6', 'units': 'g'}</msg>
<status status="PASS" starttime="20230211 18:15:35.370" endtime="20230211 18:15:35.371"/>
</kw>
<return>
<value>${dict_ing}</value>
<status status="PASS" starttime="20230211 18:15:35.371" endtime="20230211 18:15:35.372"/>
</return>
<msg timestamp="20230211 18:15:35.372" level="INFO">${dict_ing} = {'item': ' salt', 'quantity': '6', 'units': 'g'}</msg>
<status status="PASS" starttime="20230211 18:15:35.362" endtime="20230211 18:15:35.373"/>
</kw>
<kw name="Append To List" library="Collections">
<arg>${list_ingredients}</arg>
<arg>${dict_ing}</arg>
<doc>Adds ``values`` to the end of ``list``.</doc>
<status status="PASS" starttime="20230211 18:15:35.373" endtime="20230211 18:15:35.374"/>
</kw>
<status status="PASS" starttime="20230211 18:15:35.361" endtime="20230211 18:15:35.374"/>
</branch>
<branch type="ELSE IF" condition="${len_ing_wo_units}!=${0}">
<kw name="Get Ingredient Without Units">
<var>${dict_ing}</var>
<arg>${text}</arg>
<status status="NOT RUN" starttime="20230211 18:15:35.375" endtime="20230211 18:15:35.375"/>
</kw>
<kw name="Append To List" library="Collections">
<arg>${list_ingredients}</arg>
<arg>${dict_ing}</arg>
<doc>Adds ``values`` to the end of ``list``.</doc>
<status status="NOT RUN" starttime="20230211 18:15:35.376" endtime="20230211 18:15:35.376"/>
</kw>
<status status="NOT RUN" starttime="20230211 18:15:35.375" endtime="20230211 18:15:35.376"/>
</branch>
<branch type="ELSE">
<kw name="Log" library="BuiltIn">
<arg>rest of text</arg>
<doc>Logs the given message with the given level.</doc>
<status status="NOT RUN" starttime="20230211 18:15:35.378" endtime="20230211 18:15:35.378"/>
</kw>
<status status="NOT RUN" starttime="20230211 18:15:35.378" endtime="20230211 18:15:35.378"/>
</branch>
<status status="PASS" starttime="20230211 18:15:35.358" endtime="20230211 18:15:35.378"/>
</if>
<status status="PASS" starttime="20230211 18:15:35.315" endtime="20230211 18:15:35.378"/>
</iter>
<iter>
<var name="${ingredient}">element=afc33635-91b4-461d-9f56-495c4478a1ac</var>
<kw name="Get Text" library="Browser">
<var>${text}</var>
<arg>${ingredient}</arg>
<tag>Assertion</tag>
<tag>Getter</tag>
<tag>PageContent</tag>
<doc>Returns text attribute of the element found by ``selector``.</doc>
<msg timestamp="20230211 18:15:35.411" level="INFO">${text} = 3g (0.1oz) instant dry yeast or 3.6g (0.12oz) active dry yeast or 9g (0.31oz) fresh yeast</msg>
<status status="PASS" starttime="20230211 18:15:35.379" endtime="20230211 18:15:35.411"/>
</kw>
<kw name="Get Length" library="BuiltIn">
<var>${len_text}</var>
<arg>${text}</arg>
<doc>Returns and logs the length of the given item as an integer.</doc>
<msg timestamp="20230211 18:15:35.411" level="INFO">Length is 89</msg>
<msg timestamp="20230211 18:15:35.412" level="INFO">${len_text} = 89</msg>
<status status="PASS" starttime="20230211 18:15:35.411" endtime="20230211 18:15:35.412"/>
</kw>
<kw name="Get Regexp Matches" library="String">
<var>${ing_w_units}</var>
<arg>${text}</arg>
<arg>[0-9]{1,4}g</arg>
<doc>Returns a list of all non-overlapping matches in the given string.</doc>
<msg timestamp="20230211 18:15:35.412" level="INFO">${ing_w_units} = ['3g', '6g', '9g']</msg>
<status status="PASS" starttime="20230211 18:15:35.412" endtime="20230211 18:15:35.412"/>
</kw>
<kw name="Get Length" library="BuiltIn">
<var>${len_ing_w_units}</var>
<arg>${ing_w_units}</arg>
<doc>Returns and logs the length of the given item as an integer.</doc>
<msg timestamp="20230211 18:15:35.413" level="INFO">Length is 3</msg>
<msg timestamp="20230211 18:15:35.413" level="INFO">${len_ing_w_units} = 3</msg>
<status status="PASS" starttime="20230211 18:15:35.413" endtime="20230211 18:15:35.413"/>
</kw>
<kw name="Get Regexp Matches" library="String">
<var>${ing_wo_units}</var>
<arg>${text}</arg>
<arg>[0-9]{1,4}</arg>
<doc>Returns a list of all non-overlapping matches in the given string.</doc>
<msg timestamp="20230211 18:15:35.414" level="INFO">${ing_wo_units} = ['3', '0', '1', '3', '6', '0', '12', '9', '0', '31']</msg>
<status status="PASS" starttime="20230211 18:15:35.413" endtime="20230211 18:15:35.414"/>
</kw>
<kw name="Get Length" library="BuiltIn">
<var>${len_ing_wo_units}</var>
<arg>${ing_wo_units}</arg>
<doc>Returns and logs the length of the given item as an integer.</doc>
<msg timestamp="20230211 18:15:35.414" level="INFO">Length is 10</msg>
<msg timestamp="20230211 18:15:35.414" level="INFO">${len_ing_wo_units} = 10</msg>
<status status="PASS" starttime="20230211 18:15:35.414" endtime="20230211 18:15:35.414"/>
</kw>
<kw name="Get Substring" library="String">
<var>${process_3}</var>
<arg>${text}</arg>
<arg>0</arg>
<arg>3</arg>
<doc>Returns a substring from ``start`` index to ``end`` index.</doc>
<msg timestamp="20230211 18:15:35.415" level="INFO">${process_3} = 3g </msg>
<status status="PASS" starttime="20230211 18:15:35.415" endtime="20230211 18:15:35.415"/>
</kw>
<if>
<branch type="IF" condition="$process_3 == &quot;For&quot;">
<kw name="Get Substring" library="String">
<var>${process}</var>
<arg>${text}</arg>
<arg>0</arg>
<arg>-1</arg>
<doc>Returns a substring from ``start`` index to ``end`` index.</doc>
<status status="NOT RUN" starttime="20230211 18:15:35.416" endtime="20230211 18:15:35.416"/>
</kw>
<status status="NOT RUN" starttime="20230211 18:15:35.415" endtime="20230211 18:15:35.416"/>
</branch>
<branch type="ELSE IF" condition="${len_text}==${1}">
<kw name="Set To Dictionary" library="Collections">
<arg>${dict_ingredients}</arg>
<arg>${process}=${list_ingredients}</arg>
<doc>Adds the given ``key_value_pairs`` and ``items`` to the ``dictionary``.</doc>
<status status="NOT RUN" starttime="20230211 18:15:35.417" endtime="20230211 18:15:35.417"/>
</kw>
<kw name="Create List" library="BuiltIn">
<var>${list_ingredients}</var>
<doc>Returns a list containing given items.</doc>
<status status="NOT RUN" starttime="20230211 18:15:35.417" endtime="20230211 18:15:35.417"/>
</kw>
<kw name="Log" library="BuiltIn">
<arg>${dict_ingredients}</arg>
<doc>Logs the given message with the given level.</doc>
<status status="NOT RUN" starttime="20230211 18:15:35.418" endtime="20230211 18:15:35.418"/>
</kw>
<status status="NOT RUN" starttime="20230211 18:15:35.416" endtime="20230211 18:15:35.418"/>
</branch>
<branch type="ELSE IF" condition="${len_ing_w_units}!= ${0}">
<kw name="Get Ingredient With Units">
<var>${dict_ing}</var>
<arg>${text}</arg>
<kw name="Get Regexp Matches" library="String">
<var>${quantity_w_units}</var>
<arg>${text}</arg>
<arg>[0-9]{1,4}g</arg>
<doc>Returns a list of all non-overlapping matches in the given string.</doc>
<msg timestamp="20230211 18:15:35.420" level="INFO">${quantity_w_units} = ['3g', '6g', '9g']</msg>
<status status="PASS" starttime="20230211 18:15:35.419" endtime="20230211 18:15:35.420"/>
</kw>
<kw name="Get Substring" library="String">
<var>${quantity}</var>
<arg>${quantity_w_units}[0]</arg>
<arg>0</arg>
<arg>-1</arg>
<doc>Returns a substring from ``start`` index to ``end`` index.</doc>
<msg timestamp="20230211 18:15:35.421" level="INFO">${quantity} = 3</msg>
<status status="PASS" starttime="20230211 18:15:35.420" endtime="20230211 18:15:35.421"/>
</kw>
<kw name="Get Substring" library="String">
<var>${units}</var>
<arg>${quantity_w_units}[0]</arg>
<arg>-1</arg>
<doc>Returns a substring from ``start`` index to ``end`` index.</doc>
<msg timestamp="20230211 18:15:35.421" level="INFO">${units} = g</msg>
<status status="PASS" starttime="20230211 18:15:35.421" endtime="20230211 18:15:35.421"/>
</kw>
<kw name="Remove String Using Regexp" library="String">
<var>${item_wo_oz}</var>
<arg>${text}</arg>
<arg>[(]([0-9]{1,4}[.][0-9]{1,4}oz)|([0-9]{1,4}oz)[)]</arg>
<doc>Removes ``patterns`` from the given ``string``.</doc>
<msg timestamp="20230211 18:15:35.422" level="INFO">${item_wo_oz} = 3g ) instant dry yeast or 3.6g ) active dry yeast or 9g ) fresh yeast</msg>
<status status="PASS" starttime="20230211 18:15:35.422" endtime="20230211 18:15:35.422"/>
</kw>
<kw name="Remove String Using Regexp" library="String">
<var>${item}</var>
<arg>${item_wo_oz}</arg>
<arg>[0-9]{1,4}g</arg>
<doc>Removes ``patterns`` from the given ``string``.</doc>
<msg timestamp="20230211 18:15:35.423" level="INFO">${item} =  ) instant dry yeast or 3. ) active dry yeast or  ) fresh yeast</msg>
<status status="PASS" starttime="20230211 18:15:35.422" endtime="20230211 18:15:35.423"/>
</kw>
<kw name="Get Substring" library="String">
<var>${item}</var>
<arg>${item}</arg>
<arg>2</arg>
<doc>Returns a substring from ``start`` index to ``end`` index.</doc>
<msg timestamp="20230211 18:15:35.423" level="INFO">${item} =  instant dry yeast or 3. ) active dry yeast or  ) fresh yeast</msg>
<status status="PASS" starttime="20230211 18:15:35.423" endtime="20230211 18:15:35.423"/>
</kw>
<kw name="Create Dictionary" library="BuiltIn">
<var>${dict_ing}</var>
<arg>item=${item}</arg>
<arg>quantity=${quantity}</arg>
<arg>units=${units}</arg>
<doc>Creates and returns a dictionary based on the given ``items``.</doc>
<msg timestamp="20230211 18:15:35.424" level="INFO">${dict_ing} = {'item': ' instant dry yeast or 3. ) active dry yeast or  ) fresh yeast', 'quantity': '3', 'units': 'g'}</msg>
<status status="PASS" starttime="20230211 18:15:35.424" endtime="20230211 18:15:35.424"/>
</kw>
<return>
<value>${dict_ing}</value>
<status status="PASS" starttime="20230211 18:15:35.425" endtime="20230211 18:15:35.425"/>
</return>
<msg timestamp="20230211 18:15:35.425" level="INFO">${dict_ing} = {'item': ' instant dry yeast or 3. ) active dry yeast or  ) fresh yeast', 'quantity': '3', 'units': 'g'}</msg>
<status status="PASS" starttime="20230211 18:15:35.419" endtime="20230211 18:15:35.425"/>
</kw>
<kw name="Append To List" library="Collections">
<arg>${list_ingredients}</arg>
<arg>${dict_ing}</arg>
<doc>Adds ``values`` to the end of ``list``.</doc>
<status status="PASS" starttime="20230211 18:15:35.426" endtime="20230211 18:15:35.426"/>
</kw>
<status status="PASS" starttime="20230211 18:15:35.418" endtime="20230211 18:15:35.426"/>
</branch>
<branch type="ELSE IF" condition="${len_ing_wo_units}!=${0}">
<kw name="Get Ingredient Without Units">
<var>${dict_ing}</var>
<arg>${text}</arg>
<status status="NOT RUN" starttime="20230211 18:15:35.427" endtime="20230211 18:15:35.427"/>
</kw>
<kw name="Append To List" library="Collections">
<arg>${list_ingredients}</arg>
<arg>${dict_ing}</arg>
<doc>Adds ``values`` to the end of ``list``.</doc>
<status status="NOT RUN" starttime="20230211 18:15:35.427" endtime="20230211 18:15:35.427"/>
</kw>
<status status="NOT RUN" starttime="20230211 18:15:35.427" endtime="20230211 18:15:35.428"/>
</branch>
<branch type="ELSE">
<kw name="Log" library="BuiltIn">
<arg>rest of text</arg>
<doc>Logs the given message with the given level.</doc>
<status status="NOT RUN" starttime="20230211 18:15:35.428" endtime="20230211 18:15:35.428"/>
</kw>
<status status="NOT RUN" starttime="20230211 18:15:35.428" endtime="20230211 18:15:35.428"/>
</branch>
<status status="PASS" starttime="20230211 18:15:35.415" endtime="20230211 18:15:35.428"/>
</if>
<status status="PASS" starttime="20230211 18:15:35.379" endtime="20230211 18:15:35.428"/>
</iter>
<iter>
<var name="${ingredient}">element=438545cd-8b87-49b6-83e9-38ac196530c9</var>
<kw name="Get Text" library="Browser">
<var>${text}</var>
<arg>${ingredient}</arg>
<tag>Assertion</tag>
<tag>Getter</tag>
<tag>PageContent</tag>
<doc>Returns text attribute of the element found by ``selector``.</doc>
<msg timestamp="20230211 18:15:35.464" level="INFO">${text} = 270g (9.52oz) cold water*</msg>
<status status="PASS" starttime="20230211 18:15:35.429" endtime="20230211 18:15:35.464"/>
</kw>
<kw name="Get Length" library="BuiltIn">
<var>${len_text}</var>
<arg>${text}</arg>
<doc>Returns and logs the length of the given item as an integer.</doc>
<msg timestamp="20230211 18:15:35.465" level="INFO">Length is 25</msg>
<msg timestamp="20230211 18:15:35.465" level="INFO">${len_text} = 25</msg>
<status status="PASS" starttime="20230211 18:15:35.465" endtime="20230211 18:15:35.465"/>
</kw>
<kw name="Get Regexp Matches" library="String">
<var>${ing_w_units}</var>
<arg>${text}</arg>
<arg>[0-9]{1,4}g</arg>
<doc>Returns a list of all non-overlapping matches in the given string.</doc>
<msg timestamp="20230211 18:15:35.467" level="INFO">${ing_w_units} = ['270g']</msg>
<status status="PASS" starttime="20230211 18:15:35.466" endtime="20230211 18:15:35.467"/>
</kw>
<kw name="Get Length" library="BuiltIn">
<var>${len_ing_w_units}</var>
<arg>${ing_w_units}</arg>
<doc>Returns and logs the length of the given item as an integer.</doc>
<msg timestamp="20230211 18:15:35.467" level="INFO">Length is 1</msg>
<msg timestamp="20230211 18:15:35.468" level="INFO">${len_ing_w_units} = 1</msg>
<status status="PASS" starttime="20230211 18:15:35.467" endtime="20230211 18:15:35.468"/>
</kw>
<kw name="Get Regexp Matches" library="String">
<var>${ing_wo_units}</var>
<arg>${text}</arg>
<arg>[0-9]{1,4}</arg>
<doc>Returns a list of all non-overlapping matches in the given string.</doc>
<msg timestamp="20230211 18:15:35.469" level="INFO">${ing_wo_units} = ['270', '9', '52']</msg>
<status status="PASS" starttime="20230211 18:15:35.468" endtime="20230211 18:15:35.469"/>
</kw>
<kw name="Get Length" library="BuiltIn">
<var>${len_ing_wo_units}</var>
<arg>${ing_wo_units}</arg>
<doc>Returns and logs the length of the given item as an integer.</doc>
<msg timestamp="20230211 18:15:35.469" level="INFO">Length is 3</msg>
<msg timestamp="20230211 18:15:35.469" level="INFO">${len_ing_wo_units} = 3</msg>
<status status="PASS" starttime="20230211 18:15:35.469" endtime="20230211 18:15:35.469"/>
</kw>
<kw name="Get Substring" library="String">
<var>${process_3}</var>
<arg>${text}</arg>
<arg>0</arg>
<arg>3</arg>
<doc>Returns a substring from ``start`` index to ``end`` index.</doc>
<msg timestamp="20230211 18:15:35.470" level="INFO">${process_3} = 270</msg>
<status status="PASS" starttime="20230211 18:15:35.469" endtime="20230211 18:15:35.470"/>
</kw>
<if>
<branch type="IF" condition="$process_3 == &quot;For&quot;">
<kw name="Get Substring" library="String">
<var>${process}</var>
<arg>${text}</arg>
<arg>0</arg>
<arg>-1</arg>
<doc>Returns a substring from ``start`` index to ``end`` index.</doc>
<status status="NOT RUN" starttime="20230211 18:15:35.471" endtime="20230211 18:15:35.471"/>
</kw>
<status status="NOT RUN" starttime="20230211 18:15:35.470" endtime="20230211 18:15:35.471"/>
</branch>
<branch type="ELSE IF" condition="${len_text}==${1}">
<kw name="Set To Dictionary" library="Collections">
<arg>${dict_ingredients}</arg>
<arg>${process}=${list_ingredients}</arg>
<doc>Adds the given ``key_value_pairs`` and ``items`` to the ``dictionary``.</doc>
<status status="NOT RUN" starttime="20230211 18:15:35.472" endtime="20230211 18:15:35.472"/>
</kw>
<kw name="Create List" library="BuiltIn">
<var>${list_ingredients}</var>
<doc>Returns a list containing given items.</doc>
<status status="NOT RUN" starttime="20230211 18:15:35.472" endtime="20230211 18:15:35.472"/>
</kw>
<kw name="Log" library="BuiltIn">
<arg>${dict_ingredients}</arg>
<doc>Logs the given message with the given level.</doc>
<status status="NOT RUN" starttime="20230211 18:15:35.473" endtime="20230211 18:15:35.473"/>
</kw>
<status status="NOT RUN" starttime="20230211 18:15:35.471" endtime="20230211 18:15:35.473"/>
</branch>
<branch type="ELSE IF" condition="${len_ing_w_units}!= ${0}">
<kw name="Get Ingredient With Units">
<var>${dict_ing}</var>
<arg>${text}</arg>
<kw name="Get Regexp Matches" library="String">
<var>${quantity_w_units}</var>
<arg>${text}</arg>
<arg>[0-9]{1,4}g</arg>
<doc>Returns a list of all non-overlapping matches in the given string.</doc>
<msg timestamp="20230211 18:15:35.475" level="INFO">${quantity_w_units} = ['270g']</msg>
<status status="PASS" starttime="20230211 18:15:35.474" endtime="20230211 18:15:35.475"/>
</kw>
<kw name="Get Substring" library="String">
<var>${quantity}</var>
<arg>${quantity_w_units}[0]</arg>
<arg>0</arg>
<arg>-1</arg>
<doc>Returns a substring from ``start`` index to ``end`` index.</doc>
<msg timestamp="20230211 18:15:35.475" level="INFO">${quantity} = 270</msg>
<status status="PASS" starttime="20230211 18:15:35.475" endtime="20230211 18:15:35.475"/>
</kw>
<kw name="Get Substring" library="String">
<var>${units}</var>
<arg>${quantity_w_units}[0]</arg>
<arg>-1</arg>
<doc>Returns a substring from ``start`` index to ``end`` index.</doc>
<msg timestamp="20230211 18:15:35.476" level="INFO">${units} = g</msg>
<status status="PASS" starttime="20230211 18:15:35.476" endtime="20230211 18:15:35.476"/>
</kw>
<kw name="Remove String Using Regexp" library="String">
<var>${item_wo_oz}</var>
<arg>${text}</arg>
<arg>[(]([0-9]{1,4}[.][0-9]{1,4}oz)|([0-9]{1,4}oz)[)]</arg>
<doc>Removes ``patterns`` from the given ``string``.</doc>
<msg timestamp="20230211 18:15:35.477" level="INFO">${item_wo_oz} = 270g ) cold water*</msg>
<status status="PASS" starttime="20230211 18:15:35.476" endtime="20230211 18:15:35.477"/>
</kw>
<kw name="Remove String Using Regexp" library="String">
<var>${item}</var>
<arg>${item_wo_oz}</arg>
<arg>[0-9]{1,4}g</arg>
<doc>Removes ``patterns`` from the given ``string``.</doc>
<msg timestamp="20230211 18:15:35.478" level="INFO">${item} =  ) cold water*</msg>
<status status="PASS" starttime="20230211 18:15:35.477" endtime="20230211 18:15:35.478"/>
</kw>
<kw name="Get Substring" library="String">
<var>${item}</var>
<arg>${item}</arg>
<arg>2</arg>
<doc>Returns a substring from ``start`` index to ``end`` index.</doc>
<msg timestamp="20230211 18:15:35.478" level="INFO">${item} =  cold water*</msg>
<status status="PASS" starttime="20230211 18:15:35.478" endtime="20230211 18:15:35.478"/>
</kw>
<kw name="Create Dictionary" library="BuiltIn">
<var>${dict_ing}</var>
<arg>item=${item}</arg>
<arg>quantity=${quantity}</arg>
<arg>units=${units}</arg>
<doc>Creates and returns a dictionary based on the given ``items``.</doc>
<msg timestamp="20230211 18:15:35.479" level="INFO">${dict_ing} = {'item': ' cold water*', 'quantity': '270', 'units': 'g'}</msg>
<status status="PASS" starttime="20230211 18:15:35.479" endtime="20230211 18:15:35.479"/>
</kw>
<return>
<value>${dict_ing}</value>
<status status="PASS" starttime="20230211 18:15:35.480" endtime="20230211 18:15:35.480"/>
</return>
<msg timestamp="20230211 18:15:35.480" level="INFO">${dict_ing} = {'item': ' cold water*', 'quantity': '270', 'units': 'g'}</msg>
<status status="PASS" starttime="20230211 18:15:35.474" endtime="20230211 18:15:35.480"/>
</kw>
<kw name="Append To List" library="Collections">
<arg>${list_ingredients}</arg>
<arg>${dict_ing}</arg>
<doc>Adds ``values`` to the end of ``list``.</doc>
<status status="PASS" starttime="20230211 18:15:35.480" endtime="20230211 18:15:35.481"/>
</kw>
<status status="PASS" starttime="20230211 18:15:35.473" endtime="20230211 18:15:35.481"/>
</branch>
<branch type="ELSE IF" condition="${len_ing_wo_units}!=${0}">
<kw name="Get Ingredient Without Units">
<var>${dict_ing}</var>
<arg>${text}</arg>
<status status="NOT RUN" starttime="20230211 18:15:35.481" endtime="20230211 18:15:35.481"/>
</kw>
<kw name="Append To List" library="Collections">
<arg>${list_ingredients}</arg>
<arg>${dict_ing}</arg>
<doc>Adds ``values`` to the end of ``list``.</doc>
<status status="NOT RUN" starttime="20230211 18:15:35.482" endtime="20230211 18:15:35.482"/>
</kw>
<status status="NOT RUN" starttime="20230211 18:15:35.481" endtime="20230211 18:15:35.482"/>
</branch>
<branch type="ELSE">
<kw name="Log" library="BuiltIn">
<arg>rest of text</arg>
<doc>Logs the given message with the given level.</doc>
<status status="NOT RUN" starttime="20230211 18:15:35.482" endtime="20230211 18:15:35.482"/>
</kw>
<status status="NOT RUN" starttime="20230211 18:15:35.482" endtime="20230211 18:15:35.482"/>
</branch>
<status status="PASS" starttime="20230211 18:15:35.470" endtime="20230211 18:15:35.483"/>
</if>
<status status="PASS" starttime="20230211 18:15:35.429" endtime="20230211 18:15:35.483"/>
</iter>
<iter>
<var name="${ingredient}">element=e89362e0-de3c-4362-81b0-8b9abc86a35c</var>
<kw name="Get Text" library="Browser">
<var>${text}</var>
<arg>${ingredient}</arg>
<tag>Assertion</tag>
<tag>Getter</tag>
<tag>PageContent</tag>
<doc>Returns text attribute of the element found by ``selector``.</doc>
<msg timestamp="20230211 18:15:35.512" level="INFO">${text} = *To learn more about dough temperature control click here.</msg>
<status status="PASS" starttime="20230211 18:15:35.483" endtime="20230211 18:15:35.513"/>
</kw>
<kw name="Get Length" library="BuiltIn">
<var>${len_text}</var>
<arg>${text}</arg>
<doc>Returns and logs the length of the given item as an integer.</doc>
<msg timestamp="20230211 18:15:35.513" level="INFO">Length is 58</msg>
<msg timestamp="20230211 18:15:35.514" level="INFO">${len_text} = 58</msg>
<status status="PASS" starttime="20230211 18:15:35.513" endtime="20230211 18:15:35.514"/>
</kw>
<kw name="Get Regexp Matches" library="String">
<var>${ing_w_units}</var>
<arg>${text}</arg>
<arg>[0-9]{1,4}g</arg>
<doc>Returns a list of all non-overlapping matches in the given string.</doc>
<msg timestamp="20230211 18:15:35.514" level="INFO">${ing_w_units} = []</msg>
<status status="PASS" starttime="20230211 18:15:35.514" endtime="20230211 18:15:35.514"/>
</kw>
<kw name="Get Length" library="BuiltIn">
<var>${len_ing_w_units}</var>
<arg>${ing_w_units}</arg>
<doc>Returns and logs the length of the given item as an integer.</doc>
<msg timestamp="20230211 18:15:35.515" level="INFO">Length is 0</msg>
<msg timestamp="20230211 18:15:35.515" level="INFO">${len_ing_w_units} = 0</msg>
<status status="PASS" starttime="20230211 18:15:35.515" endtime="20230211 18:15:35.515"/>
</kw>
<kw name="Get Regexp Matches" library="String">
<var>${ing_wo_units}</var>
<arg>${text}</arg>
<arg>[0-9]{1,4}</arg>
<doc>Returns a list of all non-overlapping matches in the given string.</doc>
<msg timestamp="20230211 18:15:35.516" level="INFO">${ing_wo_units} = []</msg>
<status status="PASS" starttime="20230211 18:15:35.515" endtime="20230211 18:15:35.516"/>
</kw>
<kw name="Get Length" library="BuiltIn">
<var>${len_ing_wo_units}</var>
<arg>${ing_wo_units}</arg>
<doc>Returns and logs the length of the given item as an integer.</doc>
<msg timestamp="20230211 18:15:35.517" level="INFO">Length is 0</msg>
<msg timestamp="20230211 18:15:35.517" level="INFO">${len_ing_wo_units} = 0</msg>
<status status="PASS" starttime="20230211 18:15:35.516" endtime="20230211 18:15:35.517"/>
</kw>
<kw name="Get Substring" library="String">
<var>${process_3}</var>
<arg>${text}</arg>
<arg>0</arg>
<arg>3</arg>
<doc>Returns a substring from ``start`` index to ``end`` index.</doc>
<msg timestamp="20230211 18:15:35.518" level="INFO">${process_3} = *To</msg>
<status status="PASS" starttime="20230211 18:15:35.518" endtime="20230211 18:15:35.518"/>
</kw>
<if>
<branch type="IF" condition="$process_3 == &quot;For&quot;">
<kw name="Get Substring" library="String">
<var>${process}</var>
<arg>${text}</arg>
<arg>0</arg>
<arg>-1</arg>
<doc>Returns a substring from ``start`` index to ``end`` index.</doc>
<status status="NOT RUN" starttime="20230211 18:15:35.519" endtime="20230211 18:15:35.520"/>
</kw>
[...]
<doc>Adds the given ``key_value_pairs`` and ``items`` to the ``dictionary``.</doc>
<status status="NOT RUN" starttime="20230211 18:15:35.654" endtime="20230211 18:15:35.655"/>
</kw>
<kw name="Create List" library="BuiltIn">
<var>${list_ingredients}</var>
<doc>Returns a list containing given items.</doc>
<status status="NOT RUN" starttime="20230211 18:15:35.655" endtime="20230211 18:15:35.655"/>
</kw>
<kw name="Log" library="BuiltIn">
<arg>${dict_ingredients}</arg>
<doc>Logs the given message with the given level.</doc>
<status status="NOT RUN" starttime="20230211 18:15:35.655" endtime="20230211 18:15:35.655"/>
</kw>
<status status="NOT RUN" starttime="20230211 18:15:35.654" endtime="20230211 18:15:35.655"/>
</branch>
<branch type="ELSE IF" condition="${len_ing_w_units}!= ${0}">
<kw name="Get Ingredient With Units">
<var>${dict_ing}</var>
<arg>${text}</arg>
<kw name="Get Regexp Matches" library="String">
<var>${quantity_w_units}</var>
<arg>${text}</arg>
<arg>[0-9]{1,4}g</arg>
<doc>Returns a list of all non-overlapping matches in the given string.</doc>
<msg timestamp="20230211 18:15:35.657" level="INFO">${quantity_w_units} = ['70g']</msg>
<status status="PASS" starttime="20230211 18:15:35.657" endtime="20230211 18:15:35.657"/>
</kw>
<kw name="Get Substring" library="String">
<var>${quantity}</var>
<arg>${quantity_w_units}[0]</arg>
<arg>0</arg>
<arg>-1</arg>
<doc>Returns a substring from ``start`` index to ``end`` index.</doc>
<msg timestamp="20230211 18:15:35.658" level="INFO">${quantity} = 70</msg>
<status status="PASS" starttime="20230211 18:15:35.657" endtime="20230211 18:15:35.658"/>
</kw>
<kw name="Get Substring" library="String">
<var>${units}</var>
<arg>${quantity_w_units}[0]</arg>
<arg>-1</arg>
<doc>Returns a substring from ``start`` index to ``end`` index.</doc>
<msg timestamp="20230211 18:15:35.658" level="INFO">${units} = g</msg>
<status status="PASS" starttime="20230211 18:15:35.658" endtime="20230211 18:15:35.659"/>
</kw>
<kw name="Remove String Using Regexp" library="String">
<var>${item_wo_oz}</var>
<arg>${text}</arg>
<arg>[(]([0-9]{1,4}[.][0-9]{1,4}oz)|([0-9]{1,4}oz)[)]</arg>
<doc>Removes ``patterns`` from the given ``string``.</doc>
<msg timestamp="20230211 18:15:35.659" level="INFO">${item_wo_oz} = 70g ) seeds. I used a mix of white and black sesame seeds</msg>
<status status="PASS" starttime="20230211 18:15:35.659" endtime="20230211 18:15:35.659"/>
</kw>
<kw name="Remove String Using Regexp" library="String">
<var>${item}</var>
<arg>${item_wo_oz}</arg>
<arg>[0-9]{1,4}g</arg>
<doc>Removes ``patterns`` from the given ``string``.</doc>
<msg timestamp="20230211 18:15:35.660" level="INFO">${item} =  ) seeds. I used a mix of white and black sesame seeds</msg>
<status status="PASS" starttime="20230211 18:15:35.659" endtime="20230211 18:15:35.660"/>
</kw>
<kw name="Get Substring" library="String">
<var>${item}</var>
<arg>${item}</arg>
<arg>2</arg>
<doc>Returns a substring from ``start`` index to ``end`` index.</doc>
<msg timestamp="20230211 18:15:35.661" level="INFO">${item} =  seeds. I used a mix of white and black sesame seeds</msg>
<status status="PASS" starttime="20230211 18:15:35.660" endtime="20230211 18:15:35.661"/>
</kw>
<kw name="Create Dictionary" library="BuiltIn">
<var>${dict_ing}</var>
<arg>item=${item}</arg>
<arg>quantity=${quantity}</arg>
<arg>units=${units}</arg>
<doc>Creates and returns a dictionary based on the given ``items``.</doc>
<msg timestamp="20230211 18:15:35.662" level="INFO">${dict_ing} = {'item': ' seeds. I used a mix of white and black sesame seeds', 'quantity': '70', 'units': 'g'}</msg>
<status status="PASS" starttime="20230211 18:15:35.661" endtime="20230211 18:15:35.662"/>
</kw>
<return>
<value>${dict_ing}</value>
<status status="PASS" starttime="20230211 18:15:35.662" endtime="20230211 18:15:35.662"/>
</return>
<msg timestamp="20230211 18:15:35.662" level="INFO">${dict_ing} = {'item': ' seeds. I used a mix of white and black sesame seeds', 'quantity': '70', 'units': 'g'}</msg>
<status status="PASS" starttime="20230211 18:15:35.656" endtime="20230211 18:15:35.662"/>
</kw>
<kw name="Append To List" library="Collections">
<arg>${list_ingredients}</arg>
<arg>${dict_ing}</arg>
<doc>Adds ``values`` to the end of ``list``.</doc>
<status status="PASS" starttime="20230211 18:15:35.663" endtime="20230211 18:15:35.663"/>
</kw>
<status status="PASS" starttime="20230211 18:15:35.655" endtime="20230211 18:15:35.663"/>
</branch>
<branch type="ELSE IF" condition="${len_ing_wo_units}!=${0}">
<kw name="Get Ingredient Without Units">
<var>${dict_ing}</var>
<arg>${text}</arg>
<status status="NOT RUN" starttime="20230211 18:15:35.663" endtime="20230211 18:15:35.663"/>
</kw>
<kw name="Append To List" library="Collections">
<arg>${list_ingredients}</arg>
<arg>${dict_ing}</arg>
<doc>Adds ``values`` to the end of ``list``.</doc>
<status status="NOT RUN" starttime="20230211 18:15:35.664" endtime="20230211 18:15:35.664"/>
</kw>
<status status="NOT RUN" starttime="20230211 18:15:35.663" endtime="20230211 18:15:35.664"/>
</branch>
<branch type="ELSE">
<kw name="Log" library="BuiltIn">
<arg>rest of text</arg>
<doc>Logs the given message with the given level.</doc>
<status status="NOT RUN" starttime="20230211 18:15:35.664" endtime="20230211 18:15:35.664"/>
</kw>
<status status="NOT RUN" starttime="20230211 18:15:35.664" endtime="20230211 18:15:35.665"/>
</branch>
<status status="PASS" starttime="20230211 18:15:35.653" endtime="20230211 18:15:35.665"/>
</if>
<status status="PASS" starttime="20230211 18:15:35.620" endtime="20230211 18:15:35.665"/>
</iter>
<iter>
<var name="${ingredient}">element=5ef32118-fe75-48aa-b457-287b87a6053f</var>
<kw name="Get Text" library="Browser">
<var>${text}</var>
<arg>${ingredient}</arg>
<tag>Assertion</tag>
<tag>Getter</tag>
<tag>PageContent</tag>
<doc>Returns text attribute of the element found by ``selector``.</doc>
<msg timestamp="20230211 18:15:35.692" level="INFO">${text} = 30g (1oz) olive oil</msg>
<status status="PASS" starttime="20230211 18:15:35.665" endtime="20230211 18:15:35.692"/>
</kw>
<kw name="Get Length" library="BuiltIn">
<var>${len_text}</var>
<arg>${text}</arg>
<doc>Returns and logs the length of the given item as an integer.</doc>
<msg timestamp="20230211 18:15:35.693" level="INFO">Length is 19</msg>
<msg timestamp="20230211 18:15:35.693" level="INFO">${len_text} = 19</msg>
<status status="PASS" starttime="20230211 18:15:35.692" endtime="20230211 18:15:35.693"/>
</kw>
<kw name="Get Regexp Matches" library="String">
<var>${ing_w_units}</var>
<arg>${text}</arg>
<arg>[0-9]{1,4}g</arg>
<doc>Returns a list of all non-overlapping matches in the given string.</doc>
<msg timestamp="20230211 18:15:35.693" level="INFO">${ing_w_units} = ['30g']</msg>
<status status="PASS" starttime="20230211 18:15:35.693" endtime="20230211 18:15:35.693"/>
</kw>
<kw name="Get Length" library="BuiltIn">
<var>${len_ing_w_units}</var>
<arg>${ing_w_units}</arg>
<doc>Returns and logs the length of the given item as an integer.</doc>
<msg timestamp="20230211 18:15:35.694" level="INFO">Length is 1</msg>
<msg timestamp="20230211 18:15:35.694" level="INFO">${len_ing_w_units} = 1</msg>
<status status="PASS" starttime="20230211 18:15:35.694" endtime="20230211 18:15:35.694"/>
</kw>
<kw name="Get Regexp Matches" library="String">
<var>${ing_wo_units}</var>
<arg>${text}</arg>
<arg>[0-9]{1,4}</arg>
<doc>Returns a list of all non-overlapping matches in the given string.</doc>
<msg timestamp="20230211 18:15:35.695" level="INFO">${ing_wo_units} = ['30', '1']</msg>
<status status="PASS" starttime="20230211 18:15:35.694" endtime="20230211 18:15:35.695"/>
</kw>
<kw name="Get Length" library="BuiltIn">
<var>${len_ing_wo_units}</var>
<arg>${ing_wo_units}</arg>
<doc>Returns and logs the length of the given item as an integer.</doc>
<msg timestamp="20230211 18:15:35.695" level="INFO">Length is 2</msg>
<msg timestamp="20230211 18:15:35.696" level="INFO">${len_ing_wo_units} = 2</msg>
<status status="PASS" starttime="20230211 18:15:35.695" endtime="20230211 18:15:35.696"/>
</kw>
<kw name="Get Substring" library="String">
<var>${process_3}</var>
<arg>${text}</arg>
<arg>0</arg>
<arg>3</arg>
<doc>Returns a substring from ``start`` index to ``end`` index.</doc>
<msg timestamp="20230211 18:15:35.696" level="INFO">${process_3} = 30g</msg>
<status status="PASS" starttime="20230211 18:15:35.696" endtime="20230211 18:15:35.696"/>
</kw>
<if>
<branch type="IF" condition="$process_3 == &quot;For&quot;">
<kw name="Get Substring" library="String">
<var>${process}</var>
<arg>${text}</arg>
<arg>0</arg>
<arg>-1</arg>
<doc>Returns a substring from ``start`` index to ``end`` index.</doc>
<status status="NOT RUN" starttime="20230211 18:15:35.697" endtime="20230211 18:15:35.697"/>
</kw>
<status status="NOT RUN" starttime="20230211 18:15:35.697" endtime="20230211 18:15:35.697"/>
</branch>
<branch type="ELSE IF" condition="${len_text}==${1}">
<kw name="Set To Dictionary" library="Collections">
<arg>${dict_ingredients}</arg>
<arg>${process}=${list_ingredients}</arg>
<doc>Adds the given ``key_value_pairs`` and ``items`` to the ``dictionary``.</doc>
<status status="NOT RUN" starttime="20230211 18:15:35.698" endtime="20230211 18:15:35.699"/>
</kw>
<kw name="Create List" library="BuiltIn">
<var>${list_ingredients}</var>
<doc>Returns a list containing given items.</doc>
<status status="NOT RUN" starttime="20230211 18:15:35.699" endtime="20230211 18:15:35.699"/>
</kw>
<kw name="Log" library="BuiltIn">
<arg>${dict_ingredients}</arg>
<doc>Logs the given message with the given level.</doc>
<status status="NOT RUN" starttime="20230211 18:15:35.699" endtime="20230211 18:15:35.700"/>
</kw>
<status status="NOT RUN" starttime="20230211 18:15:35.697" endtime="20230211 18:15:35.700"/>
</branch>
<branch type="ELSE IF" condition="${len_ing_w_units}!= ${0}">
<kw name="Get Ingredient With Units">
<var>${dict_ing}</var>
<arg>${text}</arg>
<kw name="Get Regexp Matches" library="String">
<var>${quantity_w_units}</var>
<arg>${text}</arg>
<arg>[0-9]{1,4}g</arg>
<doc>Returns a list of all non-overlapping matches in the given string.</doc>
<msg timestamp="20230211 18:15:35.702" level="INFO">${quantity_w_units} = ['30g']</msg>
<status status="PASS" starttime="20230211 18:15:35.702" endtime="20230211 18:15:35.702"/>
</kw>
<kw name="Get Substring" library="String">
<var>${quantity}</var>
<arg>${quantity_w_units}[0]</arg>
<arg>0</arg>
<arg>-1</arg>
<doc>Returns a substring from ``start`` index to ``end`` index.</doc>
<msg timestamp="20230211 18:15:35.703" level="INFO">${quantity} = 30</msg>
<status status="PASS" starttime="20230211 18:15:35.702" endtime="20230211 18:15:35.703"/>
</kw>
<kw name="Get Substring" library="String">
<var>${units}</var>
<arg>${quantity_w_units}[0]</arg>
<arg>-1</arg>
<doc>Returns a substring from ``start`` index to ``end`` index.</doc>
<msg timestamp="20230211 18:15:35.704" level="INFO">${units} = g</msg>
<status status="PASS" starttime="20230211 18:15:35.703" endtime="20230211 18:15:35.704"/>
</kw>
<kw name="Remove String Using Regexp" library="String">
<var>${item_wo_oz}</var>
<arg>${text}</arg>
<arg>[(]([0-9]{1,4}[.][0-9]{1,4}oz)|([0-9]{1,4}oz)[)]</arg>
<doc>Removes ``patterns`` from the given ``string``.</doc>
<msg timestamp="20230211 18:15:35.704" level="INFO">${item_wo_oz} = 30g ( olive oil</msg>
<status status="PASS" starttime="20230211 18:15:35.704" endtime="20230211 18:15:35.704"/>
</kw>
<kw name="Remove String Using Regexp" library="String">
<var>${item}</var>
<arg>${item_wo_oz}</arg>
<arg>[0-9]{1,4}g</arg>
<doc>Removes ``patterns`` from the given ``string``.</doc>
<msg timestamp="20230211 18:15:35.705" level="INFO">${item} =  ( olive oil</msg>
<status status="PASS" starttime="20230211 18:15:35.705" endtime="20230211 18:15:35.705"/>
</kw>
<kw name="Get Substring" library="String">
<var>${item}</var>
<arg>${item}</arg>
<arg>2</arg>
<doc>Returns a substring from ``start`` index to ``end`` index.</doc>
<msg timestamp="20230211 18:15:35.706" level="INFO">${item} =  olive oil</msg>
<status status="PASS" starttime="20230211 18:15:35.705" endtime="20230211 18:15:35.706"/>
</kw>
<kw name="Create Dictionary" library="BuiltIn">
<var>${dict_ing}</var>
<arg>item=${item}</arg>
<arg>quantity=${quantity}</arg>
<arg>units=${units}</arg>
<doc>Creates and returns a dictionary based on the given ``items``.</doc>
<msg timestamp="20230211 18:15:35.707" level="INFO">${dict_ing} = {'item': ' olive oil', 'quantity': '30', 'units': 'g'}</msg>
<status status="PASS" starttime="20230211 18:15:35.706" endtime="20230211 18:15:35.707"/>
</kw>
<return>
<value>${dict_ing}</value>
<status status="PASS" starttime="20230211 18:15:35.707" endtime="20230211 18:15:35.707"/>
</return>
<msg timestamp="20230211 18:15:35.708" level="INFO">${dict_ing} = {'item': ' olive oil', 'quantity': '30', 'units': 'g'}</msg>
<status status="PASS" starttime="20230211 18:15:35.701" endtime="20230211 18:15:35.708"/>
</kw>
<kw name="Append To List" library="Collections">
<arg>${list_ingredients}</arg>
<arg>${dict_ing}</arg>
<doc>Adds ``values`` to the end of ``list``.</doc>
<status status="PASS" starttime="20230211 18:15:35.708" endtime="20230211 18:15:35.708"/>
</kw>
<status status="PASS" starttime="20230211 18:15:35.700" endtime="20230211 18:15:35.708"/>
</branch>
<branch type="ELSE IF" condition="${len_ing_wo_units}!=${0}">
<kw name="Get Ingredient Without Units">
<var>${dict_ing}</var>
<arg>${text}</arg>
<status status="NOT RUN" starttime="20230211 18:15:35.709" endtime="20230211 18:15:35.709"/>
</kw>
<kw name="Append To List" library="Collections">
<arg>${list_ingredients}</arg>
<arg>${dict_ing}</arg>
<doc>Adds ``values`` to the end of ``list``.</doc>
<status status="NOT RUN" starttime="20230211 18:15:35.709" endtime="20230211 18:15:35.709"/>
</kw>
<status status="NOT RUN" starttime="20230211 18:15:35.709" endtime="20230211 18:15:35.709"/>
</branch>
<branch type="ELSE">
<kw name="Log" library="BuiltIn">
<arg>rest of text</arg>
<doc>Logs the given message with the given level.</doc>
<status status="NOT RUN" starttime="20230211 18:15:35.710" endtime="20230211 18:15:35.710"/>
</kw>
<status status="NOT RUN" starttime="20230211 18:15:35.710" endtime="20230211 18:15:35.710"/>
</branch>
<status status="PASS" starttime="20230211 18:15:35.696" endtime="20230211 18:15:35.710"/>
</if>
<status status="PASS" starttime="20230211 18:15:35.665" endtime="20230211 18:15:35.710"/>
</iter>
<status status="PASS" starttime="20230211 18:15:35.174" endtime="20230211 18:15:35.711"/>
</for>
<kw name="Get Dictionary Keys" library="Collections">
<var>${dict_keys}</var>
<arg>${dict_ingredients}</arg>
<doc>Returns keys of the given ``dictionary`` as a list.</doc>
<msg timestamp="20230211 18:15:35.711" level="INFO">${dict_keys} = ['For the dough ']</msg>
<status status="PASS" starttime="20230211 18:15:35.711" endtime="20230211 18:15:35.711"/>
</kw>
<kw name="Get Index From List" library="Collections">
<var>${index_key}</var>
<arg>${dict_keys}</arg>
<arg>${process}</arg>
<doc>Returns the index of the first occurrence of the ``value`` on the list.</doc>
<msg timestamp="20230211 18:15:35.712" level="INFO">${index_key} = 0</msg>
<status status="PASS" starttime="20230211 18:15:35.712" endtime="20230211 18:15:35.712"/>
</kw>
<if>
<branch type="IF" condition="&quot;${index_key}&quot; != &quot;${-1}&quot;">
<kw name="Log" library="BuiltIn">
<arg>${dict_ingredients}[${process}]</arg>
<doc>Logs the given message with the given level.</doc>
<msg timestamp="20230211 18:15:35.714" level="INFO">[{'item': ' wholegrain spelt flour', 'quantity': '300', 'units': 'g'}, {'item': ' salt', 'quantity': '6', 'units': 'g'}, {'item': ' instant dry yeast or 3. ) active dry yeast or  ) fresh yeast', 'quantity': '3', 'units': 'g'}, {'item': ' cold water*', 'quantity': '270', 'units': 'g'}, {'item': 'My kitchen was very hot when I made this bread. If you home is around C – C (F – F) you should use room temperature water.', 'quantity': '22267179'}]</msg>
<status status="PASS" starttime="20230211 18:15:35.713" endtime="20230211 18:15:35.714"/>
</kw>
<kw name="Append To List" library="Collections">
<arg>${dict_ingredients}[${process}]</arg>
<arg>${list_ingredients}</arg>
<doc>Adds ``values`` to the end of ``list``.</doc>
<status status="PASS" starttime="20230211 18:15:35.714" endtime="20230211 18:15:35.714"/>
</kw>
<kw name="Log" library="BuiltIn">
<arg>${dict_ingredients}</arg>
<doc>Logs the given message with the given level.</doc>
<msg timestamp="20230211 18:15:35.715" level="INFO">{'For the dough ': [{'item': ' wholegrain spelt flour', 'quantity': '300', 'units': 'g'}, {'item': ' salt', 'quantity': '6', 'units': 'g'}, {'item': ' instant dry yeast or 3. ) active dry yeast or  ) fresh yeast', 'quantity': '3', 'units': 'g'}, {'item': ' cold water*', 'quantity': '270', 'units': 'g'}, {'item': 'My kitchen was very hot when I made this bread. If you home is around C – C (F – F) you should use room temperature water.', 'quantity': '22267179'}, [{'item': ' seeds. I used a mix of white and black sesame seeds', 'quantity': '70', 'units': 'g'}, {'item': ' olive oil', 'quantity': '30', 'units': 'g'}]]}</msg>
<status status="PASS" starttime="20230211 18:15:35.715" endtime="20230211 18:15:35.715"/>
</kw>
<status status="PASS" starttime="20230211 18:15:35.712" endtime="20230211 18:15:35.715"/>
</branch>
<branch type="ELSE">
<kw name="Log" library="BuiltIn">
<arg>${process}</arg>
<doc>Logs the given message with the given level.</doc>
<status status="NOT RUN" starttime="20230211 18:15:35.716" endtime="20230211 18:15:35.716"/>
</kw>
<kw name="Set To Dictionary" library="Collections">
<arg>${dict_ingredients}</arg>
<arg>${process}=${list_ingredients}</arg>
<doc>Adds the given ``key_value_pairs`` and ``items`` to the ``dictionary``.</doc>
<status status="NOT RUN" starttime="20230211 18:15:35.716" endtime="20230211 18:15:35.716"/>
</kw>
<status status="NOT RUN" starttime="20230211 18:15:35.715" endtime="20230211 18:15:35.716"/>
</branch>
<status status="PASS" starttime="20230211 18:15:35.712" endtime="20230211 18:15:35.716"/>
</if>
<kw name="Dump Json To File" library="JSONLibrary">
<arg>ingredients.json</arg>
<arg>${dict_ingredients}</arg>
<doc>Dump JSON to file</doc>
<status status="PASS" starttime="20230211 18:15:35.717" endtime="20230211 18:15:35.717"/>
</kw>
<kw name="Log" library="BuiltIn">
<arg>${dict_ingredients}</arg>
<doc>Logs the given message with the given level.</doc>
<msg timestamp="20230211 18:15:35.718" level="INFO">{'For the dough ': [{'item': ' wholegrain spelt flour', 'quantity': '300', 'units': 'g'}, {'item': ' salt', 'quantity': '6', 'units': 'g'}, {'item': ' instant dry yeast or 3. ) active dry yeast or  ) fresh yeast', 'quantity': '3', 'units': 'g'}, {'item': ' cold water*', 'quantity': '270', 'units': 'g'}, {'item': 'My kitchen was very hot when I made this bread. If you home is around C – C (F – F) you should use room temperature water.', 'quantity': '22267179'}, [{'item': ' seeds. I used a mix of white and black sesame seeds', 'quantity': '70', 'units': 'g'}, {'item': ' olive oil', 'quantity': '30', 'units': 'g'}]]}</msg>
<status status="PASS" starttime="20230211 18:15:35.718" endtime="20230211 18:15:35.718"/>
</kw>
<status status="PASS" starttime="20230211 18:15:35.144" endtime="20230211 18:15:35.718"/>
</kw>
<status status="PASS" starttime="20230211 18:15:20.754" endtime="20230211 18:15:35.719"/>
</branch>
<status status="PASS" starttime="20230211 18:15:20.734" endtime="20230211 18:15:35.719"/>
</if>
<status status="PASS" starttime="20230211 18:15:20.543" endtime="20230211 18:15:35.719"/>
</kw>
<status status="PASS" starttime="20230211 18:14:27.412" endtime="20230211 18:15:35.720"/>
</test>
<status status="PASS" starttime="20230211 18:14:26.031" endtime="20230211 18:15:36.516"/>
</suite>
<statistics>
<total>
<stat pass="1" fail="0" skip="0">All Tasks</stat>
</total>
<tag>
</tag>
<suite>
<stat pass="1" fail="0" skip="0" id="s1" name="FindRecipe">FindRecipe</stat>
</suite>
</statistics>
<errors>
</errors>
</robot>
